[0.013s] Invoking command in '/home/user/ros2_ws/src/build/impedance_controller': CMAKE_PREFIX_PATH=${CMAKE_PREFIX_PATH}:/opt/ros/humble /usr/bin/cmake /home/user/ros2_ws/src/ros2_iiwa/iiwa_controllers/impedance_controller -DCMAKE_INSTALL_PREFIX=/home/user/ros2_ws/src/install/impedance_controller
[0.050s] -- The C compiler identification is GNU 11.4.0
[0.087s] -- The CXX compiler identification is GNU 11.4.0
[0.092s] -- Detecting C compiler ABI info
[0.140s] -- Detecting C compiler ABI info - done
[0.145s] -- Check for working C compiler: /usr/bin/cc - skipped
[0.145s] -- Detecting C compile features
[0.145s] -- Detecting C compile features - done
[0.147s] -- Detecting CXX compiler ABI info
[0.202s] -- Detecting CXX compiler ABI info - done
[0.207s] -- Check for working CXX compiler: /usr/bin/c++ - skipped
[0.207s] -- Detecting CXX compile features
[0.208s] -- Detecting CXX compile features - done
[0.212s] -- Found ament_cmake: 1.3.12 (/opt/ros/humble/share/ament_cmake/cmake)
[0.317s] -- Found Python3: /usr/bin/python3 (found version "3.10.12") found components: Interpreter 
[0.419s] -- Found controller_interface: 2.53.0 (/opt/ros/humble/share/controller_interface/cmake)
[0.479s] -- Found rosidl_generator_c: 3.1.8 (/opt/ros/humble/share/rosidl_generator_c/cmake)
[0.487s] -- Found rosidl_adapter: 3.1.8 (/opt/ros/humble/share/rosidl_adapter/cmake)
[0.496s] -- Found rosidl_generator_cpp: 3.1.8 (/opt/ros/humble/share/rosidl_generator_cpp/cmake)
[0.510s] -- Using all available rosidl_typesupport_c: rosidl_typesupport_fastrtps_c;rosidl_typesupport_introspection_c
[0.528s] -- Using all available rosidl_typesupport_cpp: rosidl_typesupport_fastrtps_cpp;rosidl_typesupport_introspection_cpp
[1.045s] -- Found rmw_implementation_cmake: 6.1.2 (/opt/ros/humble/share/rmw_implementation_cmake/cmake)
[1.057s] -- Found rmw_fastrtps_cpp: 6.2.9 (/opt/ros/humble/share/rmw_fastrtps_cpp/cmake)
[1.144s] -- Found TinyXML2 via Config file: TinyXML2_DIR-NOTFOUND
[1.302s] -- Found OpenSSL: /usr/lib/x86_64-linux-gnu/libcrypto.so (found version "3.0.2")  
[1.309s] -- Found TinyXML2 via Config file: TinyXML2_DIR-NOTFOUND
[1.370s] -- Found FastRTPS: /opt/ros/humble/include  
[1.380s] -- Found TinyXML2 via Config file: TinyXML2_DIR-NOTFOUND
[1.417s] -- Found TinyXML2 via Config file: TinyXML2_DIR-NOTFOUND
[1.457s] -- Using RMW implementation 'rmw_fastrtps_cpp' as default
[1.488s] -- Looking for pthread.h
[1.618s] -- Looking for pthread.h - found
[1.619s] -- Performing Test CMAKE_HAVE_LIBC_PTHREAD
[1.727s] -- Performing Test CMAKE_HAVE_LIBC_PTHREAD - Success
[1.730s] -- Found Threads: TRUE  
[1.835s] -- Found realtime_tools: 2.15.0 (/opt/ros/humble/share/realtime_tools/cmake)
[1.871s] -- Found ament_cmake_gtest: 1.3.12 (/opt/ros/humble/share/ament_cmake_gtest/cmake)
[1.880s] -- Found ament_lint_auto: 0.12.14 (/opt/ros/humble/share/ament_lint_auto/cmake)
[1.939s] -- Configuring done
[1.955s] -- Generating done
[1.961s] -- Build files have been written to: /home/user/ros2_ws/src/build/impedance_controller
[1.981s] Invoked command in '/home/user/ros2_ws/src/build/impedance_controller' returned '0': CMAKE_PREFIX_PATH=${CMAKE_PREFIX_PATH}:/opt/ros/humble /usr/bin/cmake /home/user/ros2_ws/src/ros2_iiwa/iiwa_controllers/impedance_controller -DCMAKE_INSTALL_PREFIX=/home/user/ros2_ws/src/install/impedance_controller
[1.982s] Invoking command in '/home/user/ros2_ws/src/build/impedance_controller': CMAKE_PREFIX_PATH=${CMAKE_PREFIX_PATH}:/opt/ros/humble /usr/bin/cmake --build /home/user/ros2_ws/src/build/impedance_controller -- -j22 -l22
[2.031s] [ 50%] [32mBuilding CXX object CMakeFiles/impedance_controller.dir/src/impedance_controller.cpp.o[0m
[3.984s] In file included from [01m[K/home/user/ros2_ws/src/ros2_iiwa/iiwa_controllers/impedance_controller/include/impedance_controller/impedance_controller.hpp:27[m[K,
[3.984s]                  from [01m[K/home/user/ros2_ws/src/ros2_iiwa/iiwa_controllers/impedance_controller/src/impedance_controller.cpp:15[m[K:
[3.984s] [01m[K/opt/ros/humble/include/realtime_tools/realtime_tools/realtime_buffer.h:22:100:[m[K [01;36m[Knote: [m[K‘[01m[K#pragma message: This header include is deprecated. Please update your code to use 'realtime_buffer.hpp' header.[m[K’
[3.984s]    22 |   "This header include is deprecated. Please update your code to use 'realtime_buffer.hpp' header."[01;36m[K)[m[K  //NOLINT
[3.984s]       |                                                                                                    [01;36m[K^[m[K
[12.273s] [100%] [32m[1mLinking CXX shared library libimpedance_controller.so[0m
[13.178s] [100%] Built target impedance_controller
[13.202s] Invoked command in '/home/user/ros2_ws/src/build/impedance_controller' returned '0': CMAKE_PREFIX_PATH=${CMAKE_PREFIX_PATH}:/opt/ros/humble /usr/bin/cmake --build /home/user/ros2_ws/src/build/impedance_controller -- -j22 -l22
[13.206s] Invoking command in '/home/user/ros2_ws/src/build/impedance_controller': CMAKE_PREFIX_PATH=${CMAKE_PREFIX_PATH}:/opt/ros/humble /usr/bin/cmake --install /home/user/ros2_ws/src/build/impedance_controller
[13.219s] -- Install configuration: ""
[13.219s] -- Installing: /home/user/ros2_ws/src/install/impedance_controller/share/impedance_controller/impedance_plugin.xml
[13.219s] -- Installing: /home/user/ros2_ws/src/install/impedance_controller/include
[13.220s] -- Installing: /home/user/ros2_ws/src/install/impedance_controller/include/impedance_controller
[13.220s] -- Installing: /home/user/ros2_ws/src/install/impedance_controller/include/impedance_controller/visibility_control.h
[13.220s] -- Installing: /home/user/ros2_ws/src/install/impedance_controller/include/impedance_controller/impedance_controller.hpp
[13.220s] -- Installing: /home/user/ros2_ws/src/install/impedance_controller/lib/libimpedance_controller.so
[13.229s] -- Set runtime path of "/home/user/ros2_ws/src/install/impedance_controller/lib/libimpedance_controller.so" to ""
[13.229s] -- Installing: /home/user/ros2_ws/src/install/impedance_controller/share/impedance_controller/environment/library_path.sh
[13.230s] -- Installing: /home/user/ros2_ws/src/install/impedance_controller/share/impedance_controller/environment/library_path.dsv
[13.230s] -- Installing: /home/user/ros2_ws/src/install/impedance_controller/share/ament_index/resource_index/package_run_dependencies/impedance_controller
[13.230s] -- Installing: /home/user/ros2_ws/src/install/impedance_controller/share/ament_index/resource_index/parent_prefix_path/impedance_controller
[13.230s] -- Installing: /home/user/ros2_ws/src/install/impedance_controller/share/impedance_controller/environment/ament_prefix_path.sh
[13.231s] -- Installing: /home/user/ros2_ws/src/install/impedance_controller/share/impedance_controller/environment/ament_prefix_path.dsv
[13.231s] -- Installing: /home/user/ros2_ws/src/install/impedance_controller/share/impedance_controller/environment/path.sh
[13.231s] -- Installing: /home/user/ros2_ws/src/install/impedance_controller/share/impedance_controller/environment/path.dsv
[13.231s] -- Installing: /home/user/ros2_ws/src/install/impedance_controller/share/impedance_controller/local_setup.bash
[13.231s] -- Installing: /home/user/ros2_ws/src/install/impedance_controller/share/impedance_controller/local_setup.sh
[13.232s] -- Installing: /home/user/ros2_ws/src/install/impedance_controller/share/impedance_controller/local_setup.zsh
[13.232s] -- Installing: /home/user/ros2_ws/src/install/impedance_controller/share/impedance_controller/local_setup.dsv
[13.232s] -- Installing: /home/user/ros2_ws/src/install/impedance_controller/share/impedance_controller/package.dsv
[13.232s] -- Installing: /home/user/ros2_ws/src/install/impedance_controller/share/ament_index/resource_index/packages/impedance_controller
[13.233s] -- Installing: /home/user/ros2_ws/src/install/impedance_controller/share/ament_index/resource_index/controller_interface__pluginlib__plugin/impedance_controller
[13.233s] -- Installing: /home/user/ros2_ws/src/install/impedance_controller/share/impedance_controller/cmake/ament_cmake_export_dependencies-extras.cmake
[13.233s] -- Installing: /home/user/ros2_ws/src/install/impedance_controller/share/impedance_controller/cmake/ament_cmake_export_include_directories-extras.cmake
[13.233s] -- Installing: /home/user/ros2_ws/src/install/impedance_controller/share/impedance_controller/cmake/ament_cmake_export_libraries-extras.cmake
[13.233s] -- Installing: /home/user/ros2_ws/src/install/impedance_controller/share/impedance_controller/cmake/impedance_controllerConfig.cmake
[13.233s] -- Installing: /home/user/ros2_ws/src/install/impedance_controller/share/impedance_controller/cmake/impedance_controllerConfig-version.cmake
[13.234s] -- Installing: /home/user/ros2_ws/src/install/impedance_controller/share/impedance_controller/package.xml
[13.238s] Invoked command in '/home/user/ros2_ws/src/build/impedance_controller' returned '0': CMAKE_PREFIX_PATH=${CMAKE_PREFIX_PATH}:/opt/ros/humble /usr/bin/cmake --install /home/user/ros2_ws/src/build/impedance_controller
