[0.014s] Invoking command in '/home/user/ros2_ws/src/build/external_torque_sensor_broadcaster': CMAKE_PREFIX_PATH=${CMAKE_PREFIX_PATH}:/opt/ros/humble /usr/bin/cmake /home/user/ros2_ws/src/ros2_iiwa/iiwa_controllers/external_torque_sensor_broadcaster -DCMAKE_INSTALL_PREFIX=/home/user/ros2_ws/src/install/external_torque_sensor_broadcaster
[0.061s] -- The C compiler identification is GNU 11.4.0
[0.114s] -- The CXX compiler identification is GNU 11.4.0
[0.120s] -- Detecting C compiler ABI info
[0.176s] -- Detecting C compiler ABI info - done
[0.184s] -- Check for working C compiler: /usr/bin/cc - skipped
[0.184s] -- Detecting C compile features
[0.184s] -- Detecting C compile features - done
[0.187s] -- Detecting CXX compiler ABI info
[0.247s] -- Detecting CXX compiler ABI info - done
[0.252s] -- Check for working CXX compiler: /usr/bin/c++ - skipped
[0.253s] -- Detecting CXX compile features
[0.253s] -- Detecting CXX compile features - done
[0.257s] -- Found ament_cmake: 1.3.12 (/opt/ros/humble/share/ament_cmake/cmake)
[0.373s] -- Found Python3: /usr/bin/python3 (found version "3.10.12") found components: Interpreter 
[0.464s] -- Found controller_interface: 2.53.0 (/opt/ros/humble/share/controller_interface/cmake)
[0.529s] -- Found rosidl_generator_c: 3.1.8 (/opt/ros/humble/share/rosidl_generator_c/cmake)
[0.540s] -- Found rosidl_adapter: 3.1.8 (/opt/ros/humble/share/rosidl_adapter/cmake)
[0.550s] -- Found rosidl_generator_cpp: 3.1.8 (/opt/ros/humble/share/rosidl_generator_cpp/cmake)
[0.562s] -- Using all available rosidl_typesupport_c: rosidl_typesupport_fastrtps_c;rosidl_typesupport_introspection_c
[0.580s] -- Using all available rosidl_typesupport_cpp: rosidl_typesupport_fastrtps_cpp;rosidl_typesupport_introspection_cpp
[1.319s] -- Found rmw_implementation_cmake: 6.1.2 (/opt/ros/humble/share/rmw_implementation_cmake/cmake)
[1.325s] -- Found rmw_fastrtps_cpp: 6.2.9 (/opt/ros/humble/share/rmw_fastrtps_cpp/cmake)
[1.399s] -- Found TinyXML2 via Config file: TinyXML2_DIR-NOTFOUND
[1.564s] -- Found OpenSSL: /usr/lib/x86_64-linux-gnu/libcrypto.so (found version "3.0.2")  
[1.567s] -- Found TinyXML2 via Config file: TinyXML2_DIR-NOTFOUND
[1.593s] -- Found FastRTPS: /opt/ros/humble/include  
[1.599s] -- Found TinyXML2 via Config file: TinyXML2_DIR-NOTFOUND
[1.610s] -- Found TinyXML2 via Config file: TinyXML2_DIR-NOTFOUND
[1.625s] -- Using RMW implementation 'rmw_fastrtps_cpp' as default
[1.662s] -- Looking for pthread.h
[1.792s] -- Looking for pthread.h - found
[1.792s] -- Performing Test CMAKE_HAVE_LIBC_PTHREAD
[1.878s] -- Performing Test CMAKE_HAVE_LIBC_PTHREAD - Success
[1.879s] -- Found Threads: TRUE  
[1.953s] -- Found realtime_tools: 2.15.0 (/opt/ros/humble/share/realtime_tools/cmake)
[1.973s] -- Found ament_cmake_gtest: 1.3.12 (/opt/ros/humble/share/ament_cmake_gtest/cmake)
[1.976s] -- Found ament_lint_auto: 0.12.14 (/opt/ros/humble/share/ament_lint_auto/cmake)
[2.054s] -- Configuring done
[2.067s] -- Generating done
[2.071s] -- Build files have been written to: /home/user/ros2_ws/src/build/external_torque_sensor_broadcaster
[2.078s] Invoked command in '/home/user/ros2_ws/src/build/external_torque_sensor_broadcaster' returned '0': CMAKE_PREFIX_PATH=${CMAKE_PREFIX_PATH}:/opt/ros/humble /usr/bin/cmake /home/user/ros2_ws/src/ros2_iiwa/iiwa_controllers/external_torque_sensor_broadcaster -DCMAKE_INSTALL_PREFIX=/home/user/ros2_ws/src/install/external_torque_sensor_broadcaster
[2.079s] Invoking command in '/home/user/ros2_ws/src/build/external_torque_sensor_broadcaster': CMAKE_PREFIX_PATH=${CMAKE_PREFIX_PATH}:/opt/ros/humble /usr/bin/cmake --build /home/user/ros2_ws/src/build/external_torque_sensor_broadcaster -- -j22 -l22
[2.128s] [ 50%] [32mBuilding CXX object CMakeFiles/external_torque_sensor_broadcaster.dir/src/external_torque_sensor_broadcaster.cpp.o[0m
[4.208s] In file included from [01m[K/home/user/ros2_ws/src/ros2_iiwa/iiwa_controllers/external_torque_sensor_broadcaster/include/external_torque_sensor_broadcaster/external_torque_sensor_broadcaster.hpp:27[m[K,
[4.208s]                  from [01m[K/home/user/ros2_ws/src/ros2_iiwa/iiwa_controllers/external_torque_sensor_broadcaster/src/external_torque_sensor_broadcaster.cpp:15[m[K:
[4.208s] [01m[K/opt/ros/humble/include/realtime_tools/realtime_tools/realtime_publisher.h:22:103:[m[K [01;36m[Knote: [m[K‘[01m[K#pragma message: This header include is deprecated. Please update your code to use 'realtime_publisher.hpp' header.[m[K’
[4.208s]    22 |   "This header include is deprecated. Please update your code to use 'realtime_publisher.hpp' header."[01;36m[K)[m[K  //NOLINT
[4.208s]       |                                                                                                       [01;36m[K^[m[K
[6.004s] [100%] [32m[1mLinking CXX shared library libexternal_torque_sensor_broadcaster.so[0m
[6.175s] [100%] Built target external_torque_sensor_broadcaster
[6.189s] Invoked command in '/home/user/ros2_ws/src/build/external_torque_sensor_broadcaster' returned '0': CMAKE_PREFIX_PATH=${CMAKE_PREFIX_PATH}:/opt/ros/humble /usr/bin/cmake --build /home/user/ros2_ws/src/build/external_torque_sensor_broadcaster -- -j22 -l22
[6.191s] Invoking command in '/home/user/ros2_ws/src/build/external_torque_sensor_broadcaster': CMAKE_PREFIX_PATH=${CMAKE_PREFIX_PATH}:/opt/ros/humble /usr/bin/cmake --install /home/user/ros2_ws/src/build/external_torque_sensor_broadcaster
[6.198s] -- Install configuration: ""
[6.198s] -- Installing: /home/user/ros2_ws/src/install/external_torque_sensor_broadcaster/share/external_torque_sensor_broadcaster/external_torque_sensor_broadcaster.xml
[6.198s] -- Installing: /home/user/ros2_ws/src/install/external_torque_sensor_broadcaster/lib/libexternal_torque_sensor_broadcaster.so
[6.199s] -- Set runtime path of "/home/user/ros2_ws/src/install/external_torque_sensor_broadcaster/lib/libexternal_torque_sensor_broadcaster.so" to ""
[6.199s] -- Installing: /home/user/ros2_ws/src/install/external_torque_sensor_broadcaster/include
[6.199s] -- Installing: /home/user/ros2_ws/src/install/external_torque_sensor_broadcaster/include/external_torque_sensor_broadcaster
[6.200s] -- Installing: /home/user/ros2_ws/src/install/external_torque_sensor_broadcaster/include/external_torque_sensor_broadcaster/external_torque_sensor_broadcaster.hpp
[6.200s] -- Installing: /home/user/ros2_ws/src/install/external_torque_sensor_broadcaster/include/external_torque_sensor_broadcaster/external_torque_sensor.hpp
[6.200s] -- Installing: /home/user/ros2_ws/src/install/external_torque_sensor_broadcaster/include/external_torque_sensor_broadcaster/visibility_control.h
[6.200s] -- Installing: /home/user/ros2_ws/src/install/external_torque_sensor_broadcaster/share/external_torque_sensor_broadcaster/environment/library_path.sh
[6.200s] -- Installing: /home/user/ros2_ws/src/install/external_torque_sensor_broadcaster/share/external_torque_sensor_broadcaster/environment/library_path.dsv
[6.200s] -- Installing: /home/user/ros2_ws/src/install/external_torque_sensor_broadcaster/share/ament_index/resource_index/package_run_dependencies/external_torque_sensor_broadcaster
[6.200s] -- Installing: /home/user/ros2_ws/src/install/external_torque_sensor_broadcaster/share/ament_index/resource_index/parent_prefix_path/external_torque_sensor_broadcaster
[6.200s] -- Installing: /home/user/ros2_ws/src/install/external_torque_sensor_broadcaster/share/external_torque_sensor_broadcaster/environment/ament_prefix_path.sh
[6.200s] -- Installing: /home/user/ros2_ws/src/install/external_torque_sensor_broadcaster/share/external_torque_sensor_broadcaster/environment/ament_prefix_path.dsv
[6.200s] -- Installing: /home/user/ros2_ws/src/install/external_torque_sensor_broadcaster/share/external_torque_sensor_broadcaster/environment/path.sh
[6.200s] -- Installing: /home/user/ros2_ws/src/install/external_torque_sensor_broadcaster/share/external_torque_sensor_broadcaster/environment/path.dsv
[6.200s] -- Installing: /home/user/ros2_ws/src/install/external_torque_sensor_broadcaster/share/external_torque_sensor_broadcaster/local_setup.bash
[6.200s] -- Installing: /home/user/ros2_ws/src/install/external_torque_sensor_broadcaster/share/external_torque_sensor_broadcaster/local_setup.sh
[6.200s] -- Installing: /home/user/ros2_ws/src/install/external_torque_sensor_broadcaster/share/external_torque_sensor_broadcaster/local_setup.zsh
[6.200s] -- Installing: /home/user/ros2_ws/src/install/external_torque_sensor_broadcaster/share/external_torque_sensor_broadcaster/local_setup.dsv
[6.201s] -- Installing: /home/user/ros2_ws/src/install/external_torque_sensor_broadcaster/share/external_torque_sensor_broadcaster/package.dsv
[6.201s] -- Installing: /home/user/ros2_ws/src/install/external_torque_sensor_broadcaster/share/ament_index/resource_index/packages/external_torque_sensor_broadcaster
[6.201s] -- Installing: /home/user/ros2_ws/src/install/external_torque_sensor_broadcaster/share/ament_index/resource_index/controller_interface__pluginlib__plugin/external_torque_sensor_broadcaster
[6.201s] -- Installing: /home/user/ros2_ws/src/install/external_torque_sensor_broadcaster/share/external_torque_sensor_broadcaster/cmake/ament_cmake_export_include_directories-extras.cmake
[6.201s] -- Installing: /home/user/ros2_ws/src/install/external_torque_sensor_broadcaster/share/external_torque_sensor_broadcaster/cmake/ament_cmake_export_libraries-extras.cmake
[6.201s] -- Installing: /home/user/ros2_ws/src/install/external_torque_sensor_broadcaster/share/external_torque_sensor_broadcaster/cmake/ament_cmake_export_dependencies-extras.cmake
[6.201s] -- Installing: /home/user/ros2_ws/src/install/external_torque_sensor_broadcaster/share/external_torque_sensor_broadcaster/cmake/external_torque_sensor_broadcasterConfig.cmake
[6.201s] -- Installing: /home/user/ros2_ws/src/install/external_torque_sensor_broadcaster/share/external_torque_sensor_broadcaster/cmake/external_torque_sensor_broadcasterConfig-version.cmake
[6.201s] -- Installing: /home/user/ros2_ws/src/install/external_torque_sensor_broadcaster/share/external_torque_sensor_broadcaster/package.xml
[6.203s] Invoked command in '/home/user/ros2_ws/src/build/external_torque_sensor_broadcaster' returned '0': CMAKE_PREFIX_PATH=${CMAKE_PREFIX_PATH}:/opt/ros/humble /usr/bin/cmake --install /home/user/ros2_ws/src/build/external_torque_sensor_broadcaster
