[0.018s] Invoking command in '/home/user/ros2_ws/src/build/ros2_kdl_package': CMAKE_PREFIX_PATH=${CMAKE_PREFIX_PATH}:/opt/ros/humble /usr/bin/cmake --build /home/user/ros2_ws/src/build/ros2_kdl_package -- -j22 -l22
[0.068s] [  2%] Built target ros2_kdl_package__cpp
[0.074s] [ 10%] Built target ros2_kdl_package__rosidl_generator_c
[0.094s] [ 10%] Built target ament_cmake_python_copy_ros2_kdl_package
[0.099s] [ 15%] Built target ros2_kdl_node_example
[0.102s] [ 22%] Built target ros2_kdl_package__rosidl_typesupport_cpp
[0.105s] [ 30%] Built target ros2_kdl_package__rosidl_typesupport_introspection_cpp
[0.106s] [ 37%] Built target ros2_kdl_package__rosidl_typesupport_fastrtps_cpp
[0.107s] [ 45%] Built target ros2_kdl_package__rosidl_typesupport_fastrtps_c
[0.110s] [ 52%] Built target ros2_kdl_package__rosidl_typesupport_introspection_c
[0.114s] [ 60%] Built target ros2_kdl_package__rosidl_typesupport_c
[0.130s] [ 60%] Built target ros2_kdl_package
[0.165s] [ 62%] Built target ros2_kdl_package__py
[0.165s] [ 75%] Built target ros2_kdl_node
[0.165s] [ 80%] Built target ros2_kdl_node_client
[0.175s] [ 85%] Built target ros2_kdl_package__rosidl_generator_py
[0.192s] [ 95%] Built target ros2_kdl_package__rosidl_typesupport_fastrtps_c__pyext
[0.192s] [ 95%] Built target ros2_kdl_package__rosidl_typesupport_c__pyext
[0.194s] [100%] Built target ros2_kdl_package__rosidl_typesupport_introspection_c__pyext
[0.265s] running egg_info
[0.266s] writing ros2_kdl_package.egg-info/PKG-INFO
[0.266s] writing dependency_links to ros2_kdl_package.egg-info/dependency_links.txt
[0.266s] writing top-level names to ros2_kdl_package.egg-info/top_level.txt
[0.267s] reading manifest file 'ros2_kdl_package.egg-info/SOURCES.txt'
[0.267s] writing manifest file 'ros2_kdl_package.egg-info/SOURCES.txt'
[0.285s] [100%] Built target ament_cmake_python_build_ros2_kdl_package_egg
[0.293s] Invoked command in '/home/user/ros2_ws/src/build/ros2_kdl_package' returned '0': CMAKE_PREFIX_PATH=${CMAKE_PREFIX_PATH}:/opt/ros/humble /usr/bin/cmake --build /home/user/ros2_ws/src/build/ros2_kdl_package -- -j22 -l22
[0.295s] Invoking command in '/home/user/ros2_ws/src/build/ros2_kdl_package': CMAKE_PREFIX_PATH=${CMAKE_PREFIX_PATH}:/opt/ros/humble /usr/bin/cmake --install /home/user/ros2_ws/src/build/ros2_kdl_package
[0.302s] -- Install configuration: ""
[0.303s] -- Up-to-date: /home/user/ros2_ws/src/install/ros2_kdl_package/share/ament_index/resource_index/rosidl_interfaces/ros2_kdl_package
[0.303s] -- Up-to-date: /home/user/ros2_ws/src/install/ros2_kdl_package/include/ros2_kdl_package/ros2_kdl_package
[0.303s] -- Up-to-date: /home/user/ros2_ws/src/install/ros2_kdl_package/include/ros2_kdl_package/ros2_kdl_package/action
[0.303s] -- Up-to-date: /home/user/ros2_ws/src/install/ros2_kdl_package/include/ros2_kdl_package/ros2_kdl_package/action/execute_trajectory.h
[0.303s] -- Up-to-date: /home/user/ros2_ws/src/install/ros2_kdl_package/include/ros2_kdl_package/ros2_kdl_package/action/detail
[0.303s] -- Up-to-date: /home/user/ros2_ws/src/install/ros2_kdl_package/include/ros2_kdl_package/ros2_kdl_package/action/detail/execute_trajectory__type_support.h
[0.303s] -- Up-to-date: /home/user/ros2_ws/src/install/ros2_kdl_package/include/ros2_kdl_package/ros2_kdl_package/action/detail/execute_trajectory__functions.c
[0.303s] -- Up-to-date: /home/user/ros2_ws/src/install/ros2_kdl_package/include/ros2_kdl_package/ros2_kdl_package/action/detail/execute_trajectory__functions.h
[0.303s] -- Up-to-date: /home/user/ros2_ws/src/install/ros2_kdl_package/include/ros2_kdl_package/ros2_kdl_package/action/detail/execute_trajectory__struct.h
[0.303s] -- Up-to-date: /home/user/ros2_ws/src/install/ros2_kdl_package/include/ros2_kdl_package/ros2_kdl_package/msg
[0.303s] -- Up-to-date: /home/user/ros2_ws/src/install/ros2_kdl_package/include/ros2_kdl_package/ros2_kdl_package/msg/rosidl_generator_c__visibility_control.h
[0.303s] -- Up-to-date: /home/user/ros2_ws/src/install/ros2_kdl_package/share/ros2_kdl_package/environment/library_path.sh
[0.303s] -- Up-to-date: /home/user/ros2_ws/src/install/ros2_kdl_package/share/ros2_kdl_package/environment/library_path.dsv
[0.303s] -- Up-to-date: /home/user/ros2_ws/src/install/ros2_kdl_package/lib/libros2_kdl_package__rosidl_generator_c.so
[0.303s] -- Up-to-date: /home/user/ros2_ws/src/install/ros2_kdl_package/include/ros2_kdl_package/ros2_kdl_package
[0.303s] -- Up-to-date: /home/user/ros2_ws/src/install/ros2_kdl_package/include/ros2_kdl_package/ros2_kdl_package/action
[0.304s] -- Up-to-date: /home/user/ros2_ws/src/install/ros2_kdl_package/include/ros2_kdl_package/ros2_kdl_package/action/detail
[0.304s] -- Up-to-date: /home/user/ros2_ws/src/install/ros2_kdl_package/include/ros2_kdl_package/ros2_kdl_package/action/detail/execute_trajectory__rosidl_typesupport_fastrtps_c.h
[0.304s] -- Up-to-date: /home/user/ros2_ws/src/install/ros2_kdl_package/include/ros2_kdl_package/ros2_kdl_package/msg
[0.304s] -- Up-to-date: /home/user/ros2_ws/src/install/ros2_kdl_package/include/ros2_kdl_package/ros2_kdl_package/msg/rosidl_typesupport_fastrtps_c__visibility_control.h
[0.304s] -- Up-to-date: /home/user/ros2_ws/src/install/ros2_kdl_package/lib/libros2_kdl_package__rosidl_typesupport_fastrtps_c.so
[0.304s] -- Up-to-date: /home/user/ros2_ws/src/install/ros2_kdl_package/include/ros2_kdl_package/ros2_kdl_package
[0.304s] -- Up-to-date: /home/user/ros2_ws/src/install/ros2_kdl_package/include/ros2_kdl_package/ros2_kdl_package/action
[0.304s] -- Up-to-date: /home/user/ros2_ws/src/install/ros2_kdl_package/include/ros2_kdl_package/ros2_kdl_package/action/execute_trajectory.hpp
[0.304s] -- Up-to-date: /home/user/ros2_ws/src/install/ros2_kdl_package/include/ros2_kdl_package/ros2_kdl_package/action/detail
[0.304s] -- Up-to-date: /home/user/ros2_ws/src/install/ros2_kdl_package/include/ros2_kdl_package/ros2_kdl_package/action/detail/execute_trajectory__traits.hpp
[0.304s] -- Up-to-date: /home/user/ros2_ws/src/install/ros2_kdl_package/include/ros2_kdl_package/ros2_kdl_package/action/detail/execute_trajectory__type_support.hpp
[0.304s] -- Up-to-date: /home/user/ros2_ws/src/install/ros2_kdl_package/include/ros2_kdl_package/ros2_kdl_package/action/detail/execute_trajectory__struct.hpp
[0.304s] -- Up-to-date: /home/user/ros2_ws/src/install/ros2_kdl_package/include/ros2_kdl_package/ros2_kdl_package/action/detail/execute_trajectory__builder.hpp
[0.304s] -- Up-to-date: /home/user/ros2_ws/src/install/ros2_kdl_package/include/ros2_kdl_package/ros2_kdl_package/msg
[0.304s] -- Up-to-date: /home/user/ros2_ws/src/install/ros2_kdl_package/include/ros2_kdl_package/ros2_kdl_package/msg/rosidl_generator_cpp__visibility_control.hpp
[0.304s] -- Up-to-date: /home/user/ros2_ws/src/install/ros2_kdl_package/include/ros2_kdl_package/ros2_kdl_package
[0.304s] -- Up-to-date: /home/user/ros2_ws/src/install/ros2_kdl_package/include/ros2_kdl_package/ros2_kdl_package/action
[0.304s] -- Up-to-date: /home/user/ros2_ws/src/install/ros2_kdl_package/include/ros2_kdl_package/ros2_kdl_package/action/detail
[0.304s] -- Up-to-date: /home/user/ros2_ws/src/install/ros2_kdl_package/include/ros2_kdl_package/ros2_kdl_package/action/detail/execute_trajectory__rosidl_typesupport_fastrtps_cpp.hpp
[0.304s] -- Up-to-date: /home/user/ros2_ws/src/install/ros2_kdl_package/include/ros2_kdl_package/ros2_kdl_package/action/detail/dds_fastrtps
[0.304s] -- Up-to-date: /home/user/ros2_ws/src/install/ros2_kdl_package/include/ros2_kdl_package/ros2_kdl_package/msg
[0.305s] -- Up-to-date: /home/user/ros2_ws/src/install/ros2_kdl_package/include/ros2_kdl_package/ros2_kdl_package/msg/rosidl_typesupport_fastrtps_cpp__visibility_control.h
[0.305s] -- Up-to-date: /home/user/ros2_ws/src/install/ros2_kdl_package/lib/libros2_kdl_package__rosidl_typesupport_fastrtps_cpp.so
[0.305s] -- Up-to-date: /home/user/ros2_ws/src/install/ros2_kdl_package/include/ros2_kdl_package/ros2_kdl_package
[0.305s] -- Up-to-date: /home/user/ros2_ws/src/install/ros2_kdl_package/include/ros2_kdl_package/ros2_kdl_package/action
[0.305s] -- Up-to-date: /home/user/ros2_ws/src/install/ros2_kdl_package/include/ros2_kdl_package/ros2_kdl_package/action/detail
[0.305s] -- Up-to-date: /home/user/ros2_ws/src/install/ros2_kdl_package/include/ros2_kdl_package/ros2_kdl_package/action/detail/execute_trajectory__type_support.c
[0.305s] -- Up-to-date: /home/user/ros2_ws/src/install/ros2_kdl_package/include/ros2_kdl_package/ros2_kdl_package/action/detail/execute_trajectory__rosidl_typesupport_introspection_c.h
[0.305s] -- Up-to-date: /home/user/ros2_ws/src/install/ros2_kdl_package/include/ros2_kdl_package/ros2_kdl_package/msg
[0.305s] -- Up-to-date: /home/user/ros2_ws/src/install/ros2_kdl_package/include/ros2_kdl_package/ros2_kdl_package/msg/rosidl_typesupport_introspection_c__visibility_control.h
[0.305s] -- Up-to-date: /home/user/ros2_ws/src/install/ros2_kdl_package/lib/libros2_kdl_package__rosidl_typesupport_introspection_c.so
[0.305s] -- Up-to-date: /home/user/ros2_ws/src/install/ros2_kdl_package/lib/libros2_kdl_package__rosidl_typesupport_c.so
[0.305s] -- Up-to-date: /home/user/ros2_ws/src/install/ros2_kdl_package/include/ros2_kdl_package/ros2_kdl_package
[0.305s] -- Up-to-date: /home/user/ros2_ws/src/install/ros2_kdl_package/include/ros2_kdl_package/ros2_kdl_package/action
[0.305s] -- Up-to-date: /home/user/ros2_ws/src/install/ros2_kdl_package/include/ros2_kdl_package/ros2_kdl_package/action/detail
[0.305s] -- Up-to-date: /home/user/ros2_ws/src/install/ros2_kdl_package/include/ros2_kdl_package/ros2_kdl_package/action/detail/execute_trajectory__type_support.cpp
[0.305s] -- Up-to-date: /home/user/ros2_ws/src/install/ros2_kdl_package/include/ros2_kdl_package/ros2_kdl_package/action/detail/execute_trajectory__rosidl_typesupport_introspection_cpp.hpp
[0.305s] -- Up-to-date: /home/user/ros2_ws/src/install/ros2_kdl_package/lib/libros2_kdl_package__rosidl_typesupport_introspection_cpp.so
[0.305s] -- Up-to-date: /home/user/ros2_ws/src/install/ros2_kdl_package/lib/libros2_kdl_package__rosidl_typesupport_cpp.so
[0.305s] -- Up-to-date: /home/user/ros2_ws/src/install/ros2_kdl_package/share/ros2_kdl_package/environment/pythonpath.sh
[0.305s] -- Up-to-date: /home/user/ros2_ws/src/install/ros2_kdl_package/share/ros2_kdl_package/environment/pythonpath.dsv
[0.305s] -- Up-to-date: /home/user/ros2_ws/src/install/ros2_kdl_package/local/lib/python3.10/dist-packages/ros2_kdl_package-0.0.0-py3.10.egg-info
[0.305s] -- Installing: /home/user/ros2_ws/src/install/ros2_kdl_package/local/lib/python3.10/dist-packages/ros2_kdl_package-0.0.0-py3.10.egg-info/top_level.txt
[0.305s] -- Installing: /home/user/ros2_ws/src/install/ros2_kdl_package/local/lib/python3.10/dist-packages/ros2_kdl_package-0.0.0-py3.10.egg-info/PKG-INFO
[0.305s] -- Installing: /home/user/ros2_ws/src/install/ros2_kdl_package/local/lib/python3.10/dist-packages/ros2_kdl_package-0.0.0-py3.10.egg-info/SOURCES.txt
[0.306s] -- Installing: /home/user/ros2_ws/src/install/ros2_kdl_package/local/lib/python3.10/dist-packages/ros2_kdl_package-0.0.0-py3.10.egg-info/dependency_links.txt
[0.306s] -- Up-to-date: /home/user/ros2_ws/src/install/ros2_kdl_package/local/lib/python3.10/dist-packages/ros2_kdl_package
[0.306s] -- Up-to-date: /home/user/ros2_ws/src/install/ros2_kdl_package/local/lib/python3.10/dist-packages/ros2_kdl_package/__init__.py
[0.306s] -- Up-to-date: /home/user/ros2_ws/src/install/ros2_kdl_package/local/lib/python3.10/dist-packages/ros2_kdl_package/ros2_kdl_package_s__rosidl_typesupport_c.cpython-310-x86_64-linux-gnu.so
[0.306s] -- Up-to-date: /home/user/ros2_ws/src/install/ros2_kdl_package/local/lib/python3.10/dist-packages/ros2_kdl_package/_ros2_kdl_package_s.ep.rosidl_typesupport_introspection_c.c
[0.306s] -- Up-to-date: /home/user/ros2_ws/src/install/ros2_kdl_package/local/lib/python3.10/dist-packages/ros2_kdl_package/_ros2_kdl_package_s.ep.rosidl_typesupport_fastrtps_c.c
[0.306s] -- Up-to-date: /home/user/ros2_ws/src/install/ros2_kdl_package/local/lib/python3.10/dist-packages/ros2_kdl_package/_ros2_kdl_package_s.ep.rosidl_typesupport_c.c
[0.306s] -- Up-to-date: /home/user/ros2_ws/src/install/ros2_kdl_package/local/lib/python3.10/dist-packages/ros2_kdl_package/ros2_kdl_package_s__rosidl_typesupport_introspection_c.cpython-310-x86_64-linux-gnu.so
[0.306s] -- Up-to-date: /home/user/ros2_ws/src/install/ros2_kdl_package/local/lib/python3.10/dist-packages/ros2_kdl_package/libros2_kdl_package__rosidl_generator_py.so
[0.306s] -- Up-to-date: /home/user/ros2_ws/src/install/ros2_kdl_package/local/lib/python3.10/dist-packages/ros2_kdl_package/action
[0.306s] -- Up-to-date: /home/user/ros2_ws/src/install/ros2_kdl_package/local/lib/python3.10/dist-packages/ros2_kdl_package/action/__init__.py
[0.306s] -- Up-to-date: /home/user/ros2_ws/src/install/ros2_kdl_package/local/lib/python3.10/dist-packages/ros2_kdl_package/action/_execute_trajectory.py
[0.306s] -- Up-to-date: /home/user/ros2_ws/src/install/ros2_kdl_package/local/lib/python3.10/dist-packages/ros2_kdl_package/action/_execute_trajectory_s.c
[0.306s] -- Up-to-date: /home/user/ros2_ws/src/install/ros2_kdl_package/local/lib/python3.10/dist-packages/ros2_kdl_package/ros2_kdl_package_s__rosidl_typesupport_fastrtps_c.cpython-310-x86_64-linux-gnu.so
[0.325s] Listing '/home/user/ros2_ws/src/install/ros2_kdl_package/local/lib/python3.10/dist-packages/ros2_kdl_package'...
[0.325s] Listing '/home/user/ros2_ws/src/install/ros2_kdl_package/local/lib/python3.10/dist-packages/ros2_kdl_package/action'...
[0.327s] -- Up-to-date: /home/user/ros2_ws/src/install/ros2_kdl_package/local/lib/python3.10/dist-packages/ros2_kdl_package/ros2_kdl_package_s__rosidl_typesupport_fastrtps_c.cpython-310-x86_64-linux-gnu.so
[0.327s] -- Up-to-date: /home/user/ros2_ws/src/install/ros2_kdl_package/local/lib/python3.10/dist-packages/ros2_kdl_package/ros2_kdl_package_s__rosidl_typesupport_introspection_c.cpython-310-x86_64-linux-gnu.so
[0.327s] -- Up-to-date: /home/user/ros2_ws/src/install/ros2_kdl_package/local/lib/python3.10/dist-packages/ros2_kdl_package/ros2_kdl_package_s__rosidl_typesupport_c.cpython-310-x86_64-linux-gnu.so
[0.327s] -- Up-to-date: /home/user/ros2_ws/src/install/ros2_kdl_package/lib/libros2_kdl_package__rosidl_generator_py.so
[0.328s] -- Up-to-date: /home/user/ros2_ws/src/install/ros2_kdl_package/share/ros2_kdl_package/action/ExecuteTrajectory.idl
[0.328s] -- Up-to-date: /home/user/ros2_ws/src/install/ros2_kdl_package/share/ros2_kdl_package/action/ExecuteTrajectory.action
[0.328s] -- Up-to-date: /home/user/ros2_ws/src/install/ros2_kdl_package/lib/ros2_kdl_package/ros2_kdl_node
[0.328s] -- Up-to-date: /home/user/ros2_ws/src/install/ros2_kdl_package/lib/ros2_kdl_package/ros2_kdl_node_example
[0.328s] -- Up-to-date: /home/user/ros2_ws/src/install/ros2_kdl_package/lib/ros2_kdl_package/ros2_kdl_node_client
[0.328s] -- Up-to-date: /home/user/ros2_ws/src/install/ros2_kdl_package/share/ros2_kdl_package/launch
[0.328s] -- Up-to-date: /home/user/ros2_ws/src/install/ros2_kdl_package/share/ros2_kdl_package/launch/__pycache__
[0.328s] -- Up-to-date: /home/user/ros2_ws/src/install/ros2_kdl_package/share/ros2_kdl_package/launch/__pycache__/launching.launch.cpython-310.pyc
[0.328s] -- Up-to-date: /home/user/ros2_ws/src/install/ros2_kdl_package/share/ros2_kdl_package/launch/launching.launch.py
[0.328s] -- Up-to-date: /home/user/ros2_ws/src/install/ros2_kdl_package/share/ros2_kdl_package/config
[0.328s] -- Up-to-date: /home/user/ros2_ws/src/install/ros2_kdl_package/share/ros2_kdl_package/config/kdl_params.yaml
[0.328s] -- Up-to-date: /home/user/ros2_ws/src/install/ros2_kdl_package/share/ament_index/resource_index/package_run_dependencies/ros2_kdl_package
[0.328s] -- Up-to-date: /home/user/ros2_ws/src/install/ros2_kdl_package/share/ament_index/resource_index/parent_prefix_path/ros2_kdl_package
[0.328s] -- Up-to-date: /home/user/ros2_ws/src/install/ros2_kdl_package/share/ros2_kdl_package/environment/ament_prefix_path.sh
[0.328s] -- Up-to-date: /home/user/ros2_ws/src/install/ros2_kdl_package/share/ros2_kdl_package/environment/ament_prefix_path.dsv
[0.328s] -- Up-to-date: /home/user/ros2_ws/src/install/ros2_kdl_package/share/ros2_kdl_package/environment/path.sh
[0.328s] -- Up-to-date: /home/user/ros2_ws/src/install/ros2_kdl_package/share/ros2_kdl_package/environment/path.dsv
[0.328s] -- Up-to-date: /home/user/ros2_ws/src/install/ros2_kdl_package/share/ros2_kdl_package/local_setup.bash
[0.329s] -- Up-to-date: /home/user/ros2_ws/src/install/ros2_kdl_package/share/ros2_kdl_package/local_setup.sh
[0.329s] -- Up-to-date: /home/user/ros2_ws/src/install/ros2_kdl_package/share/ros2_kdl_package/local_setup.zsh
[0.329s] -- Up-to-date: /home/user/ros2_ws/src/install/ros2_kdl_package/share/ros2_kdl_package/local_setup.dsv
[0.329s] -- Installing: /home/user/ros2_ws/src/install/ros2_kdl_package/share/ros2_kdl_package/package.dsv
[0.329s] -- Up-to-date: /home/user/ros2_ws/src/install/ros2_kdl_package/share/ament_index/resource_index/packages/ros2_kdl_package
[0.329s] -- Up-to-date: /home/user/ros2_ws/src/install/ros2_kdl_package/share/ros2_kdl_package/cmake/export_ros2_kdl_package__rosidl_generator_cExport.cmake
[0.329s] -- Up-to-date: /home/user/ros2_ws/src/install/ros2_kdl_package/share/ros2_kdl_package/cmake/export_ros2_kdl_package__rosidl_generator_cExport-noconfig.cmake
[0.329s] -- Up-to-date: /home/user/ros2_ws/src/install/ros2_kdl_package/share/ros2_kdl_package/cmake/export_ros2_kdl_package__rosidl_typesupport_fastrtps_cExport.cmake
[0.329s] -- Up-to-date: /home/user/ros2_ws/src/install/ros2_kdl_package/share/ros2_kdl_package/cmake/export_ros2_kdl_package__rosidl_typesupport_fastrtps_cExport-noconfig.cmake
[0.329s] -- Up-to-date: /home/user/ros2_ws/src/install/ros2_kdl_package/share/ros2_kdl_package/cmake/export_ros2_kdl_package__rosidl_generator_cppExport.cmake
[0.329s] -- Up-to-date: /home/user/ros2_ws/src/install/ros2_kdl_package/share/ros2_kdl_package/cmake/export_ros2_kdl_package__rosidl_typesupport_fastrtps_cppExport.cmake
[0.329s] -- Up-to-date: /home/user/ros2_ws/src/install/ros2_kdl_package/share/ros2_kdl_package/cmake/export_ros2_kdl_package__rosidl_typesupport_fastrtps_cppExport-noconfig.cmake
[0.329s] -- Up-to-date: /home/user/ros2_ws/src/install/ros2_kdl_package/share/ros2_kdl_package/cmake/ros2_kdl_package__rosidl_typesupport_introspection_cExport.cmake
[0.329s] -- Up-to-date: /home/user/ros2_ws/src/install/ros2_kdl_package/share/ros2_kdl_package/cmake/ros2_kdl_package__rosidl_typesupport_introspection_cExport-noconfig.cmake
[0.329s] -- Up-to-date: /home/user/ros2_ws/src/install/ros2_kdl_package/share/ros2_kdl_package/cmake/ros2_kdl_package__rosidl_typesupport_cExport.cmake
[0.329s] -- Up-to-date: /home/user/ros2_ws/src/install/ros2_kdl_package/share/ros2_kdl_package/cmake/ros2_kdl_package__rosidl_typesupport_cExport-noconfig.cmake
[0.329s] -- Up-to-date: /home/user/ros2_ws/src/install/ros2_kdl_package/share/ros2_kdl_package/cmake/ros2_kdl_package__rosidl_typesupport_introspection_cppExport.cmake
[0.329s] -- Up-to-date: /home/user/ros2_ws/src/install/ros2_kdl_package/share/ros2_kdl_package/cmake/ros2_kdl_package__rosidl_typesupport_introspection_cppExport-noconfig.cmake
[0.329s] -- Up-to-date: /home/user/ros2_ws/src/install/ros2_kdl_package/share/ros2_kdl_package/cmake/ros2_kdl_package__rosidl_typesupport_cppExport.cmake
[0.329s] -- Up-to-date: /home/user/ros2_ws/src/install/ros2_kdl_package/share/ros2_kdl_package/cmake/ros2_kdl_package__rosidl_typesupport_cppExport-noconfig.cmake
[0.329s] -- Up-to-date: /home/user/ros2_ws/src/install/ros2_kdl_package/share/ros2_kdl_package/cmake/export_ros2_kdl_package__rosidl_generator_pyExport.cmake
[0.330s] -- Up-to-date: /home/user/ros2_ws/src/install/ros2_kdl_package/share/ros2_kdl_package/cmake/export_ros2_kdl_package__rosidl_generator_pyExport-noconfig.cmake
[0.330s] -- Up-to-date: /home/user/ros2_ws/src/install/ros2_kdl_package/share/ros2_kdl_package/cmake/rosidl_cmake-extras.cmake
[0.330s] -- Up-to-date: /home/user/ros2_ws/src/install/ros2_kdl_package/share/ros2_kdl_package/cmake/ament_cmake_export_dependencies-extras.cmake
[0.330s] -- Up-to-date: /home/user/ros2_ws/src/install/ros2_kdl_package/share/ros2_kdl_package/cmake/ament_cmake_export_include_directories-extras.cmake
[0.330s] -- Up-to-date: /home/user/ros2_ws/src/install/ros2_kdl_package/share/ros2_kdl_package/cmake/ament_cmake_export_libraries-extras.cmake
[0.330s] -- Up-to-date: /home/user/ros2_ws/src/install/ros2_kdl_package/share/ros2_kdl_package/cmake/ament_cmake_export_targets-extras.cmake
[0.330s] -- Up-to-date: /home/user/ros2_ws/src/install/ros2_kdl_package/share/ros2_kdl_package/cmake/rosidl_cmake_export_typesupport_targets-extras.cmake
[0.330s] -- Up-to-date: /home/user/ros2_ws/src/install/ros2_kdl_package/share/ros2_kdl_package/cmake/rosidl_cmake_export_typesupport_libraries-extras.cmake
[0.330s] -- Up-to-date: /home/user/ros2_ws/src/install/ros2_kdl_package/share/ros2_kdl_package/cmake/ros2_kdl_packageConfig.cmake
[0.330s] -- Up-to-date: /home/user/ros2_ws/src/install/ros2_kdl_package/share/ros2_kdl_package/cmake/ros2_kdl_packageConfig-version.cmake
[0.330s] -- Up-to-date: /home/user/ros2_ws/src/install/ros2_kdl_package/share/ros2_kdl_package/package.xml
[0.332s] Invoked command in '/home/user/ros2_ws/src/build/ros2_kdl_package' returned '0': CMAKE_PREFIX_PATH=${CMAKE_PREFIX_PATH}:/opt/ros/humble /usr/bin/cmake --install /home/user/ros2_ws/src/build/ros2_kdl_package
