[0.018s] Invoking command in '/home/user/ros2_ws/src/build/aruco_msgs': CMAKE_PREFIX_PATH=${CMAKE_PREFIX_PATH}:/opt/ros/humble /usr/bin/cmake /home/user/ros2_ws/src/aruco_ros/aruco_msgs -DCMAKE_INSTALL_PREFIX=/home/user/ros2_ws/src/install/aruco_msgs
[0.061s] -- The C compiler identification is GNU 11.4.0
[0.108s] -- The CXX compiler identification is GNU 11.4.0
[0.114s] -- Detecting C compiler ABI info
[0.164s] -- Detecting C compiler ABI info - done
[0.171s] -- Check for working C compiler: /usr/bin/cc - skipped
[0.171s] -- Detecting C compile features
[0.172s] -- Detecting C compile features - done
[0.175s] -- Detecting CXX compiler ABI info
[0.232s] -- Detecting CXX compiler ABI info - done
[0.238s] -- Check for working CXX compiler: /usr/bin/c++ - skipped
[0.238s] -- Detecting CXX compile features
[0.238s] -- Detecting CXX compile features - done
[0.243s] -- Found ament_cmake: 1.3.12 (/opt/ros/humble/share/ament_cmake/cmake)
[0.359s] -- Found Python3: /usr/bin/python3 (found version "3.10.12") found components: Interpreter 
[0.459s] -- Found std_msgs: 4.9.0 (/opt/ros/humble/share/std_msgs/cmake)
[0.516s] -- Found rosidl_generator_c: 3.1.8 (/opt/ros/humble/share/rosidl_generator_c/cmake)
[0.528s] -- Found rosidl_adapter: 3.1.8 (/opt/ros/humble/share/rosidl_adapter/cmake)
[0.541s] -- Found rosidl_generator_cpp: 3.1.8 (/opt/ros/humble/share/rosidl_generator_cpp/cmake)
[0.557s] -- Using all available rosidl_typesupport_c: rosidl_typesupport_fastrtps_c;rosidl_typesupport_introspection_c
[0.573s] -- Using all available rosidl_typesupport_cpp: rosidl_typesupport_fastrtps_cpp;rosidl_typesupport_introspection_cpp
[0.615s] -- Found geometry_msgs: 4.9.0 (/opt/ros/humble/share/geometry_msgs/cmake)
[0.646s] -- Found rosidl_default_generators: 1.2.0 (/opt/ros/humble/share/rosidl_default_generators/cmake)
[1.157s] -- Found ament_cmake_ros: 0.10.0 (/opt/ros/humble/share/ament_cmake_ros/cmake)
[1.851s] -- Using all available rosidl_typesupport_c: rosidl_typesupport_fastrtps_c;rosidl_typesupport_introspection_c
[1.995s] -- Using all available rosidl_typesupport_cpp: rosidl_typesupport_fastrtps_cpp;rosidl_typesupport_introspection_cpp
[2.016s] -- Found PythonInterp: /usr/bin/python3 (found suitable version "3.10.12", minimum required is "3.6") 
[2.021s] -- Found python_cmake_module: 0.10.0 (/opt/ros/humble/share/python_cmake_module/cmake)
[2.044s] -- Found PythonLibs: /usr/lib/x86_64-linux-gnu/libpython3.10.so (found suitable version "3.10.12", minimum required is "3.5") 
[2.044s] -- Using PYTHON_EXECUTABLE: /usr/bin/python3
[2.044s] -- Using PYTHON_INCLUDE_DIRS: /usr/include/python3.10
[2.045s] -- Using PYTHON_LIBRARIES: /usr/lib/x86_64-linux-gnu/libpython3.10.so
[2.061s] -- Found PythonExtra: .so  
[2.131s] -- Found ament_lint_auto: 0.12.14 (/opt/ros/humble/share/ament_lint_auto/cmake)
[2.192s] -- Added test 'copyright' to check source files copyright and LICENSE
[2.194s] -- Added test 'lint_cmake' to check CMake code style
[2.196s] -- Added test 'xmllint' to check XML markup files
[2.199s] -- Configuring done
[2.243s] -- Generating done
[2.258s] -- Build files have been written to: /home/user/ros2_ws/src/build/aruco_msgs
[2.273s] Invoked command in '/home/user/ros2_ws/src/build/aruco_msgs' returned '0': CMAKE_PREFIX_PATH=${CMAKE_PREFIX_PATH}:/opt/ros/humble /usr/bin/cmake /home/user/ros2_ws/src/aruco_ros/aruco_msgs -DCMAKE_INSTALL_PREFIX=/home/user/ros2_ws/src/install/aruco_msgs
[2.274s] Invoking command in '/home/user/ros2_ws/src/build/aruco_msgs': CMAKE_PREFIX_PATH=${CMAKE_PREFIX_PATH}:/opt/ros/humble /usr/bin/cmake --build /home/user/ros2_ws/src/build/aruco_msgs -- -j22 -l22
[2.313s] [  2%] [34m[1mGenerating C code for ROS interfaces[0m
[2.326s] [  2%] Built target ament_cmake_python_copy_aruco_msgs
[2.326s] [  5%] [34m[1mGenerating C++ code for ROS interfaces[0m
[2.489s] running egg_info
[2.489s] creating aruco_msgs.egg-info
[2.489s] writing aruco_msgs.egg-info/PKG-INFO
[2.490s] writing dependency_links to aruco_msgs.egg-info/dependency_links.txt
[2.490s] writing top-level names to aruco_msgs.egg-info/top_level.txt
[2.490s] writing manifest file 'aruco_msgs.egg-info/SOURCES.txt'
[2.491s] reading manifest file 'aruco_msgs.egg-info/SOURCES.txt'
[2.491s] writing manifest file 'aruco_msgs.egg-info/SOURCES.txt'
[2.511s] [  5%] Built target ament_cmake_python_build_aruco_msgs_egg
[2.550s] [  5%] Built target aruco_msgs__cpp
[2.558s] [ 10%] [34m[1mGenerating C++ type support dispatch for ROS interfaces[0m
[2.558s] [ 10%] [34m[1mGenerating C++ type support for eProsima Fast-RTPS[0m
[2.558s] [ 12%] [34m[1mGenerating C++ introspection for ROS interfaces[0m
[2.569s] [ 15%] [32mBuilding C object CMakeFiles/aruco_msgs__rosidl_generator_c.dir/rosidl_generator_c/aruco_msgs/msg/detail/marker_array__functions.c.o[0m
[2.570s] [ 17%] [32mBuilding C object CMakeFiles/aruco_msgs__rosidl_generator_c.dir/rosidl_generator_c/aruco_msgs/msg/detail/marker__functions.c.o[0m
[2.626s] [ 20%] [32m[1mLinking C shared library libaruco_msgs__rosidl_generator_c.so[0m
[2.675s] [ 20%] Built target aruco_msgs__rosidl_generator_c
[2.687s] [ 23%] [34m[1mGenerating C introspection for ROS interfaces[0m
[2.688s] [ 28%] [34m[1mGenerating C type support for eProsima Fast-RTPS[0m
[2.688s] [ 28%] [34m[1mGenerating C type support dispatch for ROS interfaces[0m
[2.758s] [ 30%] [32mBuilding CXX object CMakeFiles/aruco_msgs__rosidl_typesupport_introspection_cpp.dir/rosidl_typesupport_introspection_cpp/aruco_msgs/msg/detail/marker__type_support.cpp.o[0m
[2.761s] [ 33%] [32mBuilding CXX object CMakeFiles/aruco_msgs__rosidl_typesupport_introspection_cpp.dir/rosidl_typesupport_introspection_cpp/aruco_msgs/msg/detail/marker_array__type_support.cpp.o[0m
[2.774s] [ 35%] [32mBuilding CXX object CMakeFiles/aruco_msgs__rosidl_typesupport_cpp.dir/rosidl_typesupport_cpp/aruco_msgs/msg/marker__type_support.cpp.o[0m
[2.776s] [ 38%] [32mBuilding CXX object CMakeFiles/aruco_msgs__rosidl_typesupport_cpp.dir/rosidl_typesupport_cpp/aruco_msgs/msg/marker_array__type_support.cpp.o[0m
[2.841s] [ 43%] [32mBuilding CXX object CMakeFiles/aruco_msgs__rosidl_typesupport_fastrtps_cpp.dir/rosidl_typesupport_fastrtps_cpp/aruco_msgs/msg/detail/dds_fastrtps/marker__type_support.cpp.o[0m
[2.841s] [ 43%] [32mBuilding CXX object CMakeFiles/aruco_msgs__rosidl_typesupport_fastrtps_cpp.dir/rosidl_typesupport_fastrtps_cpp/aruco_msgs/msg/detail/dds_fastrtps/marker_array__type_support.cpp.o[0m
[2.992s] [ 46%] [32mBuilding C object CMakeFiles/aruco_msgs__rosidl_typesupport_introspection_c.dir/rosidl_typesupport_introspection_c/aruco_msgs/msg/detail/marker_array__type_support.c.o[0m
[2.992s] [ 48%] [32mBuilding C object CMakeFiles/aruco_msgs__rosidl_typesupport_introspection_c.dir/rosidl_typesupport_introspection_c/aruco_msgs/msg/detail/marker__type_support.c.o[0m
[3.024s] [ 51%] [32mBuilding CXX object CMakeFiles/aruco_msgs__rosidl_typesupport_c.dir/rosidl_typesupport_c/aruco_msgs/msg/marker__type_support.cpp.o[0m
[3.025s] [ 53%] [32mBuilding CXX object CMakeFiles/aruco_msgs__rosidl_typesupport_c.dir/rosidl_typesupport_c/aruco_msgs/msg/marker_array__type_support.cpp.o[0m
[3.026s] [ 56%] [32mBuilding CXX object CMakeFiles/aruco_msgs__rosidl_typesupport_fastrtps_c.dir/rosidl_typesupport_fastrtps_c/aruco_msgs/msg/detail/marker__type_support_c.cpp.o[0m
[3.034s] [ 58%] [32mBuilding CXX object CMakeFiles/aruco_msgs__rosidl_typesupport_fastrtps_c.dir/rosidl_typesupport_fastrtps_c/aruco_msgs/msg/detail/marker_array__type_support_c.cpp.o[0m
[3.054s] [ 61%] [32m[1mLinking C shared library libaruco_msgs__rosidl_typesupport_introspection_c.so[0m
[3.070s] [ 64%] [32m[1mLinking CXX shared library libaruco_msgs__rosidl_typesupport_c.so[0m
[3.095s] [ 64%] Built target aruco_msgs__rosidl_typesupport_introspection_c
[3.144s] [ 64%] Built target aruco_msgs__rosidl_typesupport_c
[3.193s] [ 66%] [32m[1mLinking CXX shared library libaruco_msgs__rosidl_typesupport_cpp.so[0m
[3.249s] [ 66%] Built target aruco_msgs__rosidl_typesupport_cpp
[3.286s] [ 69%] [32m[1mLinking CXX shared library libaruco_msgs__rosidl_typesupport_fastrtps_cpp.so[0m
[3.318s] [ 71%] [32m[1mLinking CXX shared library libaruco_msgs__rosidl_typesupport_introspection_cpp.so[0m
[3.383s] [ 71%] Built target aruco_msgs__rosidl_typesupport_introspection_cpp
[3.387s] [ 74%] [32m[1mLinking CXX shared library libaruco_msgs__rosidl_typesupport_fastrtps_c.so[0m
[3.393s] [ 74%] Built target aruco_msgs__rosidl_typesupport_fastrtps_cpp
[3.451s] [ 74%] Built target aruco_msgs__rosidl_typesupport_fastrtps_c
[3.471s] [ 74%] Built target aruco_msgs
[3.485s] [ 76%] [34m[1mGenerating Python code for ROS interfaces[0m
[3.781s] [ 76%] Built target aruco_msgs__py
[3.799s] [ 79%] [32mBuilding C object CMakeFiles/aruco_msgs__rosidl_generator_py.dir/rosidl_generator_py/aruco_msgs/msg/_marker_s.c.o[0m
[3.800s] [ 82%] [32mBuilding C object CMakeFiles/aruco_msgs__rosidl_generator_py.dir/rosidl_generator_py/aruco_msgs/msg/_marker_array_s.c.o[0m
[3.919s] [ 84%] [32m[1mLinking C shared library rosidl_generator_py/aruco_msgs/libaruco_msgs__rosidl_generator_py.so[0m
[3.971s] [ 84%] Built target aruco_msgs__rosidl_generator_py
[3.989s] [ 87%] [32mBuilding C object CMakeFiles/aruco_msgs__rosidl_typesupport_fastrtps_c__pyext.dir/rosidl_generator_py/aruco_msgs/_aruco_msgs_s.ep.rosidl_typesupport_fastrtps_c.c.o[0m
[3.994s] [ 92%] [32mBuilding C object CMakeFiles/aruco_msgs__rosidl_typesupport_introspection_c__pyext.dir/rosidl_generator_py/aruco_msgs/_aruco_msgs_s.ep.rosidl_typesupport_introspection_c.c.o[0m
[3.994s] [ 92%] [32mBuilding C object CMakeFiles/aruco_msgs__rosidl_typesupport_c__pyext.dir/rosidl_generator_py/aruco_msgs/_aruco_msgs_s.ep.rosidl_typesupport_c.c.o[0m
[4.071s] [ 94%] [32m[1mLinking C shared library rosidl_generator_py/aruco_msgs/aruco_msgs_s__rosidl_typesupport_fastrtps_c.cpython-310-x86_64-linux-gnu.so[0m
[4.100s] [ 97%] [32m[1mLinking C shared library rosidl_generator_py/aruco_msgs/aruco_msgs_s__rosidl_typesupport_c.cpython-310-x86_64-linux-gnu.so[0m
[4.117s] [100%] [32m[1mLinking C shared library rosidl_generator_py/aruco_msgs/aruco_msgs_s__rosidl_typesupport_introspection_c.cpython-310-x86_64-linux-gnu.so[0m
[4.125s] [100%] Built target aruco_msgs__rosidl_typesupport_fastrtps_c__pyext
[4.142s] [100%] Built target aruco_msgs__rosidl_typesupport_c__pyext
[4.154s] [100%] Built target aruco_msgs__rosidl_typesupport_introspection_c__pyext
[4.166s] Invoked command in '/home/user/ros2_ws/src/build/aruco_msgs' returned '0': CMAKE_PREFIX_PATH=${CMAKE_PREFIX_PATH}:/opt/ros/humble /usr/bin/cmake --build /home/user/ros2_ws/src/build/aruco_msgs -- -j22 -l22
[4.168s] Invoking command in '/home/user/ros2_ws/src/build/aruco_msgs': CMAKE_PREFIX_PATH=${CMAKE_PREFIX_PATH}:/opt/ros/humble /usr/bin/cmake --install /home/user/ros2_ws/src/build/aruco_msgs
[4.177s] -- Install configuration: ""
[4.177s] -- Installing: /home/user/ros2_ws/src/install/aruco_msgs/share/ament_index/resource_index/rosidl_interfaces/aruco_msgs
[4.177s] -- Installing: /home/user/ros2_ws/src/install/aruco_msgs/include/aruco_msgs/aruco_msgs
[4.177s] -- Installing: /home/user/ros2_ws/src/install/aruco_msgs/include/aruco_msgs/aruco_msgs/msg
[4.177s] -- Installing: /home/user/ros2_ws/src/install/aruco_msgs/include/aruco_msgs/aruco_msgs/msg/marker.h
[4.177s] -- Installing: /home/user/ros2_ws/src/install/aruco_msgs/include/aruco_msgs/aruco_msgs/msg/detail
[4.178s] -- Installing: /home/user/ros2_ws/src/install/aruco_msgs/include/aruco_msgs/aruco_msgs/msg/detail/marker__type_support.h
[4.178s] -- Installing: /home/user/ros2_ws/src/install/aruco_msgs/include/aruco_msgs/aruco_msgs/msg/detail/marker_array__functions.h
[4.178s] -- Installing: /home/user/ros2_ws/src/install/aruco_msgs/include/aruco_msgs/aruco_msgs/msg/detail/marker_array__functions.c
[4.178s] -- Installing: /home/user/ros2_ws/src/install/aruco_msgs/include/aruco_msgs/aruco_msgs/msg/detail/marker_array__struct.h
[4.178s] -- Installing: /home/user/ros2_ws/src/install/aruco_msgs/include/aruco_msgs/aruco_msgs/msg/detail/marker_array__type_support.h
[4.178s] -- Installing: /home/user/ros2_ws/src/install/aruco_msgs/include/aruco_msgs/aruco_msgs/msg/detail/marker__functions.c
[4.178s] -- Installing: /home/user/ros2_ws/src/install/aruco_msgs/include/aruco_msgs/aruco_msgs/msg/detail/marker__functions.h
[4.178s] -- Installing: /home/user/ros2_ws/src/install/aruco_msgs/include/aruco_msgs/aruco_msgs/msg/detail/marker__struct.h
[4.178s] -- Installing: /home/user/ros2_ws/src/install/aruco_msgs/include/aruco_msgs/aruco_msgs/msg/rosidl_generator_c__visibility_control.h
[4.178s] -- Installing: /home/user/ros2_ws/src/install/aruco_msgs/include/aruco_msgs/aruco_msgs/msg/marker_array.h
[4.179s] -- Installing: /home/user/ros2_ws/src/install/aruco_msgs/share/aruco_msgs/environment/library_path.sh
[4.179s] -- Installing: /home/user/ros2_ws/src/install/aruco_msgs/share/aruco_msgs/environment/library_path.dsv
[4.179s] -- Installing: /home/user/ros2_ws/src/install/aruco_msgs/lib/libaruco_msgs__rosidl_generator_c.so
[4.179s] -- Set runtime path of "/home/user/ros2_ws/src/install/aruco_msgs/lib/libaruco_msgs__rosidl_generator_c.so" to ""
[4.179s] -- Up-to-date: /home/user/ros2_ws/src/install/aruco_msgs/include/aruco_msgs/aruco_msgs
[4.180s] -- Up-to-date: /home/user/ros2_ws/src/install/aruco_msgs/include/aruco_msgs/aruco_msgs/msg
[4.180s] -- Up-to-date: /home/user/ros2_ws/src/install/aruco_msgs/include/aruco_msgs/aruco_msgs/msg/detail
[4.180s] -- Installing: /home/user/ros2_ws/src/install/aruco_msgs/include/aruco_msgs/aruco_msgs/msg/detail/marker__rosidl_typesupport_fastrtps_c.h
[4.180s] -- Installing: /home/user/ros2_ws/src/install/aruco_msgs/include/aruco_msgs/aruco_msgs/msg/detail/marker_array__rosidl_typesupport_fastrtps_c.h
[4.180s] -- Installing: /home/user/ros2_ws/src/install/aruco_msgs/include/aruco_msgs/aruco_msgs/msg/rosidl_typesupport_fastrtps_c__visibility_control.h
[4.180s] -- Installing: /home/user/ros2_ws/src/install/aruco_msgs/lib/libaruco_msgs__rosidl_typesupport_fastrtps_c.so
[4.180s] -- Set runtime path of "/home/user/ros2_ws/src/install/aruco_msgs/lib/libaruco_msgs__rosidl_typesupport_fastrtps_c.so" to ""
[4.180s] -- Up-to-date: /home/user/ros2_ws/src/install/aruco_msgs/include/aruco_msgs/aruco_msgs
[4.180s] -- Up-to-date: /home/user/ros2_ws/src/install/aruco_msgs/include/aruco_msgs/aruco_msgs/msg
[4.180s] -- Installing: /home/user/ros2_ws/src/install/aruco_msgs/include/aruco_msgs/aruco_msgs/msg/marker.hpp
[4.180s] -- Up-to-date: /home/user/ros2_ws/src/install/aruco_msgs/include/aruco_msgs/aruco_msgs/msg/detail
[4.181s] -- Installing: /home/user/ros2_ws/src/install/aruco_msgs/include/aruco_msgs/aruco_msgs/msg/detail/marker__type_support.hpp
[4.181s] -- Installing: /home/user/ros2_ws/src/install/aruco_msgs/include/aruco_msgs/aruco_msgs/msg/detail/marker_array__struct.hpp
[4.181s] -- Installing: /home/user/ros2_ws/src/install/aruco_msgs/include/aruco_msgs/aruco_msgs/msg/detail/marker_array__type_support.hpp
[4.181s] -- Installing: /home/user/ros2_ws/src/install/aruco_msgs/include/aruco_msgs/aruco_msgs/msg/detail/marker__builder.hpp
[4.181s] -- Installing: /home/user/ros2_ws/src/install/aruco_msgs/include/aruco_msgs/aruco_msgs/msg/detail/marker_array__builder.hpp
[4.181s] -- Installing: /home/user/ros2_ws/src/install/aruco_msgs/include/aruco_msgs/aruco_msgs/msg/detail/marker_array__traits.hpp
[4.181s] -- Installing: /home/user/ros2_ws/src/install/aruco_msgs/include/aruco_msgs/aruco_msgs/msg/detail/marker__traits.hpp
[4.181s] -- Installing: /home/user/ros2_ws/src/install/aruco_msgs/include/aruco_msgs/aruco_msgs/msg/detail/marker__struct.hpp
[4.181s] -- Installing: /home/user/ros2_ws/src/install/aruco_msgs/include/aruco_msgs/aruco_msgs/msg/marker_array.hpp
[4.181s] -- Installing: /home/user/ros2_ws/src/install/aruco_msgs/include/aruco_msgs/aruco_msgs/msg/rosidl_generator_cpp__visibility_control.hpp
[4.182s] -- Up-to-date: /home/user/ros2_ws/src/install/aruco_msgs/include/aruco_msgs/aruco_msgs
[4.182s] -- Up-to-date: /home/user/ros2_ws/src/install/aruco_msgs/include/aruco_msgs/aruco_msgs/msg
[4.182s] -- Up-to-date: /home/user/ros2_ws/src/install/aruco_msgs/include/aruco_msgs/aruco_msgs/msg/detail
[4.182s] -- Installing: /home/user/ros2_ws/src/install/aruco_msgs/include/aruco_msgs/aruco_msgs/msg/detail/dds_fastrtps
[4.182s] -- Installing: /home/user/ros2_ws/src/install/aruco_msgs/include/aruco_msgs/aruco_msgs/msg/detail/marker__rosidl_typesupport_fastrtps_cpp.hpp
[4.182s] -- Installing: /home/user/ros2_ws/src/install/aruco_msgs/include/aruco_msgs/aruco_msgs/msg/detail/marker_array__rosidl_typesupport_fastrtps_cpp.hpp
[4.182s] -- Installing: /home/user/ros2_ws/src/install/aruco_msgs/include/aruco_msgs/aruco_msgs/msg/rosidl_typesupport_fastrtps_cpp__visibility_control.h
[4.182s] -- Installing: /home/user/ros2_ws/src/install/aruco_msgs/lib/libaruco_msgs__rosidl_typesupport_fastrtps_cpp.so
[4.182s] -- Set runtime path of "/home/user/ros2_ws/src/install/aruco_msgs/lib/libaruco_msgs__rosidl_typesupport_fastrtps_cpp.so" to ""
[4.183s] -- Up-to-date: /home/user/ros2_ws/src/install/aruco_msgs/include/aruco_msgs/aruco_msgs
[4.183s] -- Up-to-date: /home/user/ros2_ws/src/install/aruco_msgs/include/aruco_msgs/aruco_msgs/msg
[4.183s] -- Up-to-date: /home/user/ros2_ws/src/install/aruco_msgs/include/aruco_msgs/aruco_msgs/msg/detail
[4.183s] -- Installing: /home/user/ros2_ws/src/install/aruco_msgs/include/aruco_msgs/aruco_msgs/msg/detail/marker__type_support.c
[4.183s] -- Installing: /home/user/ros2_ws/src/install/aruco_msgs/include/aruco_msgs/aruco_msgs/msg/detail/marker_array__rosidl_typesupport_introspection_c.h
[4.183s] -- Installing: /home/user/ros2_ws/src/install/aruco_msgs/include/aruco_msgs/aruco_msgs/msg/detail/marker__rosidl_typesupport_introspection_c.h
[4.183s] -- Installing: /home/user/ros2_ws/src/install/aruco_msgs/include/aruco_msgs/aruco_msgs/msg/detail/marker_array__type_support.c
[4.183s] -- Installing: /home/user/ros2_ws/src/install/aruco_msgs/include/aruco_msgs/aruco_msgs/msg/rosidl_typesupport_introspection_c__visibility_control.h
[4.183s] -- Installing: /home/user/ros2_ws/src/install/aruco_msgs/lib/libaruco_msgs__rosidl_typesupport_introspection_c.so
[4.183s] -- Set runtime path of "/home/user/ros2_ws/src/install/aruco_msgs/lib/libaruco_msgs__rosidl_typesupport_introspection_c.so" to ""
[4.184s] -- Installing: /home/user/ros2_ws/src/install/aruco_msgs/lib/libaruco_msgs__rosidl_typesupport_c.so
[4.184s] -- Set runtime path of "/home/user/ros2_ws/src/install/aruco_msgs/lib/libaruco_msgs__rosidl_typesupport_c.so" to ""
[4.184s] -- Up-to-date: /home/user/ros2_ws/src/install/aruco_msgs/include/aruco_msgs/aruco_msgs
[4.184s] -- Up-to-date: /home/user/ros2_ws/src/install/aruco_msgs/include/aruco_msgs/aruco_msgs/msg
[4.184s] -- Up-to-date: /home/user/ros2_ws/src/install/aruco_msgs/include/aruco_msgs/aruco_msgs/msg/detail
[4.184s] -- Installing: /home/user/ros2_ws/src/install/aruco_msgs/include/aruco_msgs/aruco_msgs/msg/detail/marker__type_support.cpp
[4.184s] -- Installing: /home/user/ros2_ws/src/install/aruco_msgs/include/aruco_msgs/aruco_msgs/msg/detail/marker__rosidl_typesupport_introspection_cpp.hpp
[4.185s] -- Installing: /home/user/ros2_ws/src/install/aruco_msgs/include/aruco_msgs/aruco_msgs/msg/detail/marker_array__rosidl_typesupport_introspection_cpp.hpp
[4.185s] -- Installing: /home/user/ros2_ws/src/install/aruco_msgs/include/aruco_msgs/aruco_msgs/msg/detail/marker_array__type_support.cpp
[4.185s] -- Installing: /home/user/ros2_ws/src/install/aruco_msgs/lib/libaruco_msgs__rosidl_typesupport_introspection_cpp.so
[4.185s] -- Set runtime path of "/home/user/ros2_ws/src/install/aruco_msgs/lib/libaruco_msgs__rosidl_typesupport_introspection_cpp.so" to ""
[4.185s] -- Installing: /home/user/ros2_ws/src/install/aruco_msgs/lib/libaruco_msgs__rosidl_typesupport_cpp.so
[4.186s] -- Set runtime path of "/home/user/ros2_ws/src/install/aruco_msgs/lib/libaruco_msgs__rosidl_typesupport_cpp.so" to ""
[4.186s] -- Installing: /home/user/ros2_ws/src/install/aruco_msgs/share/aruco_msgs/environment/pythonpath.sh
[4.186s] -- Installing: /home/user/ros2_ws/src/install/aruco_msgs/share/aruco_msgs/environment/pythonpath.dsv
[4.186s] -- Installing: /home/user/ros2_ws/src/install/aruco_msgs/local/lib/python3.10/dist-packages/aruco_msgs-5.0.5-py3.10.egg-info
[4.186s] -- Installing: /home/user/ros2_ws/src/install/aruco_msgs/local/lib/python3.10/dist-packages/aruco_msgs-5.0.5-py3.10.egg-info/top_level.txt
[4.186s] -- Installing: /home/user/ros2_ws/src/install/aruco_msgs/local/lib/python3.10/dist-packages/aruco_msgs-5.0.5-py3.10.egg-info/PKG-INFO
[4.186s] -- Installing: /home/user/ros2_ws/src/install/aruco_msgs/local/lib/python3.10/dist-packages/aruco_msgs-5.0.5-py3.10.egg-info/SOURCES.txt
[4.186s] -- Installing: /home/user/ros2_ws/src/install/aruco_msgs/local/lib/python3.10/dist-packages/aruco_msgs-5.0.5-py3.10.egg-info/dependency_links.txt
[4.186s] -- Installing: /home/user/ros2_ws/src/install/aruco_msgs/local/lib/python3.10/dist-packages/aruco_msgs
[4.186s] -- Installing: /home/user/ros2_ws/src/install/aruco_msgs/local/lib/python3.10/dist-packages/aruco_msgs/__init__.py
[4.187s] -- Installing: /home/user/ros2_ws/src/install/aruco_msgs/local/lib/python3.10/dist-packages/aruco_msgs/_aruco_msgs_s.ep.rosidl_typesupport_introspection_c.c
[4.187s] -- Installing: /home/user/ros2_ws/src/install/aruco_msgs/local/lib/python3.10/dist-packages/aruco_msgs/aruco_msgs_s__rosidl_typesupport_introspection_c.cpython-310-x86_64-linux-gnu.so
[4.187s] -- Installing: /home/user/ros2_ws/src/install/aruco_msgs/local/lib/python3.10/dist-packages/aruco_msgs/_aruco_msgs_s.ep.rosidl_typesupport_c.c
[4.187s] -- Installing: /home/user/ros2_ws/src/install/aruco_msgs/local/lib/python3.10/dist-packages/aruco_msgs/aruco_msgs_s__rosidl_typesupport_fastrtps_c.cpython-310-x86_64-linux-gnu.so
[4.187s] -- Installing: /home/user/ros2_ws/src/install/aruco_msgs/local/lib/python3.10/dist-packages/aruco_msgs/aruco_msgs_s__rosidl_typesupport_c.cpython-310-x86_64-linux-gnu.so
[4.187s] -- Installing: /home/user/ros2_ws/src/install/aruco_msgs/local/lib/python3.10/dist-packages/aruco_msgs/libaruco_msgs__rosidl_generator_py.so
[4.187s] -- Installing: /home/user/ros2_ws/src/install/aruco_msgs/local/lib/python3.10/dist-packages/aruco_msgs/msg
[4.187s] -- Installing: /home/user/ros2_ws/src/install/aruco_msgs/local/lib/python3.10/dist-packages/aruco_msgs/msg/__init__.py
[4.187s] -- Installing: /home/user/ros2_ws/src/install/aruco_msgs/local/lib/python3.10/dist-packages/aruco_msgs/msg/_marker.py
[4.187s] -- Installing: /home/user/ros2_ws/src/install/aruco_msgs/local/lib/python3.10/dist-packages/aruco_msgs/msg/_marker_array.py
[4.187s] -- Installing: /home/user/ros2_ws/src/install/aruco_msgs/local/lib/python3.10/dist-packages/aruco_msgs/msg/_marker_s.c
[4.188s] -- Installing: /home/user/ros2_ws/src/install/aruco_msgs/local/lib/python3.10/dist-packages/aruco_msgs/msg/_marker_array_s.c
[4.188s] -- Installing: /home/user/ros2_ws/src/install/aruco_msgs/local/lib/python3.10/dist-packages/aruco_msgs/_aruco_msgs_s.ep.rosidl_typesupport_fastrtps_c.c
[4.223s] Listing '/home/user/ros2_ws/src/install/aruco_msgs/local/lib/python3.10/dist-packages/aruco_msgs'...
[4.223s] Compiling '/home/user/ros2_ws/src/install/aruco_msgs/local/lib/python3.10/dist-packages/aruco_msgs/__init__.py'...
[4.223s] Listing '/home/user/ros2_ws/src/install/aruco_msgs/local/lib/python3.10/dist-packages/aruco_msgs/msg'...
[4.224s] Compiling '/home/user/ros2_ws/src/install/aruco_msgs/local/lib/python3.10/dist-packages/aruco_msgs/msg/__init__.py'...
[4.224s] Compiling '/home/user/ros2_ws/src/install/aruco_msgs/local/lib/python3.10/dist-packages/aruco_msgs/msg/_marker.py'...
[4.224s] Compiling '/home/user/ros2_ws/src/install/aruco_msgs/local/lib/python3.10/dist-packages/aruco_msgs/msg/_marker_array.py'...
[4.228s] -- Installing: /home/user/ros2_ws/src/install/aruco_msgs/local/lib/python3.10/dist-packages/aruco_msgs/aruco_msgs_s__rosidl_typesupport_fastrtps_c.cpython-310-x86_64-linux-gnu.so
[4.228s] -- Set runtime path of "/home/user/ros2_ws/src/install/aruco_msgs/local/lib/python3.10/dist-packages/aruco_msgs/aruco_msgs_s__rosidl_typesupport_fastrtps_c.cpython-310-x86_64-linux-gnu.so" to ""
[4.228s] -- Installing: /home/user/ros2_ws/src/install/aruco_msgs/local/lib/python3.10/dist-packages/aruco_msgs/aruco_msgs_s__rosidl_typesupport_introspection_c.cpython-310-x86_64-linux-gnu.so
[4.229s] -- Set runtime path of "/home/user/ros2_ws/src/install/aruco_msgs/local/lib/python3.10/dist-packages/aruco_msgs/aruco_msgs_s__rosidl_typesupport_introspection_c.cpython-310-x86_64-linux-gnu.so" to ""
[4.229s] -- Installing: /home/user/ros2_ws/src/install/aruco_msgs/local/lib/python3.10/dist-packages/aruco_msgs/aruco_msgs_s__rosidl_typesupport_c.cpython-310-x86_64-linux-gnu.so
[4.229s] -- Set runtime path of "/home/user/ros2_ws/src/install/aruco_msgs/local/lib/python3.10/dist-packages/aruco_msgs/aruco_msgs_s__rosidl_typesupport_c.cpython-310-x86_64-linux-gnu.so" to ""
[4.229s] -- Installing: /home/user/ros2_ws/src/install/aruco_msgs/lib/libaruco_msgs__rosidl_generator_py.so
[4.229s] -- Set runtime path of "/home/user/ros2_ws/src/install/aruco_msgs/lib/libaruco_msgs__rosidl_generator_py.so" to ""
[4.229s] -- Installing: /home/user/ros2_ws/src/install/aruco_msgs/share/aruco_msgs/msg/Marker.idl
[4.229s] -- Installing: /home/user/ros2_ws/src/install/aruco_msgs/share/aruco_msgs/msg/MarkerArray.idl
[4.230s] -- Installing: /home/user/ros2_ws/src/install/aruco_msgs/share/aruco_msgs/msg/Marker.msg
[4.230s] -- Installing: /home/user/ros2_ws/src/install/aruco_msgs/share/aruco_msgs/msg/MarkerArray.msg
[4.230s] -- Installing: /home/user/ros2_ws/src/install/aruco_msgs/share/ament_index/resource_index/package_run_dependencies/aruco_msgs
[4.230s] -- Installing: /home/user/ros2_ws/src/install/aruco_msgs/share/ament_index/resource_index/parent_prefix_path/aruco_msgs
[4.230s] -- Installing: /home/user/ros2_ws/src/install/aruco_msgs/share/aruco_msgs/environment/ament_prefix_path.sh
[4.230s] -- Installing: /home/user/ros2_ws/src/install/aruco_msgs/share/aruco_msgs/environment/ament_prefix_path.dsv
[4.230s] -- Installing: /home/user/ros2_ws/src/install/aruco_msgs/share/aruco_msgs/environment/path.sh
[4.230s] -- Installing: /home/user/ros2_ws/src/install/aruco_msgs/share/aruco_msgs/environment/path.dsv
[4.231s] -- Installing: /home/user/ros2_ws/src/install/aruco_msgs/share/aruco_msgs/local_setup.bash
[4.231s] -- Installing: /home/user/ros2_ws/src/install/aruco_msgs/share/aruco_msgs/local_setup.sh
[4.231s] -- Installing: /home/user/ros2_ws/src/install/aruco_msgs/share/aruco_msgs/local_setup.zsh
[4.231s] -- Installing: /home/user/ros2_ws/src/install/aruco_msgs/share/aruco_msgs/local_setup.dsv
[4.231s] -- Installing: /home/user/ros2_ws/src/install/aruco_msgs/share/aruco_msgs/package.dsv
[4.231s] -- Installing: /home/user/ros2_ws/src/install/aruco_msgs/share/ament_index/resource_index/packages/aruco_msgs
[4.231s] -- Installing: /home/user/ros2_ws/src/install/aruco_msgs/share/aruco_msgs/cmake/export_aruco_msgs__rosidl_generator_cExport.cmake
[4.232s] -- Installing: /home/user/ros2_ws/src/install/aruco_msgs/share/aruco_msgs/cmake/export_aruco_msgs__rosidl_generator_cExport-noconfig.cmake
[4.232s] -- Installing: /home/user/ros2_ws/src/install/aruco_msgs/share/aruco_msgs/cmake/export_aruco_msgs__rosidl_typesupport_fastrtps_cExport.cmake
[4.232s] -- Installing: /home/user/ros2_ws/src/install/aruco_msgs/share/aruco_msgs/cmake/export_aruco_msgs__rosidl_typesupport_fastrtps_cExport-noconfig.cmake
[4.232s] -- Installing: /home/user/ros2_ws/src/install/aruco_msgs/share/aruco_msgs/cmake/export_aruco_msgs__rosidl_generator_cppExport.cmake
[4.232s] -- Installing: /home/user/ros2_ws/src/install/aruco_msgs/share/aruco_msgs/cmake/export_aruco_msgs__rosidl_typesupport_fastrtps_cppExport.cmake
[4.232s] -- Installing: /home/user/ros2_ws/src/install/aruco_msgs/share/aruco_msgs/cmake/export_aruco_msgs__rosidl_typesupport_fastrtps_cppExport-noconfig.cmake
[4.232s] -- Installing: /home/user/ros2_ws/src/install/aruco_msgs/share/aruco_msgs/cmake/aruco_msgs__rosidl_typesupport_introspection_cExport.cmake
[4.232s] -- Installing: /home/user/ros2_ws/src/install/aruco_msgs/share/aruco_msgs/cmake/aruco_msgs__rosidl_typesupport_introspection_cExport-noconfig.cmake
[4.233s] -- Installing: /home/user/ros2_ws/src/install/aruco_msgs/share/aruco_msgs/cmake/aruco_msgs__rosidl_typesupport_cExport.cmake
[4.233s] -- Installing: /home/user/ros2_ws/src/install/aruco_msgs/share/aruco_msgs/cmake/aruco_msgs__rosidl_typesupport_cExport-noconfig.cmake
[4.233s] -- Installing: /home/user/ros2_ws/src/install/aruco_msgs/share/aruco_msgs/cmake/aruco_msgs__rosidl_typesupport_introspection_cppExport.cmake
[4.233s] -- Installing: /home/user/ros2_ws/src/install/aruco_msgs/share/aruco_msgs/cmake/aruco_msgs__rosidl_typesupport_introspection_cppExport-noconfig.cmake
[4.233s] -- Installing: /home/user/ros2_ws/src/install/aruco_msgs/share/aruco_msgs/cmake/aruco_msgs__rosidl_typesupport_cppExport.cmake
[4.233s] -- Installing: /home/user/ros2_ws/src/install/aruco_msgs/share/aruco_msgs/cmake/aruco_msgs__rosidl_typesupport_cppExport-noconfig.cmake
[4.234s] -- Installing: /home/user/ros2_ws/src/install/aruco_msgs/share/aruco_msgs/cmake/export_aruco_msgs__rosidl_generator_pyExport.cmake
[4.234s] -- Installing: /home/user/ros2_ws/src/install/aruco_msgs/share/aruco_msgs/cmake/export_aruco_msgs__rosidl_generator_pyExport-noconfig.cmake
[4.234s] -- Installing: /home/user/ros2_ws/src/install/aruco_msgs/share/aruco_msgs/cmake/rosidl_cmake-extras.cmake
[4.234s] -- Installing: /home/user/ros2_ws/src/install/aruco_msgs/share/aruco_msgs/cmake/ament_cmake_export_dependencies-extras.cmake
[4.234s] -- Installing: /home/user/ros2_ws/src/install/aruco_msgs/share/aruco_msgs/cmake/ament_cmake_export_include_directories-extras.cmake
[4.234s] -- Installing: /home/user/ros2_ws/src/install/aruco_msgs/share/aruco_msgs/cmake/ament_cmake_export_libraries-extras.cmake
[4.235s] -- Installing: /home/user/ros2_ws/src/install/aruco_msgs/share/aruco_msgs/cmake/ament_cmake_export_targets-extras.cmake
[4.235s] -- Installing: /home/user/ros2_ws/src/install/aruco_msgs/share/aruco_msgs/cmake/rosidl_cmake_export_typesupport_targets-extras.cmake
[4.235s] -- Installing: /home/user/ros2_ws/src/install/aruco_msgs/share/aruco_msgs/cmake/rosidl_cmake_export_typesupport_libraries-extras.cmake
[4.235s] -- Installing: /home/user/ros2_ws/src/install/aruco_msgs/share/aruco_msgs/cmake/aruco_msgsConfig.cmake
[4.235s] -- Installing: /home/user/ros2_ws/src/install/aruco_msgs/share/aruco_msgs/cmake/aruco_msgsConfig-version.cmake
[4.235s] -- Installing: /home/user/ros2_ws/src/install/aruco_msgs/share/aruco_msgs/package.xml
[4.237s] Invoked command in '/home/user/ros2_ws/src/build/aruco_msgs' returned '0': CMAKE_PREFIX_PATH=${CMAKE_PREFIX_PATH}:/opt/ros/humble /usr/bin/cmake --install /home/user/ros2_ws/src/build/aruco_msgs
