[0.015s] Invoking command in '/home/user/ros2_ws/src/build/aruco_ros': AMENT_PREFIX_PATH=/home/user/ros2_ws/src/install/aruco_msgs:/home/user/ros2_ws/src/install/aruco:${AMENT_PREFIX_PATH} CMAKE_PREFIX_PATH=/home/user/ros2_ws/src/install/aruco_msgs:/home/user/ros2_ws/src/install/aruco:/home/user/ros2_ws/install/multirobot_map_merge:/home/user/ros2_ws/install/explore_lite:/home/user/ros2_ws/install/ros2_kdl_package:/home/user/ros2_ws/install/ros2_fra2mo:/home/user/ros2_ws/install/impedance_controller:/home/user/ros2_ws/install/iiwa_bringup:/home/user/ros2_ws/install/iiwa_description:/home/user/ros2_ws/install/external_torque_sensor_broadcaster:/home/user/ros2_ws/install/aruco_ros:/home/user/ros2_ws/install/aruco_msgs:/home/user/ros2_ws/install/aruco:/opt/ros/humble LD_LIBRARY_PATH=/home/user/ros2_ws/src/install/aruco_msgs/lib:/home/user/ros2_ws/src/install/aruco/lib:${LD_LIBRARY_PATH} PYTHONPATH=/home/user/ros2_ws/src/install/aruco_msgs/local/lib/python3.10/dist-packages:${PYTHONPATH} /usr/bin/cmake /home/user/ros2_ws/src/aruco_ros/aruco_ros -DCMAKE_INSTALL_PREFIX=/home/user/ros2_ws/src/install/aruco_ros
[0.067s] -- The C compiler identification is GNU 11.4.0
[0.112s] -- The CXX compiler identification is GNU 11.4.0
[0.118s] -- Detecting C compiler ABI info
[0.184s] -- Detecting C compiler ABI info - done
[0.191s] -- Check for working C compiler: /usr/bin/cc - skipped
[0.191s] -- Detecting C compile features
[0.192s] -- Detecting C compile features - done
[0.195s] -- Detecting CXX compiler ABI info
[0.278s] -- Detecting CXX compiler ABI info - done
[0.284s] -- Check for working CXX compiler: /usr/bin/c++ - skipped
[0.284s] -- Detecting CXX compile features
[0.284s] -- Detecting CXX compile features - done
[0.289s] -- Found ament_cmake: 1.3.12 (/opt/ros/humble/share/ament_cmake/cmake)
[0.438s] -- Found Python3: /usr/bin/python3 (found version "3.10.12") found components: Interpreter 
[0.548s] -- Found OpenCV: /usr (found version "4.5.4") 
[0.554s] -- Found cv_bridge: 3.2.1 (/opt/ros/humble/share/cv_bridge/cmake)
[0.608s] -- Found rosidl_generator_c: 3.1.8 (/opt/ros/humble/share/rosidl_generator_c/cmake)
[0.618s] -- Found rosidl_adapter: 3.1.8 (/opt/ros/humble/share/rosidl_adapter/cmake)
[0.631s] -- Found rosidl_generator_cpp: 3.1.8 (/opt/ros/humble/share/rosidl_generator_cpp/cmake)
[0.649s] -- Using all available rosidl_typesupport_c: rosidl_typesupport_fastrtps_c;rosidl_typesupport_introspection_c
[0.673s] -- Using all available rosidl_typesupport_cpp: rosidl_typesupport_fastrtps_cpp;rosidl_typesupport_introspection_cpp
[0.749s] -- Found image_transport: 3.1.12 (/opt/ros/humble/share/image_transport/cmake)
[0.830s] -- Found rmw_implementation_cmake: 6.1.2 (/opt/ros/humble/share/rmw_implementation_cmake/cmake)
[0.836s] -- Found rmw_fastrtps_cpp: 6.2.9 (/opt/ros/humble/share/rmw_fastrtps_cpp/cmake)
[0.975s] -- Found OpenSSL: /usr/lib/x86_64-linux-gnu/libcrypto.so (found version "3.0.2")  
[1.028s] -- Found FastRTPS: /opt/ros/humble/include  
[1.110s] -- Using RMW implementation 'rmw_fastrtps_cpp' as default
[1.133s] -- Looking for pthread.h
[1.233s] -- Looking for pthread.h - found
[1.233s] -- Performing Test CMAKE_HAVE_LIBC_PTHREAD
[1.347s] -- Performing Test CMAKE_HAVE_LIBC_PTHREAD - Success
[1.349s] -- Found Threads: TRUE  
[1.488s] -- Found rclpy: 3.3.19 (/opt/ros/humble/share/rclpy/cmake)
[1.494s] -- Found tf2: 0.25.18 (/opt/ros/humble/share/tf2/cmake)
[1.504s] -- Found tf2_ros: 0.25.18 (/opt/ros/humble/share/tf2_ros/cmake)
[1.649s] -- Found tf2_geometry_msgs: 0.25.18 (/opt/ros/humble/share/tf2_geometry_msgs/cmake)
[1.689s] -- Found eigen3_cmake_module: 0.1.1 (/opt/ros/humble/share/eigen3_cmake_module/cmake)
[1.691s] -- Found Eigen3: TRUE (found version "3.4.0") 
[1.691s] -- Ensuring Eigen3 include directory is part of orocos-kdl CMake target
[1.694s] -- Found aruco: 5.0.5 (/home/user/ros2_ws/src/install/aruco/share/aruco/cmake)
[1.695s] -- Found aruco_msgs: 5.0.5 (/home/user/ros2_ws/src/install/aruco_msgs/share/aruco_msgs/cmake)
[1.720s] -- Found visualization_msgs: 4.9.0 (/opt/ros/humble/share/visualization_msgs/cmake)
[1.812s] -- Found ament_lint_auto: 0.12.14 (/opt/ros/humble/share/ament_lint_auto/cmake)
[2.073s] -- Added test 'cppcheck' to perform static code analysis on C / C++ code
[2.074s] -- Configured cppcheck include dirs: /home/user/ros2_ws/src/aruco_ros/aruco_ros/include
[2.074s] -- Configured cppcheck exclude dirs and/or files: 
[2.078s] -- Added test 'cpplint' to check C / C++ code against the Google style
[2.078s] -- Configured cpplint exclude dirs and/or files: 
[2.080s] -- Added test 'flake8' to check Python code syntax and style conventions
[2.082s] -- Added test 'lint_cmake' to check CMake code style
[2.083s] -- Added test 'pep257' to check Python code against some of the docstring style conventions in PEP 257
[2.086s] -- Added test 'uncrustify' to check C / C++ code style
[2.087s] -- Configured uncrustify additional arguments: 
[2.088s] -- Added test 'xmllint' to check XML markup files
[2.092s] -- Configuring done
[2.200s] -- Generating done
[2.234s] -- Build files have been written to: /home/user/ros2_ws/src/build/aruco_ros
[2.261s] Invoked command in '/home/user/ros2_ws/src/build/aruco_ros' returned '0': AMENT_PREFIX_PATH=/home/user/ros2_ws/src/install/aruco_msgs:/home/user/ros2_ws/src/install/aruco:${AMENT_PREFIX_PATH} CMAKE_PREFIX_PATH=/home/user/ros2_ws/src/install/aruco_msgs:/home/user/ros2_ws/src/install/aruco:/home/user/ros2_ws/install/multirobot_map_merge:/home/user/ros2_ws/install/explore_lite:/home/user/ros2_ws/install/ros2_kdl_package:/home/user/ros2_ws/install/ros2_fra2mo:/home/user/ros2_ws/install/impedance_controller:/home/user/ros2_ws/install/iiwa_bringup:/home/user/ros2_ws/install/iiwa_description:/home/user/ros2_ws/install/external_torque_sensor_broadcaster:/home/user/ros2_ws/install/aruco_ros:/home/user/ros2_ws/install/aruco_msgs:/home/user/ros2_ws/install/aruco:/opt/ros/humble LD_LIBRARY_PATH=/home/user/ros2_ws/src/install/aruco_msgs/lib:/home/user/ros2_ws/src/install/aruco/lib:${LD_LIBRARY_PATH} PYTHONPATH=/home/user/ros2_ws/src/install/aruco_msgs/local/lib/python3.10/dist-packages:${PYTHONPATH} /usr/bin/cmake /home/user/ros2_ws/src/aruco_ros/aruco_ros -DCMAKE_INSTALL_PREFIX=/home/user/ros2_ws/src/install/aruco_ros
[2.266s] Invoking command in '/home/user/ros2_ws/src/build/aruco_ros': AMENT_PREFIX_PATH=/home/user/ros2_ws/src/install/aruco_msgs:/home/user/ros2_ws/src/install/aruco:${AMENT_PREFIX_PATH} CMAKE_PREFIX_PATH=/home/user/ros2_ws/src/install/aruco_msgs:/home/user/ros2_ws/src/install/aruco:/home/user/ros2_ws/install/multirobot_map_merge:/home/user/ros2_ws/install/explore_lite:/home/user/ros2_ws/install/ros2_kdl_package:/home/user/ros2_ws/install/ros2_fra2mo:/home/user/ros2_ws/install/impedance_controller:/home/user/ros2_ws/install/iiwa_bringup:/home/user/ros2_ws/install/iiwa_description:/home/user/ros2_ws/install/external_torque_sensor_broadcaster:/home/user/ros2_ws/install/aruco_ros:/home/user/ros2_ws/install/aruco_msgs:/home/user/ros2_ws/install/aruco:/opt/ros/humble LD_LIBRARY_PATH=/home/user/ros2_ws/src/install/aruco_msgs/lib:/home/user/ros2_ws/src/install/aruco/lib:${LD_LIBRARY_PATH} PYTHONPATH=/home/user/ros2_ws/src/install/aruco_msgs/local/lib/python3.10/dist-packages:${PYTHONPATH} /usr/bin/cmake --build /home/user/ros2_ws/src/build/aruco_ros -- -j22 -l22
[2.397s] [ 18%] [32mBuilding CXX object CMakeFiles/double.dir/src/simple_double.cpp.o[0m
[2.398s] [ 18%] [32mBuilding CXX object CMakeFiles/double.dir/src/aruco_ros_utils.cpp.o[0m
[2.399s] [ 27%] [32mBuilding CXX object CMakeFiles/single.dir/src/aruco_ros_utils.cpp.o[0m
[2.403s] [ 36%] [32mBuilding CXX object CMakeFiles/marker_publisher.dir/src/aruco_ros_utils.cpp.o[0m
[2.405s] [ 45%] [32mBuilding CXX object CMakeFiles/aruco_ros_utils.dir/src/aruco_ros_utils.cpp.o[0m
[2.409s] [ 63%] [32mBuilding CXX object CMakeFiles/marker_publisher.dir/src/marker_publish.cpp.o[0m
[2.409s] [ 63%] [32mBuilding CXX object CMakeFiles/single.dir/src/simple_single.cpp.o[0m
[6.399s] [ 72%] [32m[1mLinking CXX shared library libaruco_ros_utils.so[0m
[7.067s] [ 72%] Built target aruco_ros_utils
[19.164s] [ 81%] [32m[1mLinking CXX executable double[0m
[20.514s] [ 81%] Built target double
[21.014s] [ 90%] [32m[1mLinking CXX executable single[0m
[21.838s] [100%] [32m[1mLinking CXX executable marker_publisher[0m
[22.246s] [100%] Built target single
[23.002s] [100%] Built target marker_publisher
[23.017s] Invoked command in '/home/user/ros2_ws/src/build/aruco_ros' returned '0': AMENT_PREFIX_PATH=/home/user/ros2_ws/src/install/aruco_msgs:/home/user/ros2_ws/src/install/aruco:${AMENT_PREFIX_PATH} CMAKE_PREFIX_PATH=/home/user/ros2_ws/src/install/aruco_msgs:/home/user/ros2_ws/src/install/aruco:/home/user/ros2_ws/install/multirobot_map_merge:/home/user/ros2_ws/install/explore_lite:/home/user/ros2_ws/install/ros2_kdl_package:/home/user/ros2_ws/install/ros2_fra2mo:/home/user/ros2_ws/install/impedance_controller:/home/user/ros2_ws/install/iiwa_bringup:/home/user/ros2_ws/install/iiwa_description:/home/user/ros2_ws/install/external_torque_sensor_broadcaster:/home/user/ros2_ws/install/aruco_ros:/home/user/ros2_ws/install/aruco_msgs:/home/user/ros2_ws/install/aruco:/opt/ros/humble LD_LIBRARY_PATH=/home/user/ros2_ws/src/install/aruco_msgs/lib:/home/user/ros2_ws/src/install/aruco/lib:${LD_LIBRARY_PATH} PYTHONPATH=/home/user/ros2_ws/src/install/aruco_msgs/local/lib/python3.10/dist-packages:${PYTHONPATH} /usr/bin/cmake --build /home/user/ros2_ws/src/build/aruco_ros -- -j22 -l22
[23.019s] Invoking command in '/home/user/ros2_ws/src/build/aruco_ros': AMENT_PREFIX_PATH=/home/user/ros2_ws/src/install/aruco_msgs:/home/user/ros2_ws/src/install/aruco:${AMENT_PREFIX_PATH} CMAKE_PREFIX_PATH=/home/user/ros2_ws/src/install/aruco_msgs:/home/user/ros2_ws/src/install/aruco:/home/user/ros2_ws/install/multirobot_map_merge:/home/user/ros2_ws/install/explore_lite:/home/user/ros2_ws/install/ros2_kdl_package:/home/user/ros2_ws/install/ros2_fra2mo:/home/user/ros2_ws/install/impedance_controller:/home/user/ros2_ws/install/iiwa_bringup:/home/user/ros2_ws/install/iiwa_description:/home/user/ros2_ws/install/external_torque_sensor_broadcaster:/home/user/ros2_ws/install/aruco_ros:/home/user/ros2_ws/install/aruco_msgs:/home/user/ros2_ws/install/aruco:/opt/ros/humble LD_LIBRARY_PATH=/home/user/ros2_ws/src/install/aruco_msgs/lib:/home/user/ros2_ws/src/install/aruco/lib:${LD_LIBRARY_PATH} PYTHONPATH=/home/user/ros2_ws/src/install/aruco_msgs/local/lib/python3.10/dist-packages:${PYTHONPATH} /usr/bin/cmake --install /home/user/ros2_ws/src/build/aruco_ros
[23.030s] -- Install configuration: ""
[23.031s] -- Installing: /home/user/ros2_ws/src/install/aruco_ros/lib/libaruco_ros_utils.so
[23.031s] -- Set runtime path of "/home/user/ros2_ws/src/install/aruco_ros/lib/libaruco_ros_utils.so" to ""
[23.031s] -- Installing: /home/user/ros2_ws/src/install/aruco_ros/lib/aruco_ros/marker_publisher
[23.035s] -- Set runtime path of "/home/user/ros2_ws/src/install/aruco_ros/lib/aruco_ros/marker_publisher" to ""
[23.035s] -- Installing: /home/user/ros2_ws/src/install/aruco_ros/lib/aruco_ros/single
[23.038s] -- Set runtime path of "/home/user/ros2_ws/src/install/aruco_ros/lib/aruco_ros/single" to ""
[23.038s] -- Installing: /home/user/ros2_ws/src/install/aruco_ros/lib/aruco_ros/double
[23.041s] -- Set runtime path of "/home/user/ros2_ws/src/install/aruco_ros/lib/aruco_ros/double" to ""
[23.041s] -- Installing: /home/user/ros2_ws/src/install/aruco_ros/include
[23.041s] -- Installing: /home/user/ros2_ws/src/install/aruco_ros/include/aruco_ros
[23.042s] -- Installing: /home/user/ros2_ws/src/install/aruco_ros/share/aruco_ros/etc
[23.042s] -- Installing: /home/user/ros2_ws/src/install/aruco_ros/share/aruco_ros/etc/marker_in_hand.jpg
[23.042s] -- Installing: /home/user/ros2_ws/src/install/aruco_ros/share/aruco_ros/etc/reem_gazebo_floating_marker_world.png
[23.042s] -- Installing: /home/user/ros2_ws/src/install/aruco_ros/share/aruco_ros/etc/new_coordinates.png
[23.042s] -- Installing: /home/user/ros2_ws/src/install/aruco_ros/share/aruco_ros/etc/marker26_5cm.jpg
[23.042s] -- Installing: /home/user/ros2_ws/src/install/aruco_ros/share/aruco_ros/etc/marker26_5cm_margin_2cm.jpg
[23.042s] -- Installing: /home/user/ros2_ws/src/install/aruco_ros/share/aruco_ros/etc/reem_gazebo_floating_marker.png
[23.042s] -- Installing: /home/user/ros2_ws/src/install/aruco_ros/share/aruco_ros/etc/marker582_5cm.jpg
[23.043s] -- Installing: /home/user/ros2_ws/src/install/aruco_ros/share/aruco_ros/etc/marker582_5cm_margin_2cm.jpg
[23.043s] -- Installing: /home/user/ros2_ws/src/install/aruco_ros/share/aruco_ros/etc/marker_in_object.jpg
[23.043s] -- Installing: /home/user/ros2_ws/src/install/aruco_ros/share/aruco_ros/etc/marker26_5cm_margin_1cm.jpg
[23.043s] -- Installing: /home/user/ros2_ws/src/install/aruco_ros/share/aruco_ros/launch
[23.043s] -- Installing: /home/user/ros2_ws/src/install/aruco_ros/share/aruco_ros/launch/single.launch.py
[23.043s] -- Installing: /home/user/ros2_ws/src/install/aruco_ros/share/aruco_ros/launch/double.launch.py
[23.043s] -- Installing: /home/user/ros2_ws/src/install/aruco_ros/share/aruco_ros/launch/marker_publisher.launch.py
[23.043s] -- Installing: /home/user/ros2_ws/src/install/aruco_ros/share/ament_index/resource_index/package_run_dependencies/aruco_ros
[23.043s] -- Installing: /home/user/ros2_ws/src/install/aruco_ros/share/ament_index/resource_index/parent_prefix_path/aruco_ros
[23.044s] -- Installing: /home/user/ros2_ws/src/install/aruco_ros/share/aruco_ros/environment/ament_prefix_path.sh
[23.044s] -- Installing: /home/user/ros2_ws/src/install/aruco_ros/share/aruco_ros/environment/ament_prefix_path.dsv
[23.044s] -- Installing: /home/user/ros2_ws/src/install/aruco_ros/share/aruco_ros/environment/path.sh
[23.044s] -- Installing: /home/user/ros2_ws/src/install/aruco_ros/share/aruco_ros/environment/path.dsv
[23.044s] -- Installing: /home/user/ros2_ws/src/install/aruco_ros/share/aruco_ros/local_setup.bash
[23.044s] -- Installing: /home/user/ros2_ws/src/install/aruco_ros/share/aruco_ros/local_setup.sh
[23.044s] -- Installing: /home/user/ros2_ws/src/install/aruco_ros/share/aruco_ros/local_setup.zsh
[23.044s] -- Installing: /home/user/ros2_ws/src/install/aruco_ros/share/aruco_ros/local_setup.dsv
[23.044s] -- Installing: /home/user/ros2_ws/src/install/aruco_ros/share/aruco_ros/package.dsv
[23.044s] -- Installing: /home/user/ros2_ws/src/install/aruco_ros/share/ament_index/resource_index/packages/aruco_ros
[23.045s] -- Installing: /home/user/ros2_ws/src/install/aruco_ros/share/aruco_ros/cmake/aruco_rosConfig.cmake
[23.045s] -- Installing: /home/user/ros2_ws/src/install/aruco_ros/share/aruco_ros/cmake/aruco_rosConfig-version.cmake
[23.045s] -- Installing: /home/user/ros2_ws/src/install/aruco_ros/share/aruco_ros/package.xml
[23.048s] Invoked command in '/home/user/ros2_ws/src/build/aruco_ros' returned '0': AMENT_PREFIX_PATH=/home/user/ros2_ws/src/install/aruco_msgs:/home/user/ros2_ws/src/install/aruco:${AMENT_PREFIX_PATH} CMAKE_PREFIX_PATH=/home/user/ros2_ws/src/install/aruco_msgs:/home/user/ros2_ws/src/install/aruco:/home/user/ros2_ws/install/multirobot_map_merge:/home/user/ros2_ws/install/explore_lite:/home/user/ros2_ws/install/ros2_kdl_package:/home/user/ros2_ws/install/ros2_fra2mo:/home/user/ros2_ws/install/impedance_controller:/home/user/ros2_ws/install/iiwa_bringup:/home/user/ros2_ws/install/iiwa_description:/home/user/ros2_ws/install/external_torque_sensor_broadcaster:/home/user/ros2_ws/install/aruco_ros:/home/user/ros2_ws/install/aruco_msgs:/home/user/ros2_ws/install/aruco:/opt/ros/humble LD_LIBRARY_PATH=/home/user/ros2_ws/src/install/aruco_msgs/lib:/home/user/ros2_ws/src/install/aruco/lib:${LD_LIBRARY_PATH} PYTHONPATH=/home/user/ros2_ws/src/install/aruco_msgs/local/lib/python3.10/dist-packages:${PYTHONPATH} /usr/bin/cmake --install /home/user/ros2_ws/src/build/aruco_ros
