[0.039s] Invoking command in '/home/user/ros2_ws/src/build/aruco': CMAKE_PREFIX_PATH=${CMAKE_PREFIX_PATH}:/opt/ros/humble /usr/bin/cmake --build /home/user/ros2_ws/src/build/aruco -- -j22 -l22
[0.085s] [35m[1mConsolidate compiler generated dependencies of target aruco[0m
[0.128s] [100%] Built target aruco
[0.150s] Invoked command in '/home/user/ros2_ws/src/build/aruco' returned '0': CMAKE_PREFIX_PATH=${CMAKE_PREFIX_PATH}:/opt/ros/humble /usr/bin/cmake --build /home/user/ros2_ws/src/build/aruco -- -j22 -l22
[0.163s] Invoking command in '/home/user/ros2_ws/src/build/aruco': CMAKE_PREFIX_PATH=${CMAKE_PREFIX_PATH}:/opt/ros/humble /usr/bin/cmake --install /home/user/ros2_ws/src/build/aruco
[0.188s] -- Install configuration: ""
[0.188s] -- Up-to-date: /home/user/ros2_ws/src/install/aruco/lib/libaruco.so
[0.188s] -- Up-to-date: /home/user/ros2_ws/src/install/aruco/include
[0.188s] -- Up-to-date: /home/user/ros2_ws/src/install/aruco/include/aruco
[0.188s] -- Up-to-date: /home/user/ros2_ws/src/install/aruco/include/aruco/dictionary.h
[0.188s] -- Up-to-date: /home/user/ros2_ws/src/install/aruco/include/aruco/aruco_cvversioning.h
[0.188s] -- Up-to-date: /home/user/ros2_ws/src/install/aruco/include/aruco/marker.h
[0.188s] -- Up-to-date: /home/user/ros2_ws/src/install/aruco/include/aruco/picoflann.h
[0.189s] -- Up-to-date: /home/user/ros2_ws/src/install/aruco/include/aruco/markerdetector.h
[0.189s] -- Up-to-date: /home/user/ros2_ws/src/install/aruco/include/aruco/debug.h
[0.189s] -- Up-to-date: /home/user/ros2_ws/src/install/aruco/include/aruco/levmarq.h
[0.189s] -- Up-to-date: /home/user/ros2_ws/src/install/aruco/include/aruco/fractallabelers
[0.189s] -- Up-to-date: /home/user/ros2_ws/src/install/aruco/include/aruco/fractallabelers/fractalmarkerset.h
[0.189s] -- Up-to-date: /home/user/ros2_ws/src/install/aruco/include/aruco/fractallabelers/fractalposetracker.h
[0.189s] -- Up-to-date: /home/user/ros2_ws/src/install/aruco/include/aruco/fractallabelers/fractallabeler.h
[0.189s] -- Up-to-date: /home/user/ros2_ws/src/install/aruco/include/aruco/fractallabelers/fractalmarker.h
[0.189s] -- Up-to-date: /home/user/ros2_ws/src/install/aruco/include/aruco/cameraparameters.h
[0.189s] -- Up-to-date: /home/user/ros2_ws/src/install/aruco/include/aruco/markerlabeler.h
[0.189s] -- Up-to-date: /home/user/ros2_ws/src/install/aruco/include/aruco/aruco.h
[0.189s] -- Up-to-date: /home/user/ros2_ws/src/install/aruco/include/aruco/aruco_export.h
[0.189s] -- Up-to-date: /home/user/ros2_ws/src/install/aruco/include/aruco/fractaldetector.h
[0.189s] -- Up-to-date: /home/user/ros2_ws/src/install/aruco/include/aruco/posetracker.h
[0.189s] -- Up-to-date: /home/user/ros2_ws/src/install/aruco/include/aruco/markerdetector_impl.h
[0.190s] -- Up-to-date: /home/user/ros2_ws/src/install/aruco/include/aruco/cvdrawingutils.h
[0.190s] -- Up-to-date: /home/user/ros2_ws/src/install/aruco/include/aruco/ippe.h
[0.190s] -- Up-to-date: /home/user/ros2_ws/src/install/aruco/include/aruco/dictionary_based.h
[0.190s] -- Up-to-date: /home/user/ros2_ws/src/install/aruco/include/aruco/timers.h
[0.190s] -- Up-to-date: /home/user/ros2_ws/src/install/aruco/include/aruco/markermap.h
[0.190s] -- Up-to-date: /home/user/ros2_ws/src/install/aruco/share/aruco/environment/library_path.sh
[0.190s] -- Up-to-date: /home/user/ros2_ws/src/install/aruco/share/aruco/environment/library_path.dsv
[0.190s] -- Up-to-date: /home/user/ros2_ws/src/install/aruco/share/ament_index/resource_index/package_run_dependencies/aruco
[0.190s] -- Up-to-date: /home/user/ros2_ws/src/install/aruco/share/ament_index/resource_index/parent_prefix_path/aruco
[0.190s] -- Up-to-date: /home/user/ros2_ws/src/install/aruco/share/aruco/environment/ament_prefix_path.sh
[0.190s] -- Up-to-date: /home/user/ros2_ws/src/install/aruco/share/aruco/environment/ament_prefix_path.dsv
[0.190s] -- Up-to-date: /home/user/ros2_ws/src/install/aruco/share/aruco/environment/path.sh
[0.190s] -- Up-to-date: /home/user/ros2_ws/src/install/aruco/share/aruco/environment/path.dsv
[0.190s] -- Up-to-date: /home/user/ros2_ws/src/install/aruco/share/aruco/local_setup.bash
[0.190s] -- Up-to-date: /home/user/ros2_ws/src/install/aruco/share/aruco/local_setup.sh
[0.190s] -- Up-to-date: /home/user/ros2_ws/src/install/aruco/share/aruco/local_setup.zsh
[0.190s] -- Up-to-date: /home/user/ros2_ws/src/install/aruco/share/aruco/local_setup.dsv
[0.190s] -- Installing: /home/user/ros2_ws/src/install/aruco/share/aruco/package.dsv
[0.190s] -- Up-to-date: /home/user/ros2_ws/src/install/aruco/share/ament_index/resource_index/packages/aruco
[0.190s] -- Up-to-date: /home/user/ros2_ws/src/install/aruco/share/aruco/cmake/ament_cmake_export_include_directories-extras.cmake
[0.191s] -- Up-to-date: /home/user/ros2_ws/src/install/aruco/share/aruco/cmake/ament_cmake_export_libraries-extras.cmake
[0.191s] -- Up-to-date: /home/user/ros2_ws/src/install/aruco/share/aruco/cmake/arucoConfig.cmake
[0.191s] -- Up-to-date: /home/user/ros2_ws/src/install/aruco/share/aruco/cmake/arucoConfig-version.cmake
[0.191s] -- Up-to-date: /home/user/ros2_ws/src/install/aruco/share/aruco/package.xml
[0.203s] Invoked command in '/home/user/ros2_ws/src/build/aruco' returned '0': CMAKE_PREFIX_PATH=${CMAKE_PREFIX_PATH}:/opt/ros/humble /usr/bin/cmake --install /home/user/ros2_ws/src/build/aruco
