[35m[1mConsolidate compiler generated dependencies of target ros2_kdl_package__rosidl_generator_c[0m
[35m[1mConsolidate compiler generated dependencies of target ros2_kdl_node_example[0m
[  7%] Built target ros2_kdl_package__rosidl_generator_c
[ 10%] Built target ros2_kdl_package__cpp
[ 10%] Built target ament_cmake_python_copy_ros2_kdl_package
[ 15%] Built target ros2_kdl_node_example
[35m[1mConsolidate compiler generated dependencies of target ros2_kdl_package__rosidl_typesupport_c[0m
[35m[1mConsolidate compiler generated dependencies of target ros2_kdl_package__rosidl_typesupport_introspection_c[0m
[35m[1mConsolidate compiler generated dependencies of target ros2_kdl_package__rosidl_typesupport_fastrtps_c[0m
[35m[1mConsolidate compiler generated dependencies of target ros2_kdl_package__rosidl_typesupport_fastrtps_cpp[0m
[35m[1mConsolidate compiler generated dependencies of target ros2_kdl_package__rosidl_typesupport_introspection_cpp[0m
[35m[1mConsolidate compiler generated dependencies of target ros2_kdl_package__rosidl_typesupport_cpp[0m
[ 22%] Built target ros2_kdl_package__rosidl_typesupport_introspection_c
[ 30%] Built target ros2_kdl_package__rosidl_typesupport_introspection_cpp
[ 37%] Built target ros2_kdl_package__rosidl_typesupport_c
[ 45%] Built target ros2_kdl_package__rosidl_typesupport_fastrtps_cpp
[ 52%] Built target ros2_kdl_package__rosidl_typesupport_fastrtps_c
[ 60%] Built target ros2_kdl_package__rosidl_typesupport_cpp
[ 60%] Built target ros2_kdl_package
[35m[1mConsolidate compiler generated dependencies of target ros2_kdl_node_client[0m
[35m[1mConsolidate compiler generated dependencies of target ros2_kdl_node[0m
[ 62%] Built target ros2_kdl_package__py
[ 67%] Built target ros2_kdl_node_client
[35m[1mConsolidate compiler generated dependencies of target ros2_kdl_package__rosidl_generator_py[0m
[ 80%] Built target ros2_kdl_node
[ 85%] Built target ros2_kdl_package__rosidl_generator_py
[35m[1mConsolidate compiler generated dependencies of target ros2_kdl_package__rosidl_typesupport_fastrtps_c__pyext[0m
[35m[1mConsolidate compiler generated dependencies of target ros2_kdl_package__rosidl_typesupport_c__pyext[0m
[35m[1mConsolidate compiler generated dependencies of target ros2_kdl_package__rosidl_typesupport_introspection_c__pyext[0m
[ 90%] Built target ros2_kdl_package__rosidl_typesupport_fastrtps_c__pyext
[ 95%] Built target ros2_kdl_package__rosidl_typesupport_c__pyext
[100%] Built target ros2_kdl_package__rosidl_typesupport_introspection_c__pyext
running egg_info
writing ros2_kdl_package.egg-info/PKG-INFO
writing dependency_links to ros2_kdl_package.egg-info/dependency_links.txt
writing top-level names to ros2_kdl_package.egg-info/top_level.txt
reading manifest file 'ros2_kdl_package.egg-info/SOURCES.txt'
writing manifest file 'ros2_kdl_package.egg-info/SOURCES.txt'
[100%] Built target ament_cmake_python_build_ros2_kdl_package_egg
-- Install configuration: ""
-- Up-to-date: /home/user/ros2_ws/src/install/ros2_kdl_package/share/ament_index/resource_index/rosidl_interfaces/ros2_kdl_package
-- Up-to-date: /home/user/ros2_ws/src/install/ros2_kdl_package/include/ros2_kdl_package/ros2_kdl_package
-- Up-to-date: /home/user/ros2_ws/src/install/ros2_kdl_package/include/ros2_kdl_package/ros2_kdl_package/action
-- Up-to-date: /home/user/ros2_ws/src/install/ros2_kdl_package/include/ros2_kdl_package/ros2_kdl_package/action/execute_trajectory.h
-- Up-to-date: /home/user/ros2_ws/src/install/ros2_kdl_package/include/ros2_kdl_package/ros2_kdl_package/action/detail
-- Up-to-date: /home/user/ros2_ws/src/install/ros2_kdl_package/include/ros2_kdl_package/ros2_kdl_package/action/detail/execute_trajectory__type_support.h
-- Up-to-date: /home/user/ros2_ws/src/install/ros2_kdl_package/include/ros2_kdl_package/ros2_kdl_package/action/detail/execute_trajectory__functions.c
-- Up-to-date: /home/user/ros2_ws/src/install/ros2_kdl_package/include/ros2_kdl_package/ros2_kdl_package/action/detail/execute_trajectory__functions.h
-- Up-to-date: /home/user/ros2_ws/src/install/ros2_kdl_package/include/ros2_kdl_package/ros2_kdl_package/action/detail/execute_trajectory__struct.h
-- Up-to-date: /home/user/ros2_ws/src/install/ros2_kdl_package/include/ros2_kdl_package/ros2_kdl_package/msg
-- Up-to-date: /home/user/ros2_ws/src/install/ros2_kdl_package/include/ros2_kdl_package/ros2_kdl_package/msg/rosidl_generator_c__visibility_control.h
-- Up-to-date: /home/user/ros2_ws/src/install/ros2_kdl_package/share/ros2_kdl_package/environment/library_path.sh
-- Up-to-date: /home/user/ros2_ws/src/install/ros2_kdl_package/share/ros2_kdl_package/environment/library_path.dsv
-- Up-to-date: /home/user/ros2_ws/src/install/ros2_kdl_package/lib/libros2_kdl_package__rosidl_generator_c.so
-- Up-to-date: /home/user/ros2_ws/src/install/ros2_kdl_package/include/ros2_kdl_package/ros2_kdl_package
-- Up-to-date: /home/user/ros2_ws/src/install/ros2_kdl_package/include/ros2_kdl_package/ros2_kdl_package/action
-- Up-to-date: /home/user/ros2_ws/src/install/ros2_kdl_package/include/ros2_kdl_package/ros2_kdl_package/action/detail
-- Up-to-date: /home/user/ros2_ws/src/install/ros2_kdl_package/include/ros2_kdl_package/ros2_kdl_package/action/detail/execute_trajectory__rosidl_typesupport_fastrtps_c.h
-- Up-to-date: /home/user/ros2_ws/src/install/ros2_kdl_package/include/ros2_kdl_package/ros2_kdl_package/msg
-- Up-to-date: /home/user/ros2_ws/src/install/ros2_kdl_package/include/ros2_kdl_package/ros2_kdl_package/msg/rosidl_typesupport_fastrtps_c__visibility_control.h
-- Up-to-date: /home/user/ros2_ws/src/install/ros2_kdl_package/lib/libros2_kdl_package__rosidl_typesupport_fastrtps_c.so
-- Up-to-date: /home/user/ros2_ws/src/install/ros2_kdl_package/include/ros2_kdl_package/ros2_kdl_package
-- Up-to-date: /home/user/ros2_ws/src/install/ros2_kdl_package/include/ros2_kdl_package/ros2_kdl_package/action
-- Up-to-date: /home/user/ros2_ws/src/install/ros2_kdl_package/include/ros2_kdl_package/ros2_kdl_package/action/execute_trajectory.hpp
-- Up-to-date: /home/user/ros2_ws/src/install/ros2_kdl_package/include/ros2_kdl_package/ros2_kdl_package/action/detail
-- Up-to-date: /home/user/ros2_ws/src/install/ros2_kdl_package/include/ros2_kdl_package/ros2_kdl_package/action/detail/execute_trajectory__traits.hpp
-- Up-to-date: /home/user/ros2_ws/src/install/ros2_kdl_package/include/ros2_kdl_package/ros2_kdl_package/action/detail/execute_trajectory__type_support.hpp
-- Up-to-date: /home/user/ros2_ws/src/install/ros2_kdl_package/include/ros2_kdl_package/ros2_kdl_package/action/detail/execute_trajectory__struct.hpp
-- Up-to-date: /home/user/ros2_ws/src/install/ros2_kdl_package/include/ros2_kdl_package/ros2_kdl_package/action/detail/execute_trajectory__builder.hpp
-- Up-to-date: /home/user/ros2_ws/src/install/ros2_kdl_package/include/ros2_kdl_package/ros2_kdl_package/msg
-- Up-to-date: /home/user/ros2_ws/src/install/ros2_kdl_package/include/ros2_kdl_package/ros2_kdl_package/msg/rosidl_generator_cpp__visibility_control.hpp
-- Up-to-date: /home/user/ros2_ws/src/install/ros2_kdl_package/include/ros2_kdl_package/ros2_kdl_package
-- Up-to-date: /home/user/ros2_ws/src/install/ros2_kdl_package/include/ros2_kdl_package/ros2_kdl_package/action
-- Up-to-date: /home/user/ros2_ws/src/install/ros2_kdl_package/include/ros2_kdl_package/ros2_kdl_package/action/detail
-- Up-to-date: /home/user/ros2_ws/src/install/ros2_kdl_package/include/ros2_kdl_package/ros2_kdl_package/action/detail/execute_trajectory__rosidl_typesupport_fastrtps_cpp.hpp
-- Up-to-date: /home/user/ros2_ws/src/install/ros2_kdl_package/include/ros2_kdl_package/ros2_kdl_package/action/detail/dds_fastrtps
-- Up-to-date: /home/user/ros2_ws/src/install/ros2_kdl_package/include/ros2_kdl_package/ros2_kdl_package/msg
-- Up-to-date: /home/user/ros2_ws/src/install/ros2_kdl_package/include/ros2_kdl_package/ros2_kdl_package/msg/rosidl_typesupport_fastrtps_cpp__visibility_control.h
-- Up-to-date: /home/user/ros2_ws/src/install/ros2_kdl_package/lib/libros2_kdl_package__rosidl_typesupport_fastrtps_cpp.so
-- Up-to-date: /home/user/ros2_ws/src/install/ros2_kdl_package/include/ros2_kdl_package/ros2_kdl_package
-- Up-to-date: /home/user/ros2_ws/src/install/ros2_kdl_package/include/ros2_kdl_package/ros2_kdl_package/action
-- Up-to-date: /home/user/ros2_ws/src/install/ros2_kdl_package/include/ros2_kdl_package/ros2_kdl_package/action/detail
-- Up-to-date: /home/user/ros2_ws/src/install/ros2_kdl_package/include/ros2_kdl_package/ros2_kdl_package/action/detail/execute_trajectory__type_support.c
-- Up-to-date: /home/user/ros2_ws/src/install/ros2_kdl_package/include/ros2_kdl_package/ros2_kdl_package/action/detail/execute_trajectory__rosidl_typesupport_introspection_c.h
-- Up-to-date: /home/user/ros2_ws/src/install/ros2_kdl_package/include/ros2_kdl_package/ros2_kdl_package/msg
-- Up-to-date: /home/user/ros2_ws/src/install/ros2_kdl_package/include/ros2_kdl_package/ros2_kdl_package/msg/rosidl_typesupport_introspection_c__visibility_control.h
-- Up-to-date: /home/user/ros2_ws/src/install/ros2_kdl_package/lib/libros2_kdl_package__rosidl_typesupport_introspection_c.so
-- Up-to-date: /home/user/ros2_ws/src/install/ros2_kdl_package/lib/libros2_kdl_package__rosidl_typesupport_c.so
-- Up-to-date: /home/user/ros2_ws/src/install/ros2_kdl_package/include/ros2_kdl_package/ros2_kdl_package
-- Up-to-date: /home/user/ros2_ws/src/install/ros2_kdl_package/include/ros2_kdl_package/ros2_kdl_package/action
-- Up-to-date: /home/user/ros2_ws/src/install/ros2_kdl_package/include/ros2_kdl_package/ros2_kdl_package/action/detail
-- Up-to-date: /home/user/ros2_ws/src/install/ros2_kdl_package/include/ros2_kdl_package/ros2_kdl_package/action/detail/execute_trajectory__type_support.cpp
-- Up-to-date: /home/user/ros2_ws/src/install/ros2_kdl_package/include/ros2_kdl_package/ros2_kdl_package/action/detail/execute_trajectory__rosidl_typesupport_introspection_cpp.hpp
-- Up-to-date: /home/user/ros2_ws/src/install/ros2_kdl_package/lib/libros2_kdl_package__rosidl_typesupport_introspection_cpp.so
-- Up-to-date: /home/user/ros2_ws/src/install/ros2_kdl_package/lib/libros2_kdl_package__rosidl_typesupport_cpp.so
-- Up-to-date: /home/user/ros2_ws/src/install/ros2_kdl_package/share/ros2_kdl_package/environment/pythonpath.sh
-- Up-to-date: /home/user/ros2_ws/src/install/ros2_kdl_package/share/ros2_kdl_package/environment/pythonpath.dsv
-- Up-to-date: /home/user/ros2_ws/src/install/ros2_kdl_package/local/lib/python3.10/dist-packages/ros2_kdl_package-0.0.0-py3.10.egg-info
-- Installing: /home/user/ros2_ws/src/install/ros2_kdl_package/local/lib/python3.10/dist-packages/ros2_kdl_package-0.0.0-py3.10.egg-info/top_level.txt
-- Installing: /home/user/ros2_ws/src/install/ros2_kdl_package/local/lib/python3.10/dist-packages/ros2_kdl_package-0.0.0-py3.10.egg-info/PKG-INFO
-- Installing: /home/user/ros2_ws/src/install/ros2_kdl_package/local/lib/python3.10/dist-packages/ros2_kdl_package-0.0.0-py3.10.egg-info/SOURCES.txt
-- Installing: /home/user/ros2_ws/src/install/ros2_kdl_package/local/lib/python3.10/dist-packages/ros2_kdl_package-0.0.0-py3.10.egg-info/dependency_links.txt
-- Up-to-date: /home/user/ros2_ws/src/install/ros2_kdl_package/local/lib/python3.10/dist-packages/ros2_kdl_package
-- Up-to-date: /home/user/ros2_ws/src/install/ros2_kdl_package/local/lib/python3.10/dist-packages/ros2_kdl_package/__init__.py
-- Up-to-date: /home/user/ros2_ws/src/install/ros2_kdl_package/local/lib/python3.10/dist-packages/ros2_kdl_package/ros2_kdl_package_s__rosidl_typesupport_c.cpython-310-x86_64-linux-gnu.so
-- Up-to-date: /home/user/ros2_ws/src/install/ros2_kdl_package/local/lib/python3.10/dist-packages/ros2_kdl_package/_ros2_kdl_package_s.ep.rosidl_typesupport_introspection_c.c
-- Up-to-date: /home/user/ros2_ws/src/install/ros2_kdl_package/local/lib/python3.10/dist-packages/ros2_kdl_package/_ros2_kdl_package_s.ep.rosidl_typesupport_fastrtps_c.c
-- Up-to-date: /home/user/ros2_ws/src/install/ros2_kdl_package/local/lib/python3.10/dist-packages/ros2_kdl_package/_ros2_kdl_package_s.ep.rosidl_typesupport_c.c
-- Up-to-date: /home/user/ros2_ws/src/install/ros2_kdl_package/local/lib/python3.10/dist-packages/ros2_kdl_package/ros2_kdl_package_s__rosidl_typesupport_introspection_c.cpython-310-x86_64-linux-gnu.so
-- Up-to-date: /home/user/ros2_ws/src/install/ros2_kdl_package/local/lib/python3.10/dist-packages/ros2_kdl_package/libros2_kdl_package__rosidl_generator_py.so
-- Up-to-date: /home/user/ros2_ws/src/install/ros2_kdl_package/local/lib/python3.10/dist-packages/ros2_kdl_package/action
-- Up-to-date: /home/user/ros2_ws/src/install/ros2_kdl_package/local/lib/python3.10/dist-packages/ros2_kdl_package/action/__init__.py
-- Up-to-date: /home/user/ros2_ws/src/install/ros2_kdl_package/local/lib/python3.10/dist-packages/ros2_kdl_package/action/_execute_trajectory.py
-- Up-to-date: /home/user/ros2_ws/src/install/ros2_kdl_package/local/lib/python3.10/dist-packages/ros2_kdl_package/action/_execute_trajectory_s.c
-- Up-to-date: /home/user/ros2_ws/src/install/ros2_kdl_package/local/lib/python3.10/dist-packages/ros2_kdl_package/ros2_kdl_package_s__rosidl_typesupport_fastrtps_c.cpython-310-x86_64-linux-gnu.so
Listing '/home/user/ros2_ws/src/install/ros2_kdl_package/local/lib/python3.10/dist-packages/ros2_kdl_package'...
Listing '/home/user/ros2_ws/src/install/ros2_kdl_package/local/lib/python3.10/dist-packages/ros2_kdl_package/action'...
-- Up-to-date: /home/user/ros2_ws/src/install/ros2_kdl_package/local/lib/python3.10/dist-packages/ros2_kdl_package/ros2_kdl_package_s__rosidl_typesupport_fastrtps_c.cpython-310-x86_64-linux-gnu.so
-- Up-to-date: /home/user/ros2_ws/src/install/ros2_kdl_package/local/lib/python3.10/dist-packages/ros2_kdl_package/ros2_kdl_package_s__rosidl_typesupport_introspection_c.cpython-310-x86_64-linux-gnu.so
-- Up-to-date: /home/user/ros2_ws/src/install/ros2_kdl_package/local/lib/python3.10/dist-packages/ros2_kdl_package/ros2_kdl_package_s__rosidl_typesupport_c.cpython-310-x86_64-linux-gnu.so
-- Up-to-date: /home/user/ros2_ws/src/install/ros2_kdl_package/lib/libros2_kdl_package__rosidl_generator_py.so
-- Up-to-date: /home/user/ros2_ws/src/install/ros2_kdl_package/share/ros2_kdl_package/action/ExecuteTrajectory.idl
-- Up-to-date: /home/user/ros2_ws/src/install/ros2_kdl_package/share/ros2_kdl_package/action/ExecuteTrajectory.action
-- Up-to-date: /home/user/ros2_ws/src/install/ros2_kdl_package/lib/ros2_kdl_package/ros2_kdl_node
-- Up-to-date: /home/user/ros2_ws/src/install/ros2_kdl_package/lib/ros2_kdl_package/ros2_kdl_node_example
-- Up-to-date: /home/user/ros2_ws/src/install/ros2_kdl_package/lib/ros2_kdl_package/ros2_kdl_node_client
-- Up-to-date: /home/user/ros2_ws/src/install/ros2_kdl_package/share/ros2_kdl_package/launch
-- Up-to-date: /home/user/ros2_ws/src/install/ros2_kdl_package/share/ros2_kdl_package/launch/__pycache__
-- Up-to-date: /home/user/ros2_ws/src/install/ros2_kdl_package/share/ros2_kdl_package/launch/__pycache__/launching.launch.cpython-310.pyc
-- Up-to-date: /home/user/ros2_ws/src/install/ros2_kdl_package/share/ros2_kdl_package/launch/launching.launch.py
-- Up-to-date: /home/user/ros2_ws/src/install/ros2_kdl_package/share/ros2_kdl_package/config
-- Up-to-date: /home/user/ros2_ws/src/install/ros2_kdl_package/share/ros2_kdl_package/config/kdl_params.yaml
-- Up-to-date: /home/user/ros2_ws/src/install/ros2_kdl_package/share/ament_index/resource_index/package_run_dependencies/ros2_kdl_package
-- Up-to-date: /home/user/ros2_ws/src/install/ros2_kdl_package/share/ament_index/resource_index/parent_prefix_path/ros2_kdl_package
-- Up-to-date: /home/user/ros2_ws/src/install/ros2_kdl_package/share/ros2_kdl_package/environment/ament_prefix_path.sh
-- Up-to-date: /home/user/ros2_ws/src/install/ros2_kdl_package/share/ros2_kdl_package/environment/ament_prefix_path.dsv
-- Up-to-date: /home/user/ros2_ws/src/install/ros2_kdl_package/share/ros2_kdl_package/environment/path.sh
-- Up-to-date: /home/user/ros2_ws/src/install/ros2_kdl_package/share/ros2_kdl_package/environment/path.dsv
-- Up-to-date: /home/user/ros2_ws/src/install/ros2_kdl_package/share/ros2_kdl_package/local_setup.bash
-- Up-to-date: /home/user/ros2_ws/src/install/ros2_kdl_package/share/ros2_kdl_package/local_setup.sh
-- Up-to-date: /home/user/ros2_ws/src/install/ros2_kdl_package/share/ros2_kdl_package/local_setup.zsh
-- Up-to-date: /home/user/ros2_ws/src/install/ros2_kdl_package/share/ros2_kdl_package/local_setup.dsv
-- Installing: /home/user/ros2_ws/src/install/ros2_kdl_package/share/ros2_kdl_package/package.dsv
-- Up-to-date: /home/user/ros2_ws/src/install/ros2_kdl_package/share/ament_index/resource_index/packages/ros2_kdl_package
-- Up-to-date: /home/user/ros2_ws/src/install/ros2_kdl_package/share/ros2_kdl_package/cmake/export_ros2_kdl_package__rosidl_generator_cExport.cmake
-- Up-to-date: /home/user/ros2_ws/src/install/ros2_kdl_package/share/ros2_kdl_package/cmake/export_ros2_kdl_package__rosidl_generator_cExport-noconfig.cmake
-- Up-to-date: /home/user/ros2_ws/src/install/ros2_kdl_package/share/ros2_kdl_package/cmake/export_ros2_kdl_package__rosidl_typesupport_fastrtps_cExport.cmake
-- Up-to-date: /home/user/ros2_ws/src/install/ros2_kdl_package/share/ros2_kdl_package/cmake/export_ros2_kdl_package__rosidl_typesupport_fastrtps_cExport-noconfig.cmake
-- Up-to-date: /home/user/ros2_ws/src/install/ros2_kdl_package/share/ros2_kdl_package/cmake/export_ros2_kdl_package__rosidl_generator_cppExport.cmake
-- Up-to-date: /home/user/ros2_ws/src/install/ros2_kdl_package/share/ros2_kdl_package/cmake/export_ros2_kdl_package__rosidl_typesupport_fastrtps_cppExport.cmake
-- Up-to-date: /home/user/ros2_ws/src/install/ros2_kdl_package/share/ros2_kdl_package/cmake/export_ros2_kdl_package__rosidl_typesupport_fastrtps_cppExport-noconfig.cmake
-- Up-to-date: /home/user/ros2_ws/src/install/ros2_kdl_package/share/ros2_kdl_package/cmake/ros2_kdl_package__rosidl_typesupport_introspection_cExport.cmake
-- Up-to-date: /home/user/ros2_ws/src/install/ros2_kdl_package/share/ros2_kdl_package/cmake/ros2_kdl_package__rosidl_typesupport_introspection_cExport-noconfig.cmake
-- Up-to-date: /home/user/ros2_ws/src/install/ros2_kdl_package/share/ros2_kdl_package/cmake/ros2_kdl_package__rosidl_typesupport_cExport.cmake
-- Up-to-date: /home/user/ros2_ws/src/install/ros2_kdl_package/share/ros2_kdl_package/cmake/ros2_kdl_package__rosidl_typesupport_cExport-noconfig.cmake
-- Up-to-date: /home/user/ros2_ws/src/install/ros2_kdl_package/share/ros2_kdl_package/cmake/ros2_kdl_package__rosidl_typesupport_introspection_cppExport.cmake
-- Up-to-date: /home/user/ros2_ws/src/install/ros2_kdl_package/share/ros2_kdl_package/cmake/ros2_kdl_package__rosidl_typesupport_introspection_cppExport-noconfig.cmake
-- Up-to-date: /home/user/ros2_ws/src/install/ros2_kdl_package/share/ros2_kdl_package/cmake/ros2_kdl_package__rosidl_typesupport_cppExport.cmake
-- Up-to-date: /home/user/ros2_ws/src/install/ros2_kdl_package/share/ros2_kdl_package/cmake/ros2_kdl_package__rosidl_typesupport_cppExport-noconfig.cmake
-- Up-to-date: /home/user/ros2_ws/src/install/ros2_kdl_package/share/ros2_kdl_package/cmake/export_ros2_kdl_package__rosidl_generator_pyExport.cmake
-- Up-to-date: /home/user/ros2_ws/src/install/ros2_kdl_package/share/ros2_kdl_package/cmake/export_ros2_kdl_package__rosidl_generator_pyExport-noconfig.cmake
-- Up-to-date: /home/user/ros2_ws/src/install/ros2_kdl_package/share/ros2_kdl_package/cmake/rosidl_cmake-extras.cmake
-- Up-to-date: /home/user/ros2_ws/src/install/ros2_kdl_package/share/ros2_kdl_package/cmake/ament_cmake_export_dependencies-extras.cmake
-- Up-to-date: /home/user/ros2_ws/src/install/ros2_kdl_package/share/ros2_kdl_package/cmake/ament_cmake_export_include_directories-extras.cmake
-- Up-to-date: /home/user/ros2_ws/src/install/ros2_kdl_package/share/ros2_kdl_package/cmake/ament_cmake_export_libraries-extras.cmake
-- Up-to-date: /home/user/ros2_ws/src/install/ros2_kdl_package/share/ros2_kdl_package/cmake/ament_cmake_export_targets-extras.cmake
-- Up-to-date: /home/user/ros2_ws/src/install/ros2_kdl_package/share/ros2_kdl_package/cmake/rosidl_cmake_export_typesupport_targets-extras.cmake
-- Up-to-date: /home/user/ros2_ws/src/install/ros2_kdl_package/share/ros2_kdl_package/cmake/rosidl_cmake_export_typesupport_libraries-extras.cmake
-- Up-to-date: /home/user/ros2_ws/src/install/ros2_kdl_package/share/ros2_kdl_package/cmake/ros2_kdl_packageConfig.cmake
-- Up-to-date: /home/user/ros2_ws/src/install/ros2_kdl_package/share/ros2_kdl_package/cmake/ros2_kdl_packageConfig-version.cmake
-- Up-to-date: /home/user/ros2_ws/src/install/ros2_kdl_package/share/ros2_kdl_package/package.xml
