[0.023s] Invoking command in '/home/user/ros2_ws/src/build/ros2_kdl_package': CMAKE_PREFIX_PATH=${CMAKE_PREFIX_PATH}:/opt/ros/humble /usr/bin/cmake --build /home/user/ros2_ws/src/build/ros2_kdl_package -- -j22 -l22
[0.054s] [35m[1mConsolidate compiler generated dependencies of target ros2_kdl_package__rosidl_generator_c[0m
[0.054s] [35m[1mConsolidate compiler generated dependencies of target ros2_kdl_node_example[0m
[0.067s] [  7%] Built target ros2_kdl_package__rosidl_generator_c
[0.069s] [ 10%] Built target ros2_kdl_package__cpp
[0.075s] [ 10%] Built target ament_cmake_python_copy_ros2_kdl_package
[0.088s] [ 15%] Built target ros2_kdl_node_example
[0.088s] [35m[1mConsolidate compiler generated dependencies of target ros2_kdl_package__rosidl_typesupport_c[0m
[0.089s] [35m[1mConsolidate compiler generated dependencies of target ros2_kdl_package__rosidl_typesupport_introspection_c[0m
[0.089s] [35m[1mConsolidate compiler generated dependencies of target ros2_kdl_package__rosidl_typesupport_fastrtps_c[0m
[0.090s] [35m[1mConsolidate compiler generated dependencies of target ros2_kdl_package__rosidl_typesupport_fastrtps_cpp[0m
[0.090s] [35m[1mConsolidate compiler generated dependencies of target ros2_kdl_package__rosidl_typesupport_introspection_cpp[0m
[0.095s] [35m[1mConsolidate compiler generated dependencies of target ros2_kdl_package__rosidl_typesupport_cpp[0m
[0.105s] [ 22%] Built target ros2_kdl_package__rosidl_typesupport_introspection_c
[0.109s] [ 30%] Built target ros2_kdl_package__rosidl_typesupport_introspection_cpp
[0.111s] [ 37%] Built target ros2_kdl_package__rosidl_typesupport_c
[0.111s] [ 45%] Built target ros2_kdl_package__rosidl_typesupport_fastrtps_cpp
[0.114s] [ 52%] Built target ros2_kdl_package__rosidl_typesupport_fastrtps_c
[0.114s] [ 60%] Built target ros2_kdl_package__rosidl_typesupport_cpp
[0.137s] [ 60%] Built target ros2_kdl_package
[0.140s] [35m[1mConsolidate compiler generated dependencies of target ros2_kdl_node_client[0m
[0.141s] [35m[1mConsolidate compiler generated dependencies of target ros2_kdl_node[0m
[0.149s] [ 62%] Built target ros2_kdl_package__py
[0.154s] [ 67%] Built target ros2_kdl_node_client
[0.159s] [35m[1mConsolidate compiler generated dependencies of target ros2_kdl_package__rosidl_generator_py[0m
[0.159s] [ 80%] Built target ros2_kdl_node
[0.168s] [ 85%] Built target ros2_kdl_package__rosidl_generator_py
[0.178s] [35m[1mConsolidate compiler generated dependencies of target ros2_kdl_package__rosidl_typesupport_fastrtps_c__pyext[0m
[0.181s] [35m[1mConsolidate compiler generated dependencies of target ros2_kdl_package__rosidl_typesupport_c__pyext[0m
[0.182s] [35m[1mConsolidate compiler generated dependencies of target ros2_kdl_package__rosidl_typesupport_introspection_c__pyext[0m
[0.188s] [ 90%] Built target ros2_kdl_package__rosidl_typesupport_fastrtps_c__pyext
[0.192s] [ 95%] Built target ros2_kdl_package__rosidl_typesupport_c__pyext
[0.193s] [100%] Built target ros2_kdl_package__rosidl_typesupport_introspection_c__pyext
[0.242s] running egg_info
[0.242s] writing ros2_kdl_package.egg-info/PKG-INFO
[0.243s] writing dependency_links to ros2_kdl_package.egg-info/dependency_links.txt
[0.243s] writing top-level names to ros2_kdl_package.egg-info/top_level.txt
[0.244s] reading manifest file 'ros2_kdl_package.egg-info/SOURCES.txt'
[0.245s] writing manifest file 'ros2_kdl_package.egg-info/SOURCES.txt'
[0.265s] [100%] Built target ament_cmake_python_build_ros2_kdl_package_egg
[0.277s] Invoked command in '/home/user/ros2_ws/src/build/ros2_kdl_package' returned '0': CMAKE_PREFIX_PATH=${CMAKE_PREFIX_PATH}:/opt/ros/humble /usr/bin/cmake --build /home/user/ros2_ws/src/build/ros2_kdl_package -- -j22 -l22
[0.278s] Invoking command in '/home/user/ros2_ws/src/build/ros2_kdl_package': CMAKE_PREFIX_PATH=${CMAKE_PREFIX_PATH}:/opt/ros/humble /usr/bin/cmake --install /home/user/ros2_ws/src/build/ros2_kdl_package
[0.285s] -- Install configuration: ""
[0.285s] -- Up-to-date: /home/user/ros2_ws/src/install/ros2_kdl_package/share/ament_index/resource_index/rosidl_interfaces/ros2_kdl_package
[0.286s] -- Up-to-date: /home/user/ros2_ws/src/install/ros2_kdl_package/include/ros2_kdl_package/ros2_kdl_package
[0.286s] -- Up-to-date: /home/user/ros2_ws/src/install/ros2_kdl_package/include/ros2_kdl_package/ros2_kdl_package/action
[0.286s] -- Up-to-date: /home/user/ros2_ws/src/install/ros2_kdl_package/include/ros2_kdl_package/ros2_kdl_package/action/execute_trajectory.h
[0.286s] -- Up-to-date: /home/user/ros2_ws/src/install/ros2_kdl_package/include/ros2_kdl_package/ros2_kdl_package/action/detail
[0.286s] -- Up-to-date: /home/user/ros2_ws/src/install/ros2_kdl_package/include/ros2_kdl_package/ros2_kdl_package/action/detail/execute_trajectory__type_support.h
[0.286s] -- Up-to-date: /home/user/ros2_ws/src/install/ros2_kdl_package/include/ros2_kdl_package/ros2_kdl_package/action/detail/execute_trajectory__functions.c
[0.286s] -- Up-to-date: /home/user/ros2_ws/src/install/ros2_kdl_package/include/ros2_kdl_package/ros2_kdl_package/action/detail/execute_trajectory__functions.h
[0.286s] -- Up-to-date: /home/user/ros2_ws/src/install/ros2_kdl_package/include/ros2_kdl_package/ros2_kdl_package/action/detail/execute_trajectory__struct.h
[0.286s] -- Up-to-date: /home/user/ros2_ws/src/install/ros2_kdl_package/include/ros2_kdl_package/ros2_kdl_package/msg
[0.286s] -- Up-to-date: /home/user/ros2_ws/src/install/ros2_kdl_package/include/ros2_kdl_package/ros2_kdl_package/msg/rosidl_generator_c__visibility_control.h
[0.286s] -- Up-to-date: /home/user/ros2_ws/src/install/ros2_kdl_package/share/ros2_kdl_package/environment/library_path.sh
[0.286s] -- Up-to-date: /home/user/ros2_ws/src/install/ros2_kdl_package/share/ros2_kdl_package/environment/library_path.dsv
[0.286s] -- Up-to-date: /home/user/ros2_ws/src/install/ros2_kdl_package/lib/libros2_kdl_package__rosidl_generator_c.so
[0.286s] -- Up-to-date: /home/user/ros2_ws/src/install/ros2_kdl_package/include/ros2_kdl_package/ros2_kdl_package
[0.287s] -- Up-to-date: /home/user/ros2_ws/src/install/ros2_kdl_package/include/ros2_kdl_package/ros2_kdl_package/action
[0.287s] -- Up-to-date: /home/user/ros2_ws/src/install/ros2_kdl_package/include/ros2_kdl_package/ros2_kdl_package/action/detail
[0.287s] -- Up-to-date: /home/user/ros2_ws/src/install/ros2_kdl_package/include/ros2_kdl_package/ros2_kdl_package/action/detail/execute_trajectory__rosidl_typesupport_fastrtps_c.h
[0.287s] -- Up-to-date: /home/user/ros2_ws/src/install/ros2_kdl_package/include/ros2_kdl_package/ros2_kdl_package/msg
[0.287s] -- Up-to-date: /home/user/ros2_ws/src/install/ros2_kdl_package/include/ros2_kdl_package/ros2_kdl_package/msg/rosidl_typesupport_fastrtps_c__visibility_control.h
[0.287s] -- Up-to-date: /home/user/ros2_ws/src/install/ros2_kdl_package/lib/libros2_kdl_package__rosidl_typesupport_fastrtps_c.so
[0.287s] -- Up-to-date: /home/user/ros2_ws/src/install/ros2_kdl_package/include/ros2_kdl_package/ros2_kdl_package
[0.287s] -- Up-to-date: /home/user/ros2_ws/src/install/ros2_kdl_package/include/ros2_kdl_package/ros2_kdl_package/action
[0.287s] -- Up-to-date: /home/user/ros2_ws/src/install/ros2_kdl_package/include/ros2_kdl_package/ros2_kdl_package/action/execute_trajectory.hpp
[0.287s] -- Up-to-date: /home/user/ros2_ws/src/install/ros2_kdl_package/include/ros2_kdl_package/ros2_kdl_package/action/detail
[0.287s] -- Up-to-date: /home/user/ros2_ws/src/install/ros2_kdl_package/include/ros2_kdl_package/ros2_kdl_package/action/detail/execute_trajectory__traits.hpp
[0.287s] -- Up-to-date: /home/user/ros2_ws/src/install/ros2_kdl_package/include/ros2_kdl_package/ros2_kdl_package/action/detail/execute_trajectory__type_support.hpp
[0.288s] -- Up-to-date: /home/user/ros2_ws/src/install/ros2_kdl_package/include/ros2_kdl_package/ros2_kdl_package/action/detail/execute_trajectory__struct.hpp
[0.288s] -- Up-to-date: /home/user/ros2_ws/src/install/ros2_kdl_package/include/ros2_kdl_package/ros2_kdl_package/action/detail/execute_trajectory__builder.hpp
[0.288s] -- Up-to-date: /home/user/ros2_ws/src/install/ros2_kdl_package/include/ros2_kdl_package/ros2_kdl_package/msg
[0.288s] -- Up-to-date: /home/user/ros2_ws/src/install/ros2_kdl_package/include/ros2_kdl_package/ros2_kdl_package/msg/rosidl_generator_cpp__visibility_control.hpp
[0.288s] -- Up-to-date: /home/user/ros2_ws/src/install/ros2_kdl_package/include/ros2_kdl_package/ros2_kdl_package
[0.288s] -- Up-to-date: /home/user/ros2_ws/src/install/ros2_kdl_package/include/ros2_kdl_package/ros2_kdl_package/action
[0.288s] -- Up-to-date: /home/user/ros2_ws/src/install/ros2_kdl_package/include/ros2_kdl_package/ros2_kdl_package/action/detail
[0.288s] -- Up-to-date: /home/user/ros2_ws/src/install/ros2_kdl_package/include/ros2_kdl_package/ros2_kdl_package/action/detail/execute_trajectory__rosidl_typesupport_fastrtps_cpp.hpp
[0.288s] -- Up-to-date: /home/user/ros2_ws/src/install/ros2_kdl_package/include/ros2_kdl_package/ros2_kdl_package/action/detail/dds_fastrtps
[0.288s] -- Up-to-date: /home/user/ros2_ws/src/install/ros2_kdl_package/include/ros2_kdl_package/ros2_kdl_package/msg
[0.288s] -- Up-to-date: /home/user/ros2_ws/src/install/ros2_kdl_package/include/ros2_kdl_package/ros2_kdl_package/msg/rosidl_typesupport_fastrtps_cpp__visibility_control.h
[0.288s] -- Up-to-date: /home/user/ros2_ws/src/install/ros2_kdl_package/lib/libros2_kdl_package__rosidl_typesupport_fastrtps_cpp.so
[0.288s] -- Up-to-date: /home/user/ros2_ws/src/install/ros2_kdl_package/include/ros2_kdl_package/ros2_kdl_package
[0.290s] -- Up-to-date: /home/user/ros2_ws/src/install/ros2_kdl_package/include/ros2_kdl_package/ros2_kdl_package/action
[0.290s] -- Up-to-date: /home/user/ros2_ws/src/install/ros2_kdl_package/include/ros2_kdl_package/ros2_kdl_package/action/detail
[0.290s] -- Up-to-date: /home/user/ros2_ws/src/install/ros2_kdl_package/include/ros2_kdl_package/ros2_kdl_package/action/detail/execute_trajectory__type_support.c
[0.290s] -- Up-to-date: /home/user/ros2_ws/src/install/ros2_kdl_package/include/ros2_kdl_package/ros2_kdl_package/action/detail/execute_trajectory__rosidl_typesupport_introspection_c.h
[0.290s] -- Up-to-date: /home/user/ros2_ws/src/install/ros2_kdl_package/include/ros2_kdl_package/ros2_kdl_package/msg
[0.290s] -- Up-to-date: /home/user/ros2_ws/src/install/ros2_kdl_package/include/ros2_kdl_package/ros2_kdl_package/msg/rosidl_typesupport_introspection_c__visibility_control.h
[0.290s] -- Up-to-date: /home/user/ros2_ws/src/install/ros2_kdl_package/lib/libros2_kdl_package__rosidl_typesupport_introspection_c.so
[0.290s] -- Up-to-date: /home/user/ros2_ws/src/install/ros2_kdl_package/lib/libros2_kdl_package__rosidl_typesupport_c.so
[0.290s] -- Up-to-date: /home/user/ros2_ws/src/install/ros2_kdl_package/include/ros2_kdl_package/ros2_kdl_package
[0.290s] -- Up-to-date: /home/user/ros2_ws/src/install/ros2_kdl_package/include/ros2_kdl_package/ros2_kdl_package/action
[0.290s] -- Up-to-date: /home/user/ros2_ws/src/install/ros2_kdl_package/include/ros2_kdl_package/ros2_kdl_package/action/detail
[0.290s] -- Up-to-date: /home/user/ros2_ws/src/install/ros2_kdl_package/include/ros2_kdl_package/ros2_kdl_package/action/detail/execute_trajectory__type_support.cpp
[0.290s] -- Up-to-date: /home/user/ros2_ws/src/install/ros2_kdl_package/include/ros2_kdl_package/ros2_kdl_package/action/detail/execute_trajectory__rosidl_typesupport_introspection_cpp.hpp
[0.290s] -- Up-to-date: /home/user/ros2_ws/src/install/ros2_kdl_package/lib/libros2_kdl_package__rosidl_typesupport_introspection_cpp.so
[0.291s] -- Up-to-date: /home/user/ros2_ws/src/install/ros2_kdl_package/lib/libros2_kdl_package__rosidl_typesupport_cpp.so
[0.291s] -- Up-to-date: /home/user/ros2_ws/src/install/ros2_kdl_package/share/ros2_kdl_package/environment/pythonpath.sh
[0.291s] -- Up-to-date: /home/user/ros2_ws/src/install/ros2_kdl_package/share/ros2_kdl_package/environment/pythonpath.dsv
[0.291s] -- Up-to-date: /home/user/ros2_ws/src/install/ros2_kdl_package/local/lib/python3.10/dist-packages/ros2_kdl_package-0.0.0-py3.10.egg-info
[0.291s] -- Installing: /home/user/ros2_ws/src/install/ros2_kdl_package/local/lib/python3.10/dist-packages/ros2_kdl_package-0.0.0-py3.10.egg-info/top_level.txt
[0.291s] -- Installing: /home/user/ros2_ws/src/install/ros2_kdl_package/local/lib/python3.10/dist-packages/ros2_kdl_package-0.0.0-py3.10.egg-info/PKG-INFO
[0.291s] -- Installing: /home/user/ros2_ws/src/install/ros2_kdl_package/local/lib/python3.10/dist-packages/ros2_kdl_package-0.0.0-py3.10.egg-info/SOURCES.txt
[0.291s] -- Installing: /home/user/ros2_ws/src/install/ros2_kdl_package/local/lib/python3.10/dist-packages/ros2_kdl_package-0.0.0-py3.10.egg-info/dependency_links.txt
[0.291s] -- Up-to-date: /home/user/ros2_ws/src/install/ros2_kdl_package/local/lib/python3.10/dist-packages/ros2_kdl_package
[0.291s] -- Up-to-date: /home/user/ros2_ws/src/install/ros2_kdl_package/local/lib/python3.10/dist-packages/ros2_kdl_package/__init__.py
[0.291s] -- Up-to-date: /home/user/ros2_ws/src/install/ros2_kdl_package/local/lib/python3.10/dist-packages/ros2_kdl_package/ros2_kdl_package_s__rosidl_typesupport_c.cpython-310-x86_64-linux-gnu.so
[0.291s] -- Up-to-date: /home/user/ros2_ws/src/install/ros2_kdl_package/local/lib/python3.10/dist-packages/ros2_kdl_package/_ros2_kdl_package_s.ep.rosidl_typesupport_introspection_c.c
[0.291s] -- Up-to-date: /home/user/ros2_ws/src/install/ros2_kdl_package/local/lib/python3.10/dist-packages/ros2_kdl_package/_ros2_kdl_package_s.ep.rosidl_typesupport_fastrtps_c.c
[0.291s] -- Up-to-date: /home/user/ros2_ws/src/install/ros2_kdl_package/local/lib/python3.10/dist-packages/ros2_kdl_package/_ros2_kdl_package_s.ep.rosidl_typesupport_c.c
[0.291s] -- Up-to-date: /home/user/ros2_ws/src/install/ros2_kdl_package/local/lib/python3.10/dist-packages/ros2_kdl_package/ros2_kdl_package_s__rosidl_typesupport_introspection_c.cpython-310-x86_64-linux-gnu.so
[0.291s] -- Up-to-date: /home/user/ros2_ws/src/install/ros2_kdl_package/local/lib/python3.10/dist-packages/ros2_kdl_package/libros2_kdl_package__rosidl_generator_py.so
[0.291s] -- Up-to-date: /home/user/ros2_ws/src/install/ros2_kdl_package/local/lib/python3.10/dist-packages/ros2_kdl_package/action
[0.291s] -- Up-to-date: /home/user/ros2_ws/src/install/ros2_kdl_package/local/lib/python3.10/dist-packages/ros2_kdl_package/action/__init__.py
[0.292s] -- Up-to-date: /home/user/ros2_ws/src/install/ros2_kdl_package/local/lib/python3.10/dist-packages/ros2_kdl_package/action/_execute_trajectory.py
[0.292s] -- Up-to-date: /home/user/ros2_ws/src/install/ros2_kdl_package/local/lib/python3.10/dist-packages/ros2_kdl_package/action/_execute_trajectory_s.c
[0.292s] -- Up-to-date: /home/user/ros2_ws/src/install/ros2_kdl_package/local/lib/python3.10/dist-packages/ros2_kdl_package/ros2_kdl_package_s__rosidl_typesupport_fastrtps_c.cpython-310-x86_64-linux-gnu.so
[0.312s] Listing '/home/user/ros2_ws/src/install/ros2_kdl_package/local/lib/python3.10/dist-packages/ros2_kdl_package'...
[0.312s] Listing '/home/user/ros2_ws/src/install/ros2_kdl_package/local/lib/python3.10/dist-packages/ros2_kdl_package/action'...
[0.315s] -- Up-to-date: /home/user/ros2_ws/src/install/ros2_kdl_package/local/lib/python3.10/dist-packages/ros2_kdl_package/ros2_kdl_package_s__rosidl_typesupport_fastrtps_c.cpython-310-x86_64-linux-gnu.so
[0.315s] -- Up-to-date: /home/user/ros2_ws/src/install/ros2_kdl_package/local/lib/python3.10/dist-packages/ros2_kdl_package/ros2_kdl_package_s__rosidl_typesupport_introspection_c.cpython-310-x86_64-linux-gnu.so
[0.315s] -- Up-to-date: /home/user/ros2_ws/src/install/ros2_kdl_package/local/lib/python3.10/dist-packages/ros2_kdl_package/ros2_kdl_package_s__rosidl_typesupport_c.cpython-310-x86_64-linux-gnu.so
[0.315s] -- Up-to-date: /home/user/ros2_ws/src/install/ros2_kdl_package/lib/libros2_kdl_package__rosidl_generator_py.so
[0.315s] -- Up-to-date: /home/user/ros2_ws/src/install/ros2_kdl_package/share/ros2_kdl_package/action/ExecuteTrajectory.idl
[0.315s] -- Up-to-date: /home/user/ros2_ws/src/install/ros2_kdl_package/share/ros2_kdl_package/action/ExecuteTrajectory.action
[0.316s] -- Up-to-date: /home/user/ros2_ws/src/install/ros2_kdl_package/lib/ros2_kdl_package/ros2_kdl_node
[0.316s] -- Up-to-date: /home/user/ros2_ws/src/install/ros2_kdl_package/lib/ros2_kdl_package/ros2_kdl_node_example
[0.316s] -- Up-to-date: /home/user/ros2_ws/src/install/ros2_kdl_package/lib/ros2_kdl_package/ros2_kdl_node_client
[0.316s] -- Up-to-date: /home/user/ros2_ws/src/install/ros2_kdl_package/share/ros2_kdl_package/launch
[0.316s] -- Up-to-date: /home/user/ros2_ws/src/install/ros2_kdl_package/share/ros2_kdl_package/launch/__pycache__
[0.316s] -- Up-to-date: /home/user/ros2_ws/src/install/ros2_kdl_package/share/ros2_kdl_package/launch/__pycache__/launching.launch.cpython-310.pyc
[0.316s] -- Up-to-date: /home/user/ros2_ws/src/install/ros2_kdl_package/share/ros2_kdl_package/launch/launching.launch.py
[0.316s] -- Up-to-date: /home/user/ros2_ws/src/install/ros2_kdl_package/share/ros2_kdl_package/config
[0.316s] -- Up-to-date: /home/user/ros2_ws/src/install/ros2_kdl_package/share/ros2_kdl_package/config/kdl_params.yaml
[0.316s] -- Up-to-date: /home/user/ros2_ws/src/install/ros2_kdl_package/share/ament_index/resource_index/package_run_dependencies/ros2_kdl_package
[0.316s] -- Up-to-date: /home/user/ros2_ws/src/install/ros2_kdl_package/share/ament_index/resource_index/parent_prefix_path/ros2_kdl_package
[0.317s] -- Up-to-date: /home/user/ros2_ws/src/install/ros2_kdl_package/share/ros2_kdl_package/environment/ament_prefix_path.sh
[0.317s] -- Up-to-date: /home/user/ros2_ws/src/install/ros2_kdl_package/share/ros2_kdl_package/environment/ament_prefix_path.dsv
[0.317s] -- Up-to-date: /home/user/ros2_ws/src/install/ros2_kdl_package/share/ros2_kdl_package/environment/path.sh
[0.317s] -- Up-to-date: /home/user/ros2_ws/src/install/ros2_kdl_package/share/ros2_kdl_package/environment/path.dsv
[0.317s] -- Up-to-date: /home/user/ros2_ws/src/install/ros2_kdl_package/share/ros2_kdl_package/local_setup.bash
[0.317s] -- Up-to-date: /home/user/ros2_ws/src/install/ros2_kdl_package/share/ros2_kdl_package/local_setup.sh
[0.317s] -- Up-to-date: /home/user/ros2_ws/src/install/ros2_kdl_package/share/ros2_kdl_package/local_setup.zsh
[0.317s] -- Up-to-date: /home/user/ros2_ws/src/install/ros2_kdl_package/share/ros2_kdl_package/local_setup.dsv
[0.317s] -- Installing: /home/user/ros2_ws/src/install/ros2_kdl_package/share/ros2_kdl_package/package.dsv
[0.317s] -- Up-to-date: /home/user/ros2_ws/src/install/ros2_kdl_package/share/ament_index/resource_index/packages/ros2_kdl_package
[0.317s] -- Up-to-date: /home/user/ros2_ws/src/install/ros2_kdl_package/share/ros2_kdl_package/cmake/export_ros2_kdl_package__rosidl_generator_cExport.cmake
[0.317s] -- Up-to-date: /home/user/ros2_ws/src/install/ros2_kdl_package/share/ros2_kdl_package/cmake/export_ros2_kdl_package__rosidl_generator_cExport-noconfig.cmake
[0.318s] -- Up-to-date: /home/user/ros2_ws/src/install/ros2_kdl_package/share/ros2_kdl_package/cmake/export_ros2_kdl_package__rosidl_typesupport_fastrtps_cExport.cmake
[0.318s] -- Up-to-date: /home/user/ros2_ws/src/install/ros2_kdl_package/share/ros2_kdl_package/cmake/export_ros2_kdl_package__rosidl_typesupport_fastrtps_cExport-noconfig.cmake
[0.318s] -- Up-to-date: /home/user/ros2_ws/src/install/ros2_kdl_package/share/ros2_kdl_package/cmake/export_ros2_kdl_package__rosidl_generator_cppExport.cmake
[0.318s] -- Up-to-date: /home/user/ros2_ws/src/install/ros2_kdl_package/share/ros2_kdl_package/cmake/export_ros2_kdl_package__rosidl_typesupport_fastrtps_cppExport.cmake
[0.318s] -- Up-to-date: /home/user/ros2_ws/src/install/ros2_kdl_package/share/ros2_kdl_package/cmake/export_ros2_kdl_package__rosidl_typesupport_fastrtps_cppExport-noconfig.cmake
[0.318s] -- Up-to-date: /home/user/ros2_ws/src/install/ros2_kdl_package/share/ros2_kdl_package/cmake/ros2_kdl_package__rosidl_typesupport_introspection_cExport.cmake
[0.318s] -- Up-to-date: /home/user/ros2_ws/src/install/ros2_kdl_package/share/ros2_kdl_package/cmake/ros2_kdl_package__rosidl_typesupport_introspection_cExport-noconfig.cmake
[0.318s] -- Up-to-date: /home/user/ros2_ws/src/install/ros2_kdl_package/share/ros2_kdl_package/cmake/ros2_kdl_package__rosidl_typesupport_cExport.cmake
[0.318s] -- Up-to-date: /home/user/ros2_ws/src/install/ros2_kdl_package/share/ros2_kdl_package/cmake/ros2_kdl_package__rosidl_typesupport_cExport-noconfig.cmake
[0.318s] -- Up-to-date: /home/user/ros2_ws/src/install/ros2_kdl_package/share/ros2_kdl_package/cmake/ros2_kdl_package__rosidl_typesupport_introspection_cppExport.cmake
[0.318s] -- Up-to-date: /home/user/ros2_ws/src/install/ros2_kdl_package/share/ros2_kdl_package/cmake/ros2_kdl_package__rosidl_typesupport_introspection_cppExport-noconfig.cmake
[0.318s] -- Up-to-date: /home/user/ros2_ws/src/install/ros2_kdl_package/share/ros2_kdl_package/cmake/ros2_kdl_package__rosidl_typesupport_cppExport.cmake
[0.318s] -- Up-to-date: /home/user/ros2_ws/src/install/ros2_kdl_package/share/ros2_kdl_package/cmake/ros2_kdl_package__rosidl_typesupport_cppExport-noconfig.cmake
[0.318s] -- Up-to-date: /home/user/ros2_ws/src/install/ros2_kdl_package/share/ros2_kdl_package/cmake/export_ros2_kdl_package__rosidl_generator_pyExport.cmake
[0.318s] -- Up-to-date: /home/user/ros2_ws/src/install/ros2_kdl_package/share/ros2_kdl_package/cmake/export_ros2_kdl_package__rosidl_generator_pyExport-noconfig.cmake
[0.318s] -- Up-to-date: /home/user/ros2_ws/src/install/ros2_kdl_package/share/ros2_kdl_package/cmake/rosidl_cmake-extras.cmake
[0.318s] -- Up-to-date: /home/user/ros2_ws/src/install/ros2_kdl_package/share/ros2_kdl_package/cmake/ament_cmake_export_dependencies-extras.cmake
[0.318s] -- Up-to-date: /home/user/ros2_ws/src/install/ros2_kdl_package/share/ros2_kdl_package/cmake/ament_cmake_export_include_directories-extras.cmake
[0.319s] -- Up-to-date: /home/user/ros2_ws/src/install/ros2_kdl_package/share/ros2_kdl_package/cmake/ament_cmake_export_libraries-extras.cmake
[0.319s] -- Up-to-date: /home/user/ros2_ws/src/install/ros2_kdl_package/share/ros2_kdl_package/cmake/ament_cmake_export_targets-extras.cmake
[0.319s] -- Up-to-date: /home/user/ros2_ws/src/install/ros2_kdl_package/share/ros2_kdl_package/cmake/rosidl_cmake_export_typesupport_targets-extras.cmake
[0.319s] -- Up-to-date: /home/user/ros2_ws/src/install/ros2_kdl_package/share/ros2_kdl_package/cmake/rosidl_cmake_export_typesupport_libraries-extras.cmake
[0.319s] -- Up-to-date: /home/user/ros2_ws/src/install/ros2_kdl_package/share/ros2_kdl_package/cmake/ros2_kdl_packageConfig.cmake
[0.319s] -- Up-to-date: /home/user/ros2_ws/src/install/ros2_kdl_package/share/ros2_kdl_package/cmake/ros2_kdl_packageConfig-version.cmake
[0.319s] -- Up-to-date: /home/user/ros2_ws/src/install/ros2_kdl_package/share/ros2_kdl_package/package.xml
[0.331s] Invoked command in '/home/user/ros2_ws/src/build/ros2_kdl_package' returned '0': CMAKE_PREFIX_PATH=${CMAKE_PREFIX_PATH}:/opt/ros/humble /usr/bin/cmake --install /home/user/ros2_ws/src/build/ros2_kdl_package
