-- The C compiler identification is GNU 11.4.0
-- The CXX compiler identification is GNU 11.4.0
-- Detecting C compiler ABI info
-- Detecting C compiler ABI info - done
-- Check for working C compiler: /usr/bin/cc - skipped
-- Detecting C compile features
-- Detecting C compile features - done
-- Detecting CXX compiler ABI info
-- Detecting CXX compiler ABI info - done
-- Check for working CXX compiler: /usr/bin/c++ - skipped
-- Detecting CXX compile features
-- Detecting CXX compile features - done
-- Found ament_cmake: 1.3.12 (/opt/ros/humble/share/ament_cmake/cmake)
-- Found Python3: /usr/bin/python3 (found version "3.10.12") found components: Interpreter 
-- Found urdf: 2.6.1 (/opt/ros/humble/share/urdf/cmake)
-- Found kdl_parser: 2.6.4 (/opt/ros/humble/share/kdl_parser/cmake)
-- Found eigen3_cmake_module: 0.1.1 (/opt/ros/humble/share/eigen3_cmake_module/cmake)
-- Found Eigen3: TRUE (found version "3.4.0") 
-- Ensuring Eigen3 include directory is part of orocos-kdl CMake target
-- Found sensor_msgs: 4.9.0 (/opt/ros/humble/share/sensor_msgs/cmake)
-- Found rosidl_generator_c: 3.1.8 (/opt/ros/humble/share/rosidl_generator_c/cmake)
-- Found rosidl_adapter: 3.1.8 (/opt/ros/humble/share/rosidl_adapter/cmake)
-- Found rosidl_generator_cpp: 3.1.8 (/opt/ros/humble/share/rosidl_generator_cpp/cmake)
-- Using all available rosidl_typesupport_c: rosidl_typesupport_fastrtps_c;rosidl_typesupport_introspection_c
-- Using all available rosidl_typesupport_cpp: rosidl_typesupport_fastrtps_cpp;rosidl_typesupport_introspection_cpp
-- Found rclcpp: 16.0.17 (/opt/ros/humble/share/rclcpp/cmake)
-- Found rmw_implementation_cmake: 6.1.2 (/opt/ros/humble/share/rmw_implementation_cmake/cmake)
-- Found rmw_fastrtps_cpp: 6.2.9 (/opt/ros/humble/share/rmw_fastrtps_cpp/cmake)
-- Found TinyXML2 via Config file: TinyXML2_DIR-NOTFOUND
-- Found OpenSSL: /usr/lib/x86_64-linux-gnu/libcrypto.so (found version "3.0.2")  
-- Found TinyXML2 via Config file: TinyXML2_DIR-NOTFOUND
-- Found FastRTPS: /opt/ros/humble/include  
-- Found TinyXML2 via Config file: TinyXML2_DIR-NOTFOUND
-- Found TinyXML2 via Config file: TinyXML2_DIR-NOTFOUND
-- Using RMW implementation 'rmw_fastrtps_cpp' as default
-- Looking for pthread.h
-- Looking for pthread.h - found
-- Performing Test CMAKE_HAVE_LIBC_PTHREAD
-- Performing Test CMAKE_HAVE_LIBC_PTHREAD - Success
-- Found Threads: TRUE  
-- Found rclcpp_action: 16.0.17 (/opt/ros/humble/share/rclcpp_action/cmake)
-- Found rosidl_default_generators: 1.2.0 (/opt/ros/humble/share/rosidl_default_generators/cmake)
-- Found tf2_ros: 0.25.18 (/opt/ros/humble/share/tf2_ros/cmake)
-- Found ament_cmake_ros: 0.10.0 (/opt/ros/humble/share/ament_cmake_ros/cmake)
-- Using all available rosidl_typesupport_c: rosidl_typesupport_fastrtps_c;rosidl_typesupport_introspection_c
-- Using all available rosidl_typesupport_cpp: rosidl_typesupport_fastrtps_cpp;rosidl_typesupport_introspection_cpp
-- Found PythonInterp: /usr/bin/python3 (found suitable version "3.10.12", minimum required is "3.6") 
-- Found python_cmake_module: 0.10.0 (/opt/ros/humble/share/python_cmake_module/cmake)
-- Found PythonLibs: /usr/lib/x86_64-linux-gnu/libpython3.10.so (found suitable version "3.10.12", minimum required is "3.5") 
-- Using PYTHON_EXECUTABLE: /usr/bin/python3
-- Using PYTHON_INCLUDE_DIRS: /usr/include/python3.10
-- Using PYTHON_LIBRARIES: /usr/lib/x86_64-linux-gnu/libpython3.10.so
-- Found PythonExtra: .so  
[0mCMake Deprecation Warning at /opt/ros/humble/share/rosidl_cmake/cmake/rosidl_target_interfaces.cmake:32 (message):
  Use rosidl_get_typesupport_target() and target_link_libraries() instead of
  rosidl_target_interfaces()
Call Stack (most recent call first):
  CMakeLists.txt:60 (rosidl_target_interfaces)

[0m
[0mCMake Deprecation Warning at /opt/ros/humble/share/rosidl_cmake/cmake/rosidl_target_interfaces.cmake:32 (message):
  Use rosidl_get_typesupport_target() and target_link_libraries() instead of
  rosidl_target_interfaces()
Call Stack (most recent call first):
  CMakeLists.txt:90 (rosidl_target_interfaces)

[0m
-- Found ament_lint_auto: 0.12.14 (/opt/ros/humble/share/ament_lint_auto/cmake)
-- Added test 'cppcheck' to perform static code analysis on C / C++ code
-- Configured cppcheck include dirs: $<BUILD_INTERFACE:/home/user/ros2_ws/src/ros2_kdl_package/include>
-- Configured cppcheck exclude dirs and/or files: 
-- Added test 'flake8' to check Python code syntax and style conventions
-- Added test 'lint_cmake' to check CMake code style
-- Added test 'pep257' to check Python code against some of the docstring style conventions in PEP 257
-- Added test 'uncrustify' to check C / C++ code style
-- Configured uncrustify additional arguments: 
-- Added test 'xmllint' to check XML markup files
-- Configuring done
-- Generating done
-- Build files have been written to: /home/user/ros2_ws/src/build/ros2_kdl_package
[  2%] [34m[1mGenerating C code for ROS interfaces[0m
[  5%] [34m[1mGenerating C++ code for ROS interfaces[0m
[  7%] [32mBuilding CXX object CMakeFiles/ros2_kdl_node_example.dir/src/ros2_kdl_node_example.cpp.o[0m
[  7%] Built target ament_cmake_python_copy_ros2_kdl_package
running egg_info
creating ros2_kdl_package.egg-info
writing ros2_kdl_package.egg-info/PKG-INFO
writing dependency_links to ros2_kdl_package.egg-info/dependency_links.txt
writing top-level names to ros2_kdl_package.egg-info/top_level.txt
writing manifest file 'ros2_kdl_package.egg-info/SOURCES.txt'
reading manifest file 'ros2_kdl_package.egg-info/SOURCES.txt'
writing manifest file 'ros2_kdl_package.egg-info/SOURCES.txt'
[  7%] Built target ament_cmake_python_build_ros2_kdl_package_egg
[ 10%] [32mBuilding C object CMakeFiles/ros2_kdl_package__rosidl_generator_c.dir/rosidl_generator_c/ros2_kdl_package/action/detail/execute_trajectory__functions.c.o[0m
[ 10%] Built target ros2_kdl_package__cpp
[ 12%] [34m[1mGenerating C++ introspection for ROS interfaces[0m
[ 15%] [34m[1mGenerating C++ type support dispatch for ROS interfaces[0m
[ 17%] [34m[1mGenerating C++ type support for eProsima Fast-RTPS[0m
[ 20%] [32m[1mLinking C shared library libros2_kdl_package__rosidl_generator_c.so[0m
[ 20%] Built target ros2_kdl_package__rosidl_generator_c
[ 22%] [34m[1mGenerating C introspection for ROS interfaces[0m
[ 27%] [34m[1mGenerating C type support dispatch for ROS interfaces[0m
[ 27%] [34m[1mGenerating C type support for eProsima Fast-RTPS[0m
[ 30%] [32mBuilding CXX object CMakeFiles/ros2_kdl_package__rosidl_typesupport_cpp.dir/rosidl_typesupport_cpp/ros2_kdl_package/action/execute_trajectory__type_support.cpp.o[0m
[ 32%] [32mBuilding CXX object CMakeFiles/ros2_kdl_package__rosidl_typesupport_introspection_cpp.dir/rosidl_typesupport_introspection_cpp/ros2_kdl_package/action/detail/execute_trajectory__type_support.cpp.o[0m
[ 35%] [32mBuilding C object CMakeFiles/ros2_kdl_package__rosidl_typesupport_introspection_c.dir/rosidl_typesupport_introspection_c/ros2_kdl_package/action/detail/execute_trajectory__type_support.c.o[0m
[ 37%] [32mBuilding CXX object CMakeFiles/ros2_kdl_package__rosidl_typesupport_fastrtps_cpp.dir/rosidl_typesupport_fastrtps_cpp/ros2_kdl_package/action/detail/dds_fastrtps/execute_trajectory__type_support.cpp.o[0m
[ 40%] [32mBuilding CXX object CMakeFiles/ros2_kdl_package__rosidl_typesupport_c.dir/rosidl_typesupport_c/ros2_kdl_package/action/execute_trajectory__type_support.cpp.o[0m
[ 42%] [32m[1mLinking C shared library libros2_kdl_package__rosidl_typesupport_introspection_c.so[0m
[ 42%] Built target ros2_kdl_package__rosidl_typesupport_introspection_c
[ 45%] [32m[1mLinking CXX shared library libros2_kdl_package__rosidl_typesupport_c.so[0m
[ 45%] Built target ros2_kdl_package__rosidl_typesupport_c
[ 47%] [32mBuilding CXX object CMakeFiles/ros2_kdl_package__rosidl_typesupport_fastrtps_c.dir/rosidl_typesupport_fastrtps_c/ros2_kdl_package/action/detail/execute_trajectory__type_support_c.cpp.o[0m
[ 50%] [32m[1mLinking CXX shared library libros2_kdl_package__rosidl_typesupport_cpp.so[0m
[ 50%] Built target ros2_kdl_package__rosidl_typesupport_cpp
[ 52%] [32m[1mLinking CXX shared library libros2_kdl_package__rosidl_typesupport_introspection_cpp.so[0m
[ 52%] Built target ros2_kdl_package__rosidl_typesupport_introspection_cpp
[ 55%] [32m[1mLinking CXX shared library libros2_kdl_package__rosidl_typesupport_fastrtps_c.so[0m
[ 55%] Built target ros2_kdl_package__rosidl_typesupport_fastrtps_c
[ 57%] [32m[1mLinking CXX shared library libros2_kdl_package__rosidl_typesupport_fastrtps_cpp.so[0m
[ 57%] Built target ros2_kdl_package__rosidl_typesupport_fastrtps_cpp
[ 57%] Built target ros2_kdl_package
[ 60%] [32mBuilding CXX object CMakeFiles/ros2_kdl_node.dir/src/kdl_robot.cpp.o[0m
[ 65%] [32mBuilding CXX object CMakeFiles/ros2_kdl_node.dir/src/kdl_planner.cpp.o[0m
[ 65%] [32mBuilding CXX object CMakeFiles/ros2_kdl_node.dir/src/ros2_kdl_node.cpp.o[0m
[ 67%] [32mBuilding CXX object CMakeFiles/ros2_kdl_node.dir/src/kdl_control.cpp.o[0m
[ 70%] [34m[1mGenerating Python code for ROS interfaces[0m
[ 72%] [32mBuilding CXX object CMakeFiles/ros2_kdl_node_client.dir/src/ros2_kdl_node_client.cpp.o[0m
[ 72%] Built target ros2_kdl_package__py
[ 75%] [32mBuilding C object CMakeFiles/ros2_kdl_package__rosidl_generator_py.dir/rosidl_generator_py/ros2_kdl_package/action/_execute_trajectory_s.c.o[0m
[01m[K/home/user/ros2_ws/src/ros2_kdl_package/src/ros2_kdl_node_example.cpp:[m[K In function ‘[01m[Kint main(int, char**)[m[K’:
[01m[K/home/user/ros2_ws/src/ros2_kdl_package/src/ros2_kdl_node_example.cpp:51:25:[m[K [01;35m[Kwarning: [m[Kcomparison of constant ‘[01m[K0[m[K’ with boolean expression is always true [[01;35m[K-Wbool-compare[m[K]
   51 |     if([01;35m[Kkinematics_status>=0[m[K){
      |        [01;35m[K~~~~~~~~~~~~~~~~~^~~[m[K
[ 77%] [32m[1mLinking C shared library rosidl_generator_py/ros2_kdl_package/libros2_kdl_package__rosidl_generator_py.so[0m
[ 77%] Built target ros2_kdl_package__rosidl_generator_py
[ 85%] [32mBuilding C object CMakeFiles/ros2_kdl_package__rosidl_typesupport_c__pyext.dir/rosidl_generator_py/ros2_kdl_package/_ros2_kdl_package_s.ep.rosidl_typesupport_c.c.o[0m
[ 85%] [32mBuilding C object CMakeFiles/ros2_kdl_package__rosidl_typesupport_introspection_c__pyext.dir/rosidl_generator_py/ros2_kdl_package/_ros2_kdl_package_s.ep.rosidl_typesupport_introspection_c.c.o[0m
[ 85%] [32mBuilding C object CMakeFiles/ros2_kdl_package__rosidl_typesupport_fastrtps_c__pyext.dir/rosidl_generator_py/ros2_kdl_package/_ros2_kdl_package_s.ep.rosidl_typesupport_fastrtps_c.c.o[0m
[ 87%] [32m[1mLinking C shared library rosidl_generator_py/ros2_kdl_package/ros2_kdl_package_s__rosidl_typesupport_fastrtps_c.cpython-310-x86_64-linux-gnu.so[0m
[ 90%] [32m[1mLinking C shared library rosidl_generator_py/ros2_kdl_package/ros2_kdl_package_s__rosidl_typesupport_c.cpython-310-x86_64-linux-gnu.so[0m
[ 92%] [32m[1mLinking C shared library rosidl_generator_py/ros2_kdl_package/ros2_kdl_package_s__rosidl_typesupport_introspection_c.cpython-310-x86_64-linux-gnu.so[0m
[ 92%] Built target ros2_kdl_package__rosidl_typesupport_fastrtps_c__pyext
[ 92%] Built target ros2_kdl_package__rosidl_typesupport_c__pyext
[ 92%] Built target ros2_kdl_package__rosidl_typesupport_introspection_c__pyext
[ 95%] [32m[1mLinking CXX executable ros2_kdl_node_example[0m
[ 95%] Built target ros2_kdl_node_example
[ 97%] [32m[1mLinking CXX executable ros2_kdl_node_client[0m
[ 97%] Built target ros2_kdl_node_client
[01m[K/home/user/ros2_ws/src/ros2_kdl_package/src/ros2_kdl_node.cpp:[m[K In member function ‘[01m[Kvoid Iiwa_pub_sub::execute(std::shared_ptr<rclcpp_action::ServerGoalHandle<ros2_kdl_package::action::ExecuteTrajectory> >)[m[K’:
[01m[K/home/user/ros2_ws/src/ros2_kdl_package/src/ros2_kdl_node.cpp:236:12:[m[K [01;35m[Kwarning: [m[Kunused variable ‘[01m[Ktotal_time[m[K’ [[01;35m[K-Wunused-variable[m[K]
  236 |     double [01;35m[Ktotal_time[m[K = total_time_;
      |            [01;35m[K^~~~~~~~~~[m[K
[01m[K/home/user/ros2_ws/src/ros2_kdl_package/src/ros2_kdl_node.cpp:237:12:[m[K [01;35m[Kwarning: [m[Kunused variable ‘[01m[Kt[m[K’ [[01;35m[K-Wunused-variable[m[K]
  237 |     double [01;35m[Kt[m[K = 0.0;
      |            [01;35m[K^[m[K
[100%] [32m[1mLinking CXX executable ros2_kdl_node[0m
[100%] Built target ros2_kdl_node
-- Install configuration: ""
-- Installing: /home/user/ros2_ws/src/install/ros2_kdl_package/share/ament_index/resource_index/rosidl_interfaces/ros2_kdl_package
-- Installing: /home/user/ros2_ws/src/install/ros2_kdl_package/include/ros2_kdl_package/ros2_kdl_package
-- Installing: /home/user/ros2_ws/src/install/ros2_kdl_package/include/ros2_kdl_package/ros2_kdl_package/action
-- Installing: /home/user/ros2_ws/src/install/ros2_kdl_package/include/ros2_kdl_package/ros2_kdl_package/action/execute_trajectory.h
-- Installing: /home/user/ros2_ws/src/install/ros2_kdl_package/include/ros2_kdl_package/ros2_kdl_package/action/detail
-- Installing: /home/user/ros2_ws/src/install/ros2_kdl_package/include/ros2_kdl_package/ros2_kdl_package/action/detail/execute_trajectory__type_support.h
-- Installing: /home/user/ros2_ws/src/install/ros2_kdl_package/include/ros2_kdl_package/ros2_kdl_package/action/detail/execute_trajectory__functions.c
-- Installing: /home/user/ros2_ws/src/install/ros2_kdl_package/include/ros2_kdl_package/ros2_kdl_package/action/detail/execute_trajectory__functions.h
-- Installing: /home/user/ros2_ws/src/install/ros2_kdl_package/include/ros2_kdl_package/ros2_kdl_package/action/detail/execute_trajectory__struct.h
-- Installing: /home/user/ros2_ws/src/install/ros2_kdl_package/include/ros2_kdl_package/ros2_kdl_package/msg
-- Installing: /home/user/ros2_ws/src/install/ros2_kdl_package/include/ros2_kdl_package/ros2_kdl_package/msg/rosidl_generator_c__visibility_control.h
-- Installing: /home/user/ros2_ws/src/install/ros2_kdl_package/share/ros2_kdl_package/environment/library_path.sh
-- Installing: /home/user/ros2_ws/src/install/ros2_kdl_package/share/ros2_kdl_package/environment/library_path.dsv
-- Installing: /home/user/ros2_ws/src/install/ros2_kdl_package/lib/libros2_kdl_package__rosidl_generator_c.so
-- Set runtime path of "/home/user/ros2_ws/src/install/ros2_kdl_package/lib/libros2_kdl_package__rosidl_generator_c.so" to ""
-- Up-to-date: /home/user/ros2_ws/src/install/ros2_kdl_package/include/ros2_kdl_package/ros2_kdl_package
-- Up-to-date: /home/user/ros2_ws/src/install/ros2_kdl_package/include/ros2_kdl_package/ros2_kdl_package/action
-- Up-to-date: /home/user/ros2_ws/src/install/ros2_kdl_package/include/ros2_kdl_package/ros2_kdl_package/action/detail
-- Installing: /home/user/ros2_ws/src/install/ros2_kdl_package/include/ros2_kdl_package/ros2_kdl_package/action/detail/execute_trajectory__rosidl_typesupport_fastrtps_c.h
-- Up-to-date: /home/user/ros2_ws/src/install/ros2_kdl_package/include/ros2_kdl_package/ros2_kdl_package/msg
-- Installing: /home/user/ros2_ws/src/install/ros2_kdl_package/include/ros2_kdl_package/ros2_kdl_package/msg/rosidl_typesupport_fastrtps_c__visibility_control.h
-- Installing: /home/user/ros2_ws/src/install/ros2_kdl_package/lib/libros2_kdl_package__rosidl_typesupport_fastrtps_c.so
-- Set runtime path of "/home/user/ros2_ws/src/install/ros2_kdl_package/lib/libros2_kdl_package__rosidl_typesupport_fastrtps_c.so" to ""
-- Up-to-date: /home/user/ros2_ws/src/install/ros2_kdl_package/include/ros2_kdl_package/ros2_kdl_package
-- Up-to-date: /home/user/ros2_ws/src/install/ros2_kdl_package/include/ros2_kdl_package/ros2_kdl_package/action
-- Installing: /home/user/ros2_ws/src/install/ros2_kdl_package/include/ros2_kdl_package/ros2_kdl_package/action/execute_trajectory.hpp
-- Up-to-date: /home/user/ros2_ws/src/install/ros2_kdl_package/include/ros2_kdl_package/ros2_kdl_package/action/detail
-- Installing: /home/user/ros2_ws/src/install/ros2_kdl_package/include/ros2_kdl_package/ros2_kdl_package/action/detail/execute_trajectory__traits.hpp
-- Installing: /home/user/ros2_ws/src/install/ros2_kdl_package/include/ros2_kdl_package/ros2_kdl_package/action/detail/execute_trajectory__type_support.hpp
-- Installing: /home/user/ros2_ws/src/install/ros2_kdl_package/include/ros2_kdl_package/ros2_kdl_package/action/detail/execute_trajectory__struct.hpp
-- Installing: /home/user/ros2_ws/src/install/ros2_kdl_package/include/ros2_kdl_package/ros2_kdl_package/action/detail/execute_trajectory__builder.hpp
-- Up-to-date: /home/user/ros2_ws/src/install/ros2_kdl_package/include/ros2_kdl_package/ros2_kdl_package/msg
-- Installing: /home/user/ros2_ws/src/install/ros2_kdl_package/include/ros2_kdl_package/ros2_kdl_package/msg/rosidl_generator_cpp__visibility_control.hpp
-- Up-to-date: /home/user/ros2_ws/src/install/ros2_kdl_package/include/ros2_kdl_package/ros2_kdl_package
-- Up-to-date: /home/user/ros2_ws/src/install/ros2_kdl_package/include/ros2_kdl_package/ros2_kdl_package/action
-- Up-to-date: /home/user/ros2_ws/src/install/ros2_kdl_package/include/ros2_kdl_package/ros2_kdl_package/action/detail
-- Installing: /home/user/ros2_ws/src/install/ros2_kdl_package/include/ros2_kdl_package/ros2_kdl_package/action/detail/execute_trajectory__rosidl_typesupport_fastrtps_cpp.hpp
-- Installing: /home/user/ros2_ws/src/install/ros2_kdl_package/include/ros2_kdl_package/ros2_kdl_package/action/detail/dds_fastrtps
-- Up-to-date: /home/user/ros2_ws/src/install/ros2_kdl_package/include/ros2_kdl_package/ros2_kdl_package/msg
-- Installing: /home/user/ros2_ws/src/install/ros2_kdl_package/include/ros2_kdl_package/ros2_kdl_package/msg/rosidl_typesupport_fastrtps_cpp__visibility_control.h
-- Installing: /home/user/ros2_ws/src/install/ros2_kdl_package/lib/libros2_kdl_package__rosidl_typesupport_fastrtps_cpp.so
-- Set runtime path of "/home/user/ros2_ws/src/install/ros2_kdl_package/lib/libros2_kdl_package__rosidl_typesupport_fastrtps_cpp.so" to ""
-- Up-to-date: /home/user/ros2_ws/src/install/ros2_kdl_package/include/ros2_kdl_package/ros2_kdl_package
-- Up-to-date: /home/user/ros2_ws/src/install/ros2_kdl_package/include/ros2_kdl_package/ros2_kdl_package/action
-- Up-to-date: /home/user/ros2_ws/src/install/ros2_kdl_package/include/ros2_kdl_package/ros2_kdl_package/action/detail
-- Installing: /home/user/ros2_ws/src/install/ros2_kdl_package/include/ros2_kdl_package/ros2_kdl_package/action/detail/execute_trajectory__type_support.c
-- Installing: /home/user/ros2_ws/src/install/ros2_kdl_package/include/ros2_kdl_package/ros2_kdl_package/action/detail/execute_trajectory__rosidl_typesupport_introspection_c.h
-- Up-to-date: /home/user/ros2_ws/src/install/ros2_kdl_package/include/ros2_kdl_package/ros2_kdl_package/msg
-- Installing: /home/user/ros2_ws/src/install/ros2_kdl_package/include/ros2_kdl_package/ros2_kdl_package/msg/rosidl_typesupport_introspection_c__visibility_control.h
-- Installing: /home/user/ros2_ws/src/install/ros2_kdl_package/lib/libros2_kdl_package__rosidl_typesupport_introspection_c.so
-- Set runtime path of "/home/user/ros2_ws/src/install/ros2_kdl_package/lib/libros2_kdl_package__rosidl_typesupport_introspection_c.so" to ""
-- Installing: /home/user/ros2_ws/src/install/ros2_kdl_package/lib/libros2_kdl_package__rosidl_typesupport_c.so
-- Set runtime path of "/home/user/ros2_ws/src/install/ros2_kdl_package/lib/libros2_kdl_package__rosidl_typesupport_c.so" to ""
-- Up-to-date: /home/user/ros2_ws/src/install/ros2_kdl_package/include/ros2_kdl_package/ros2_kdl_package
-- Up-to-date: /home/user/ros2_ws/src/install/ros2_kdl_package/include/ros2_kdl_package/ros2_kdl_package/action
-- Up-to-date: /home/user/ros2_ws/src/install/ros2_kdl_package/include/ros2_kdl_package/ros2_kdl_package/action/detail
-- Installing: /home/user/ros2_ws/src/install/ros2_kdl_package/include/ros2_kdl_package/ros2_kdl_package/action/detail/execute_trajectory__type_support.cpp
-- Installing: /home/user/ros2_ws/src/install/ros2_kdl_package/include/ros2_kdl_package/ros2_kdl_package/action/detail/execute_trajectory__rosidl_typesupport_introspection_cpp.hpp
-- Installing: /home/user/ros2_ws/src/install/ros2_kdl_package/lib/libros2_kdl_package__rosidl_typesupport_introspection_cpp.so
-- Set runtime path of "/home/user/ros2_ws/src/install/ros2_kdl_package/lib/libros2_kdl_package__rosidl_typesupport_introspection_cpp.so" to ""
-- Installing: /home/user/ros2_ws/src/install/ros2_kdl_package/lib/libros2_kdl_package__rosidl_typesupport_cpp.so
-- Set runtime path of "/home/user/ros2_ws/src/install/ros2_kdl_package/lib/libros2_kdl_package__rosidl_typesupport_cpp.so" to ""
-- Installing: /home/user/ros2_ws/src/install/ros2_kdl_package/share/ros2_kdl_package/environment/pythonpath.sh
-- Installing: /home/user/ros2_ws/src/install/ros2_kdl_package/share/ros2_kdl_package/environment/pythonpath.dsv
-- Installing: /home/user/ros2_ws/src/install/ros2_kdl_package/local/lib/python3.10/dist-packages/ros2_kdl_package-0.0.0-py3.10.egg-info
-- Installing: /home/user/ros2_ws/src/install/ros2_kdl_package/local/lib/python3.10/dist-packages/ros2_kdl_package-0.0.0-py3.10.egg-info/top_level.txt
-- Installing: /home/user/ros2_ws/src/install/ros2_kdl_package/local/lib/python3.10/dist-packages/ros2_kdl_package-0.0.0-py3.10.egg-info/PKG-INFO
-- Installing: /home/user/ros2_ws/src/install/ros2_kdl_package/local/lib/python3.10/dist-packages/ros2_kdl_package-0.0.0-py3.10.egg-info/SOURCES.txt
-- Installing: /home/user/ros2_ws/src/install/ros2_kdl_package/local/lib/python3.10/dist-packages/ros2_kdl_package-0.0.0-py3.10.egg-info/dependency_links.txt
-- Installing: /home/user/ros2_ws/src/install/ros2_kdl_package/local/lib/python3.10/dist-packages/ros2_kdl_package
-- Installing: /home/user/ros2_ws/src/install/ros2_kdl_package/local/lib/python3.10/dist-packages/ros2_kdl_package/__init__.py
-- Installing: /home/user/ros2_ws/src/install/ros2_kdl_package/local/lib/python3.10/dist-packages/ros2_kdl_package/ros2_kdl_package_s__rosidl_typesupport_c.cpython-310-x86_64-linux-gnu.so
-- Installing: /home/user/ros2_ws/src/install/ros2_kdl_package/local/lib/python3.10/dist-packages/ros2_kdl_package/_ros2_kdl_package_s.ep.rosidl_typesupport_introspection_c.c
-- Installing: /home/user/ros2_ws/src/install/ros2_kdl_package/local/lib/python3.10/dist-packages/ros2_kdl_package/_ros2_kdl_package_s.ep.rosidl_typesupport_fastrtps_c.c
-- Installing: /home/user/ros2_ws/src/install/ros2_kdl_package/local/lib/python3.10/dist-packages/ros2_kdl_package/_ros2_kdl_package_s.ep.rosidl_typesupport_c.c
-- Installing: /home/user/ros2_ws/src/install/ros2_kdl_package/local/lib/python3.10/dist-packages/ros2_kdl_package/ros2_kdl_package_s__rosidl_typesupport_introspection_c.cpython-310-x86_64-linux-gnu.so
-- Installing: /home/user/ros2_ws/src/install/ros2_kdl_package/local/lib/python3.10/dist-packages/ros2_kdl_package/libros2_kdl_package__rosidl_generator_py.so
-- Installing: /home/user/ros2_ws/src/install/ros2_kdl_package/local/lib/python3.10/dist-packages/ros2_kdl_package/action
-- Installing: /home/user/ros2_ws/src/install/ros2_kdl_package/local/lib/python3.10/dist-packages/ros2_kdl_package/action/__init__.py
-- Installing: /home/user/ros2_ws/src/install/ros2_kdl_package/local/lib/python3.10/dist-packages/ros2_kdl_package/action/_execute_trajectory.py
-- Installing: /home/user/ros2_ws/src/install/ros2_kdl_package/local/lib/python3.10/dist-packages/ros2_kdl_package/action/_execute_trajectory_s.c
-- Installing: /home/user/ros2_ws/src/install/ros2_kdl_package/local/lib/python3.10/dist-packages/ros2_kdl_package/ros2_kdl_package_s__rosidl_typesupport_fastrtps_c.cpython-310-x86_64-linux-gnu.so
Listing '/home/user/ros2_ws/src/install/ros2_kdl_package/local/lib/python3.10/dist-packages/ros2_kdl_package'...
Compiling '/home/user/ros2_ws/src/install/ros2_kdl_package/local/lib/python3.10/dist-packages/ros2_kdl_package/__init__.py'...
Listing '/home/user/ros2_ws/src/install/ros2_kdl_package/local/lib/python3.10/dist-packages/ros2_kdl_package/action'...
Compiling '/home/user/ros2_ws/src/install/ros2_kdl_package/local/lib/python3.10/dist-packages/ros2_kdl_package/action/__init__.py'...
Compiling '/home/user/ros2_ws/src/install/ros2_kdl_package/local/lib/python3.10/dist-packages/ros2_kdl_package/action/_execute_trajectory.py'...
-- Installing: /home/user/ros2_ws/src/install/ros2_kdl_package/local/lib/python3.10/dist-packages/ros2_kdl_package/ros2_kdl_package_s__rosidl_typesupport_fastrtps_c.cpython-310-x86_64-linux-gnu.so
-- Set runtime path of "/home/user/ros2_ws/src/install/ros2_kdl_package/local/lib/python3.10/dist-packages/ros2_kdl_package/ros2_kdl_package_s__rosidl_typesupport_fastrtps_c.cpython-310-x86_64-linux-gnu.so" to ""
-- Installing: /home/user/ros2_ws/src/install/ros2_kdl_package/local/lib/python3.10/dist-packages/ros2_kdl_package/ros2_kdl_package_s__rosidl_typesupport_introspection_c.cpython-310-x86_64-linux-gnu.so
-- Set runtime path of "/home/user/ros2_ws/src/install/ros2_kdl_package/local/lib/python3.10/dist-packages/ros2_kdl_package/ros2_kdl_package_s__rosidl_typesupport_introspection_c.cpython-310-x86_64-linux-gnu.so" to ""
-- Installing: /home/user/ros2_ws/src/install/ros2_kdl_package/local/lib/python3.10/dist-packages/ros2_kdl_package/ros2_kdl_package_s__rosidl_typesupport_c.cpython-310-x86_64-linux-gnu.so
-- Set runtime path of "/home/user/ros2_ws/src/install/ros2_kdl_package/local/lib/python3.10/dist-packages/ros2_kdl_package/ros2_kdl_package_s__rosidl_typesupport_c.cpython-310-x86_64-linux-gnu.so" to ""
-- Installing: /home/user/ros2_ws/src/install/ros2_kdl_package/lib/libros2_kdl_package__rosidl_generator_py.so
-- Set runtime path of "/home/user/ros2_ws/src/install/ros2_kdl_package/lib/libros2_kdl_package__rosidl_generator_py.so" to ""
-- Installing: /home/user/ros2_ws/src/install/ros2_kdl_package/share/ros2_kdl_package/action/ExecuteTrajectory.idl
-- Installing: /home/user/ros2_ws/src/install/ros2_kdl_package/share/ros2_kdl_package/action/ExecuteTrajectory.action
-- Installing: /home/user/ros2_ws/src/install/ros2_kdl_package/lib/ros2_kdl_package/ros2_kdl_node
-- Set runtime path of "/home/user/ros2_ws/src/install/ros2_kdl_package/lib/ros2_kdl_package/ros2_kdl_node" to ""
-- Installing: /home/user/ros2_ws/src/install/ros2_kdl_package/lib/ros2_kdl_package/ros2_kdl_node_example
-- Set runtime path of "/home/user/ros2_ws/src/install/ros2_kdl_package/lib/ros2_kdl_package/ros2_kdl_node_example" to ""
-- Installing: /home/user/ros2_ws/src/install/ros2_kdl_package/lib/ros2_kdl_package/ros2_kdl_node_client
-- Set runtime path of "/home/user/ros2_ws/src/install/ros2_kdl_package/lib/ros2_kdl_package/ros2_kdl_node_client" to ""
-- Installing: /home/user/ros2_ws/src/install/ros2_kdl_package/share/ros2_kdl_package/launch
-- Installing: /home/user/ros2_ws/src/install/ros2_kdl_package/share/ros2_kdl_package/launch/__pycache__
-- Installing: /home/user/ros2_ws/src/install/ros2_kdl_package/share/ros2_kdl_package/launch/__pycache__/launching.launch.cpython-310.pyc
-- Installing: /home/user/ros2_ws/src/install/ros2_kdl_package/share/ros2_kdl_package/launch/launching.launch.py
-- Installing: /home/user/ros2_ws/src/install/ros2_kdl_package/share/ros2_kdl_package/config
-- Installing: /home/user/ros2_ws/src/install/ros2_kdl_package/share/ros2_kdl_package/config/kdl_params.yaml
-- Installing: /home/user/ros2_ws/src/install/ros2_kdl_package/share/ament_index/resource_index/package_run_dependencies/ros2_kdl_package
-- Installing: /home/user/ros2_ws/src/install/ros2_kdl_package/share/ament_index/resource_index/parent_prefix_path/ros2_kdl_package
-- Installing: /home/user/ros2_ws/src/install/ros2_kdl_package/share/ros2_kdl_package/environment/ament_prefix_path.sh
-- Installing: /home/user/ros2_ws/src/install/ros2_kdl_package/share/ros2_kdl_package/environment/ament_prefix_path.dsv
-- Installing: /home/user/ros2_ws/src/install/ros2_kdl_package/share/ros2_kdl_package/environment/path.sh
-- Installing: /home/user/ros2_ws/src/install/ros2_kdl_package/share/ros2_kdl_package/environment/path.dsv
-- Installing: /home/user/ros2_ws/src/install/ros2_kdl_package/share/ros2_kdl_package/local_setup.bash
-- Installing: /home/user/ros2_ws/src/install/ros2_kdl_package/share/ros2_kdl_package/local_setup.sh
-- Installing: /home/user/ros2_ws/src/install/ros2_kdl_package/share/ros2_kdl_package/local_setup.zsh
-- Installing: /home/user/ros2_ws/src/install/ros2_kdl_package/share/ros2_kdl_package/local_setup.dsv
-- Installing: /home/user/ros2_ws/src/install/ros2_kdl_package/share/ros2_kdl_package/package.dsv
-- Installing: /home/user/ros2_ws/src/install/ros2_kdl_package/share/ament_index/resource_index/packages/ros2_kdl_package
-- Installing: /home/user/ros2_ws/src/install/ros2_kdl_package/share/ros2_kdl_package/cmake/export_ros2_kdl_package__rosidl_generator_cExport.cmake
-- Installing: /home/user/ros2_ws/src/install/ros2_kdl_package/share/ros2_kdl_package/cmake/export_ros2_kdl_package__rosidl_generator_cExport-noconfig.cmake
-- Installing: /home/user/ros2_ws/src/install/ros2_kdl_package/share/ros2_kdl_package/cmake/export_ros2_kdl_package__rosidl_typesupport_fastrtps_cExport.cmake
-- Installing: /home/user/ros2_ws/src/install/ros2_kdl_package/share/ros2_kdl_package/cmake/export_ros2_kdl_package__rosidl_typesupport_fastrtps_cExport-noconfig.cmake
-- Installing: /home/user/ros2_ws/src/install/ros2_kdl_package/share/ros2_kdl_package/cmake/export_ros2_kdl_package__rosidl_generator_cppExport.cmake
-- Installing: /home/user/ros2_ws/src/install/ros2_kdl_package/share/ros2_kdl_package/cmake/export_ros2_kdl_package__rosidl_typesupport_fastrtps_cppExport.cmake
-- Installing: /home/user/ros2_ws/src/install/ros2_kdl_package/share/ros2_kdl_package/cmake/export_ros2_kdl_package__rosidl_typesupport_fastrtps_cppExport-noconfig.cmake
-- Installing: /home/user/ros2_ws/src/install/ros2_kdl_package/share/ros2_kdl_package/cmake/ros2_kdl_package__rosidl_typesupport_introspection_cExport.cmake
-- Installing: /home/user/ros2_ws/src/install/ros2_kdl_package/share/ros2_kdl_package/cmake/ros2_kdl_package__rosidl_typesupport_introspection_cExport-noconfig.cmake
-- Installing: /home/user/ros2_ws/src/install/ros2_kdl_package/share/ros2_kdl_package/cmake/ros2_kdl_package__rosidl_typesupport_cExport.cmake
-- Installing: /home/user/ros2_ws/src/install/ros2_kdl_package/share/ros2_kdl_package/cmake/ros2_kdl_package__rosidl_typesupport_cExport-noconfig.cmake
-- Installing: /home/user/ros2_ws/src/install/ros2_kdl_package/share/ros2_kdl_package/cmake/ros2_kdl_package__rosidl_typesupport_introspection_cppExport.cmake
-- Installing: /home/user/ros2_ws/src/install/ros2_kdl_package/share/ros2_kdl_package/cmake/ros2_kdl_package__rosidl_typesupport_introspection_cppExport-noconfig.cmake
-- Installing: /home/user/ros2_ws/src/install/ros2_kdl_package/share/ros2_kdl_package/cmake/ros2_kdl_package__rosidl_typesupport_cppExport.cmake
-- Installing: /home/user/ros2_ws/src/install/ros2_kdl_package/share/ros2_kdl_package/cmake/ros2_kdl_package__rosidl_typesupport_cppExport-noconfig.cmake
-- Installing: /home/user/ros2_ws/src/install/ros2_kdl_package/share/ros2_kdl_package/cmake/export_ros2_kdl_package__rosidl_generator_pyExport.cmake
-- Installing: /home/user/ros2_ws/src/install/ros2_kdl_package/share/ros2_kdl_package/cmake/export_ros2_kdl_package__rosidl_generator_pyExport-noconfig.cmake
-- Installing: /home/user/ros2_ws/src/install/ros2_kdl_package/share/ros2_kdl_package/cmake/rosidl_cmake-extras.cmake
-- Installing: /home/user/ros2_ws/src/install/ros2_kdl_package/share/ros2_kdl_package/cmake/ament_cmake_export_dependencies-extras.cmake
-- Installing: /home/user/ros2_ws/src/install/ros2_kdl_package/share/ros2_kdl_package/cmake/ament_cmake_export_include_directories-extras.cmake
-- Installing: /home/user/ros2_ws/src/install/ros2_kdl_package/share/ros2_kdl_package/cmake/ament_cmake_export_libraries-extras.cmake
-- Installing: /home/user/ros2_ws/src/install/ros2_kdl_package/share/ros2_kdl_package/cmake/ament_cmake_export_targets-extras.cmake
-- Installing: /home/user/ros2_ws/src/install/ros2_kdl_package/share/ros2_kdl_package/cmake/rosidl_cmake_export_typesupport_targets-extras.cmake
-- Installing: /home/user/ros2_ws/src/install/ros2_kdl_package/share/ros2_kdl_package/cmake/rosidl_cmake_export_typesupport_libraries-extras.cmake
-- Installing: /home/user/ros2_ws/src/install/ros2_kdl_package/share/ros2_kdl_package/cmake/ros2_kdl_packageConfig.cmake
-- Installing: /home/user/ros2_ws/src/install/ros2_kdl_package/share/ros2_kdl_package/cmake/ros2_kdl_packageConfig-version.cmake
-- Installing: /home/user/ros2_ws/src/install/ros2_kdl_package/share/ros2_kdl_package/package.xml
