[0.026s] Invoking command in '/home/user/ros2_ws/src/build/aruco': CMAKE_PREFIX_PATH=${CMAKE_PREFIX_PATH}:/opt/ros/humble /usr/bin/cmake /home/user/ros2_ws/src/aruco_ros/aruco -DCMAKE_INSTALL_PREFIX=/home/user/ros2_ws/src/install/aruco
[0.079s] -- The C compiler identification is GNU 11.4.0
[0.129s] -- The CXX compiler identification is GNU 11.4.0
[0.137s] -- Detecting C compiler ABI info
[0.190s] -- Detecting C compiler ABI info - done
[0.198s] -- Check for working C compiler: /usr/bin/cc - skipped
[0.198s] -- Detecting C compile features
[0.198s] -- Detecting C compile features - done
[0.201s] -- Detecting CXX compiler ABI info
[0.262s] -- Detecting CXX compiler ABI info - done
[0.267s] -- Check for working CXX compiler: /usr/bin/c++ - skipped
[0.268s] -- Detecting CXX compile features
[0.268s] -- Detecting CXX compile features - done
[0.272s] -- Found ament_cmake: 1.3.12 (/opt/ros/humble/share/ament_cmake/cmake)
[0.404s] -- Found Python3: /usr/bin/python3 (found version "3.10.12") found components: Interpreter 
[0.510s] -- Found OpenCV: /usr (found suitable version "4.5.4", minimum required is "4.2.0") 
[0.556s] -- Configuring done
[0.561s] -- Generating done
[0.562s] -- Build files have been written to: /home/user/ros2_ws/src/build/aruco
[0.566s] Invoked command in '/home/user/ros2_ws/src/build/aruco' returned '0': CMAKE_PREFIX_PATH=${CMAKE_PREFIX_PATH}:/opt/ros/humble /usr/bin/cmake /home/user/ros2_ws/src/aruco_ros/aruco -DCMAKE_INSTALL_PREFIX=/home/user/ros2_ws/src/install/aruco
[0.568s] Invoking command in '/home/user/ros2_ws/src/build/aruco': CMAKE_PREFIX_PATH=${CMAKE_PREFIX_PATH}:/opt/ros/humble /usr/bin/cmake --build /home/user/ros2_ws/src/build/aruco -- -j22 -l22
[0.615s] [ 11%] [32mBuilding CXX object CMakeFiles/aruco.dir/src/aruco/cameraparameters.cpp.o[0m
[0.615s] [ 11%] [32mBuilding CXX object CMakeFiles/aruco.dir/src/aruco/dictionary.cpp.o[0m
[0.615s] [ 16%] [32mBuilding CXX object CMakeFiles/aruco.dir/src/aruco/debug.cpp.o[0m
[0.615s] [ 22%] [32mBuilding CXX object CMakeFiles/aruco.dir/src/aruco/dictionary_based.cpp.o[0m
[0.617s] [ 27%] [32mBuilding CXX object CMakeFiles/aruco.dir/src/aruco/markerlabeler.cpp.o[0m
[0.617s] [ 33%] [32mBuilding CXX object CMakeFiles/aruco.dir/src/aruco/fractallabelers/fractallabeler.cpp.o[0m
[0.618s] [ 38%] [32mBuilding CXX object CMakeFiles/aruco.dir/src/aruco/posetracker.cpp.o[0m
[0.623s] [ 44%] [32mBuilding CXX object CMakeFiles/aruco.dir/src/aruco/fractallabelers/fractalmarker.cpp.o[0m
[0.623s] [ 50%] [32mBuilding CXX object CMakeFiles/aruco.dir/src/aruco/cvdrawingutils.cpp.o[0m
[0.623s] [ 55%] [32mBuilding CXX object CMakeFiles/aruco.dir/src/aruco/fractallabelers/fractalmarkerset.cpp.o[0m
[0.623s] [ 61%] [32mBuilding CXX object CMakeFiles/aruco.dir/src/aruco/markermap.cpp.o[0m
[0.623s] [ 77%] [32mBuilding CXX object CMakeFiles/aruco.dir/src/aruco/fractallabelers/fractalposetracker.cpp.o[0m
[0.624s] [ 77%] [32mBuilding CXX object CMakeFiles/aruco.dir/src/aruco/ippe.cpp.o[0m
[0.624s] [ 83%] [32mBuilding CXX object CMakeFiles/aruco.dir/src/aruco/fractaldetector.cpp.o[0m
[0.624s] [ 83%] [32mBuilding CXX object CMakeFiles/aruco.dir/src/aruco/markerdetector.cpp.o[0m
[0.624s] [ 88%] [32mBuilding CXX object CMakeFiles/aruco.dir/src/aruco/markerdetector_impl.cpp.o[0m
[0.625s] [ 94%] [32mBuilding CXX object CMakeFiles/aruco.dir/src/aruco/marker.cpp.o[0m
[5.888s] [100%] [32m[1mLinking CXX shared library libaruco.so[0m
[6.243s] [100%] Built target aruco
[6.254s] Invoked command in '/home/user/ros2_ws/src/build/aruco' returned '0': CMAKE_PREFIX_PATH=${CMAKE_PREFIX_PATH}:/opt/ros/humble /usr/bin/cmake --build /home/user/ros2_ws/src/build/aruco -- -j22 -l22
[6.255s] Invoking command in '/home/user/ros2_ws/src/build/aruco': CMAKE_PREFIX_PATH=${CMAKE_PREFIX_PATH}:/opt/ros/humble /usr/bin/cmake --install /home/user/ros2_ws/src/build/aruco
[6.262s] -- Install configuration: ""
[6.262s] -- Installing: /home/user/ros2_ws/src/install/aruco/lib/libaruco.so
[6.264s] -- Installing: /home/user/ros2_ws/src/install/aruco/include
[6.264s] -- Installing: /home/user/ros2_ws/src/install/aruco/include/aruco
[6.264s] -- Installing: /home/user/ros2_ws/src/install/aruco/include/aruco/dictionary.h
[6.265s] -- Installing: /home/user/ros2_ws/src/install/aruco/include/aruco/aruco_cvversioning.h
[6.265s] -- Installing: /home/user/ros2_ws/src/install/aruco/include/aruco/marker.h
[6.265s] -- Installing: /home/user/ros2_ws/src/install/aruco/include/aruco/picoflann.h
[6.265s] -- Installing: /home/user/ros2_ws/src/install/aruco/include/aruco/markerdetector.h
[6.265s] -- Installing: /home/user/ros2_ws/src/install/aruco/include/aruco/debug.h
[6.265s] -- Installing: /home/user/ros2_ws/src/install/aruco/include/aruco/levmarq.h
[6.265s] -- Installing: /home/user/ros2_ws/src/install/aruco/include/aruco/fractallabelers
[6.265s] -- Installing: /home/user/ros2_ws/src/install/aruco/include/aruco/fractallabelers/fractalmarkerset.h
[6.265s] -- Installing: /home/user/ros2_ws/src/install/aruco/include/aruco/fractallabelers/fractalposetracker.h
[6.265s] -- Installing: /home/user/ros2_ws/src/install/aruco/include/aruco/fractallabelers/fractallabeler.h
[6.265s] -- Installing: /home/user/ros2_ws/src/install/aruco/include/aruco/fractallabelers/fractalmarker.h
[6.265s] -- Installing: /home/user/ros2_ws/src/install/aruco/include/aruco/cameraparameters.h
[6.266s] -- Installing: /home/user/ros2_ws/src/install/aruco/include/aruco/markerlabeler.h
[6.266s] -- Installing: /home/user/ros2_ws/src/install/aruco/include/aruco/aruco.h
[6.266s] -- Installing: /home/user/ros2_ws/src/install/aruco/include/aruco/aruco_export.h
[6.266s] -- Installing: /home/user/ros2_ws/src/install/aruco/include/aruco/fractaldetector.h
[6.266s] -- Installing: /home/user/ros2_ws/src/install/aruco/include/aruco/posetracker.h
[6.266s] -- Installing: /home/user/ros2_ws/src/install/aruco/include/aruco/markerdetector_impl.h
[6.266s] -- Installing: /home/user/ros2_ws/src/install/aruco/include/aruco/cvdrawingutils.h
[6.266s] -- Installing: /home/user/ros2_ws/src/install/aruco/include/aruco/ippe.h
[6.266s] -- Installing: /home/user/ros2_ws/src/install/aruco/include/aruco/dictionary_based.h
[6.266s] -- Installing: /home/user/ros2_ws/src/install/aruco/include/aruco/timers.h
[6.266s] -- Installing: /home/user/ros2_ws/src/install/aruco/include/aruco/markermap.h
[6.267s] -- Installing: /home/user/ros2_ws/src/install/aruco/share/aruco/environment/library_path.sh
[6.267s] -- Installing: /home/user/ros2_ws/src/install/aruco/share/aruco/environment/library_path.dsv
[6.267s] -- Installing: /home/user/ros2_ws/src/install/aruco/share/ament_index/resource_index/package_run_dependencies/aruco
[6.267s] -- Installing: /home/user/ros2_ws/src/install/aruco/share/ament_index/resource_index/parent_prefix_path/aruco
[6.267s] -- Installing: /home/user/ros2_ws/src/install/aruco/share/aruco/environment/ament_prefix_path.sh
[6.267s] -- Installing: /home/user/ros2_ws/src/install/aruco/share/aruco/environment/ament_prefix_path.dsv
[6.267s] -- Installing: /home/user/ros2_ws/src/install/aruco/share/aruco/environment/path.sh
[6.267s] -- Installing: /home/user/ros2_ws/src/install/aruco/share/aruco/environment/path.dsv
[6.267s] -- Installing: /home/user/ros2_ws/src/install/aruco/share/aruco/local_setup.bash
[6.267s] -- Installing: /home/user/ros2_ws/src/install/aruco/share/aruco/local_setup.sh
[6.267s] -- Installing: /home/user/ros2_ws/src/install/aruco/share/aruco/local_setup.zsh
[6.267s] -- Installing: /home/user/ros2_ws/src/install/aruco/share/aruco/local_setup.dsv
[6.267s] -- Installing: /home/user/ros2_ws/src/install/aruco/share/aruco/package.dsv
[6.267s] -- Installing: /home/user/ros2_ws/src/install/aruco/share/ament_index/resource_index/packages/aruco
[6.268s] -- Installing: /home/user/ros2_ws/src/install/aruco/share/aruco/cmake/ament_cmake_export_include_directories-extras.cmake
[6.268s] -- Installing: /home/user/ros2_ws/src/install/aruco/share/aruco/cmake/ament_cmake_export_libraries-extras.cmake
[6.268s] -- Installing: /home/user/ros2_ws/src/install/aruco/share/aruco/cmake/arucoConfig.cmake
[6.268s] -- Installing: /home/user/ros2_ws/src/install/aruco/share/aruco/cmake/arucoConfig-version.cmake
[6.268s] -- Installing: /home/user/ros2_ws/src/install/aruco/share/aruco/package.xml
[6.269s] Invoked command in '/home/user/ros2_ws/src/build/aruco' returned '0': CMAKE_PREFIX_PATH=${CMAKE_PREFIX_PATH}:/opt/ros/humble /usr/bin/cmake --install /home/user/ros2_ws/src/build/aruco
