[0.021s] Invoking command in '/home/user/ros2_ws/src/build/aruco_msgs': CMAKE_PREFIX_PATH=${CMAKE_PREFIX_PATH}:/opt/ros/humble /usr/bin/cmake --build /home/user/ros2_ws/src/build/aruco_msgs -- -j22 -l22
[0.069s] [  2%] Built target aruco_msgs__cpp
[0.074s] [ 12%] Built target aruco_msgs__rosidl_generator_c
[0.088s] [ 12%] Built target ament_cmake_python_copy_aruco_msgs
[0.098s] [ 23%] Built target aruco_msgs__rosidl_typesupport_cpp
[0.110s] [ 33%] Built target aruco_msgs__rosidl_typesupport_c
[0.114s] [ 43%] Built target aruco_msgs__rosidl_typesupport_fastrtps_c
[0.114s] [ 53%] Built target aruco_msgs__rosidl_typesupport_introspection_cpp
[0.114s] [ 64%] Built target aruco_msgs__rosidl_typesupport_introspection_c
[0.117s] [ 74%] Built target aruco_msgs__rosidl_typesupport_fastrtps_cpp
[0.135s] [ 74%] Built target aruco_msgs
[0.154s] [ 76%] Built target aruco_msgs__py
[0.180s] [ 84%] Built target aruco_msgs__rosidl_generator_py
[0.188s] [ 89%] Built target aruco_msgs__rosidl_typesupport_fastrtps_c__pyext
[0.192s] [ 94%] Built target aruco_msgs__rosidl_typesupport_introspection_c__pyext
[0.195s] [100%] Built target aruco_msgs__rosidl_typesupport_c__pyext
[0.251s] running egg_info
[0.251s] writing aruco_msgs.egg-info/PKG-INFO
[0.252s] writing dependency_links to aruco_msgs.egg-info/dependency_links.txt
[0.252s] writing top-level names to aruco_msgs.egg-info/top_level.txt
[0.253s] reading manifest file 'aruco_msgs.egg-info/SOURCES.txt'
[0.253s] writing manifest file 'aruco_msgs.egg-info/SOURCES.txt'
[0.273s] [100%] Built target ament_cmake_python_build_aruco_msgs_egg
[0.283s] Invoked command in '/home/user/ros2_ws/src/build/aruco_msgs' returned '0': CMAKE_PREFIX_PATH=${CMAKE_PREFIX_PATH}:/opt/ros/humble /usr/bin/cmake --build /home/user/ros2_ws/src/build/aruco_msgs -- -j22 -l22
[0.285s] Invoking command in '/home/user/ros2_ws/src/build/aruco_msgs': CMAKE_PREFIX_PATH=${CMAKE_PREFIX_PATH}:/opt/ros/humble /usr/bin/cmake --install /home/user/ros2_ws/src/build/aruco_msgs
[0.292s] -- Install configuration: ""
[0.292s] -- Up-to-date: /home/user/ros2_ws/src/install/aruco_msgs/share/ament_index/resource_index/rosidl_interfaces/aruco_msgs
[0.292s] -- Up-to-date: /home/user/ros2_ws/src/install/aruco_msgs/include/aruco_msgs/aruco_msgs
[0.292s] -- Up-to-date: /home/user/ros2_ws/src/install/aruco_msgs/include/aruco_msgs/aruco_msgs/msg
[0.293s] -- Up-to-date: /home/user/ros2_ws/src/install/aruco_msgs/include/aruco_msgs/aruco_msgs/msg/marker.h
[0.293s] -- Up-to-date: /home/user/ros2_ws/src/install/aruco_msgs/include/aruco_msgs/aruco_msgs/msg/detail
[0.293s] -- Up-to-date: /home/user/ros2_ws/src/install/aruco_msgs/include/aruco_msgs/aruco_msgs/msg/detail/marker__type_support.h
[0.293s] -- Up-to-date: /home/user/ros2_ws/src/install/aruco_msgs/include/aruco_msgs/aruco_msgs/msg/detail/marker_array__functions.h
[0.293s] -- Up-to-date: /home/user/ros2_ws/src/install/aruco_msgs/include/aruco_msgs/aruco_msgs/msg/detail/marker_array__functions.c
[0.293s] -- Up-to-date: /home/user/ros2_ws/src/install/aruco_msgs/include/aruco_msgs/aruco_msgs/msg/detail/marker_array__struct.h
[0.293s] -- Up-to-date: /home/user/ros2_ws/src/install/aruco_msgs/include/aruco_msgs/aruco_msgs/msg/detail/marker_array__type_support.h
[0.293s] -- Up-to-date: /home/user/ros2_ws/src/install/aruco_msgs/include/aruco_msgs/aruco_msgs/msg/detail/marker__functions.c
[0.293s] -- Up-to-date: /home/user/ros2_ws/src/install/aruco_msgs/include/aruco_msgs/aruco_msgs/msg/detail/marker__functions.h
[0.293s] -- Up-to-date: /home/user/ros2_ws/src/install/aruco_msgs/include/aruco_msgs/aruco_msgs/msg/detail/marker__struct.h
[0.293s] -- Up-to-date: /home/user/ros2_ws/src/install/aruco_msgs/include/aruco_msgs/aruco_msgs/msg/rosidl_generator_c__visibility_control.h
[0.293s] -- Up-to-date: /home/user/ros2_ws/src/install/aruco_msgs/include/aruco_msgs/aruco_msgs/msg/marker_array.h
[0.293s] -- Up-to-date: /home/user/ros2_ws/src/install/aruco_msgs/share/aruco_msgs/environment/library_path.sh
[0.293s] -- Up-to-date: /home/user/ros2_ws/src/install/aruco_msgs/share/aruco_msgs/environment/library_path.dsv
[0.293s] -- Up-to-date: /home/user/ros2_ws/src/install/aruco_msgs/lib/libaruco_msgs__rosidl_generator_c.so
[0.293s] -- Up-to-date: /home/user/ros2_ws/src/install/aruco_msgs/include/aruco_msgs/aruco_msgs
[0.293s] -- Up-to-date: /home/user/ros2_ws/src/install/aruco_msgs/include/aruco_msgs/aruco_msgs/msg
[0.293s] -- Up-to-date: /home/user/ros2_ws/src/install/aruco_msgs/include/aruco_msgs/aruco_msgs/msg/detail
[0.293s] -- Up-to-date: /home/user/ros2_ws/src/install/aruco_msgs/include/aruco_msgs/aruco_msgs/msg/detail/marker__rosidl_typesupport_fastrtps_c.h
[0.293s] -- Up-to-date: /home/user/ros2_ws/src/install/aruco_msgs/include/aruco_msgs/aruco_msgs/msg/detail/marker_array__rosidl_typesupport_fastrtps_c.h
[0.293s] -- Up-to-date: /home/user/ros2_ws/src/install/aruco_msgs/include/aruco_msgs/aruco_msgs/msg/rosidl_typesupport_fastrtps_c__visibility_control.h
[0.293s] -- Up-to-date: /home/user/ros2_ws/src/install/aruco_msgs/lib/libaruco_msgs__rosidl_typesupport_fastrtps_c.so
[0.294s] -- Up-to-date: /home/user/ros2_ws/src/install/aruco_msgs/include/aruco_msgs/aruco_msgs
[0.294s] -- Up-to-date: /home/user/ros2_ws/src/install/aruco_msgs/include/aruco_msgs/aruco_msgs/msg
[0.294s] -- Up-to-date: /home/user/ros2_ws/src/install/aruco_msgs/include/aruco_msgs/aruco_msgs/msg/marker.hpp
[0.294s] -- Up-to-date: /home/user/ros2_ws/src/install/aruco_msgs/include/aruco_msgs/aruco_msgs/msg/detail
[0.294s] -- Up-to-date: /home/user/ros2_ws/src/install/aruco_msgs/include/aruco_msgs/aruco_msgs/msg/detail/marker__type_support.hpp
[0.294s] -- Up-to-date: /home/user/ros2_ws/src/install/aruco_msgs/include/aruco_msgs/aruco_msgs/msg/detail/marker_array__struct.hpp
[0.294s] -- Up-to-date: /home/user/ros2_ws/src/install/aruco_msgs/include/aruco_msgs/aruco_msgs/msg/detail/marker_array__type_support.hpp
[0.294s] -- Up-to-date: /home/user/ros2_ws/src/install/aruco_msgs/include/aruco_msgs/aruco_msgs/msg/detail/marker__builder.hpp
[0.294s] -- Up-to-date: /home/user/ros2_ws/src/install/aruco_msgs/include/aruco_msgs/aruco_msgs/msg/detail/marker_array__builder.hpp
[0.294s] -- Up-to-date: /home/user/ros2_ws/src/install/aruco_msgs/include/aruco_msgs/aruco_msgs/msg/detail/marker_array__traits.hpp
[0.294s] -- Up-to-date: /home/user/ros2_ws/src/install/aruco_msgs/include/aruco_msgs/aruco_msgs/msg/detail/marker__traits.hpp
[0.294s] -- Up-to-date: /home/user/ros2_ws/src/install/aruco_msgs/include/aruco_msgs/aruco_msgs/msg/detail/marker__struct.hpp
[0.294s] -- Up-to-date: /home/user/ros2_ws/src/install/aruco_msgs/include/aruco_msgs/aruco_msgs/msg/marker_array.hpp
[0.294s] -- Up-to-date: /home/user/ros2_ws/src/install/aruco_msgs/include/aruco_msgs/aruco_msgs/msg/rosidl_generator_cpp__visibility_control.hpp
[0.294s] -- Up-to-date: /home/user/ros2_ws/src/install/aruco_msgs/include/aruco_msgs/aruco_msgs
[0.294s] -- Up-to-date: /home/user/ros2_ws/src/install/aruco_msgs/include/aruco_msgs/aruco_msgs/msg
[0.294s] -- Up-to-date: /home/user/ros2_ws/src/install/aruco_msgs/include/aruco_msgs/aruco_msgs/msg/detail
[0.294s] -- Up-to-date: /home/user/ros2_ws/src/install/aruco_msgs/include/aruco_msgs/aruco_msgs/msg/detail/dds_fastrtps
[0.294s] -- Up-to-date: /home/user/ros2_ws/src/install/aruco_msgs/include/aruco_msgs/aruco_msgs/msg/detail/marker__rosidl_typesupport_fastrtps_cpp.hpp
[0.294s] -- Up-to-date: /home/user/ros2_ws/src/install/aruco_msgs/include/aruco_msgs/aruco_msgs/msg/detail/marker_array__rosidl_typesupport_fastrtps_cpp.hpp
[0.294s] -- Up-to-date: /home/user/ros2_ws/src/install/aruco_msgs/include/aruco_msgs/aruco_msgs/msg/rosidl_typesupport_fastrtps_cpp__visibility_control.h
[0.294s] -- Up-to-date: /home/user/ros2_ws/src/install/aruco_msgs/lib/libaruco_msgs__rosidl_typesupport_fastrtps_cpp.so
[0.295s] -- Up-to-date: /home/user/ros2_ws/src/install/aruco_msgs/include/aruco_msgs/aruco_msgs
[0.295s] -- Up-to-date: /home/user/ros2_ws/src/install/aruco_msgs/include/aruco_msgs/aruco_msgs/msg
[0.295s] -- Up-to-date: /home/user/ros2_ws/src/install/aruco_msgs/include/aruco_msgs/aruco_msgs/msg/detail
[0.295s] -- Up-to-date: /home/user/ros2_ws/src/install/aruco_msgs/include/aruco_msgs/aruco_msgs/msg/detail/marker__type_support.c
[0.295s] -- Up-to-date: /home/user/ros2_ws/src/install/aruco_msgs/include/aruco_msgs/aruco_msgs/msg/detail/marker_array__rosidl_typesupport_introspection_c.h
[0.295s] -- Up-to-date: /home/user/ros2_ws/src/install/aruco_msgs/include/aruco_msgs/aruco_msgs/msg/detail/marker__rosidl_typesupport_introspection_c.h
[0.295s] -- Up-to-date: /home/user/ros2_ws/src/install/aruco_msgs/include/aruco_msgs/aruco_msgs/msg/detail/marker_array__type_support.c
[0.295s] -- Up-to-date: /home/user/ros2_ws/src/install/aruco_msgs/include/aruco_msgs/aruco_msgs/msg/rosidl_typesupport_introspection_c__visibility_control.h
[0.295s] -- Up-to-date: /home/user/ros2_ws/src/install/aruco_msgs/lib/libaruco_msgs__rosidl_typesupport_introspection_c.so
[0.295s] -- Up-to-date: /home/user/ros2_ws/src/install/aruco_msgs/lib/libaruco_msgs__rosidl_typesupport_c.so
[0.295s] -- Up-to-date: /home/user/ros2_ws/src/install/aruco_msgs/include/aruco_msgs/aruco_msgs
[0.295s] -- Up-to-date: /home/user/ros2_ws/src/install/aruco_msgs/include/aruco_msgs/aruco_msgs/msg
[0.295s] -- Up-to-date: /home/user/ros2_ws/src/install/aruco_msgs/include/aruco_msgs/aruco_msgs/msg/detail
[0.295s] -- Up-to-date: /home/user/ros2_ws/src/install/aruco_msgs/include/aruco_msgs/aruco_msgs/msg/detail/marker__type_support.cpp
[0.295s] -- Up-to-date: /home/user/ros2_ws/src/install/aruco_msgs/include/aruco_msgs/aruco_msgs/msg/detail/marker__rosidl_typesupport_introspection_cpp.hpp
[0.295s] -- Up-to-date: /home/user/ros2_ws/src/install/aruco_msgs/include/aruco_msgs/aruco_msgs/msg/detail/marker_array__rosidl_typesupport_introspection_cpp.hpp
[0.295s] -- Up-to-date: /home/user/ros2_ws/src/install/aruco_msgs/include/aruco_msgs/aruco_msgs/msg/detail/marker_array__type_support.cpp
[0.295s] -- Up-to-date: /home/user/ros2_ws/src/install/aruco_msgs/lib/libaruco_msgs__rosidl_typesupport_introspection_cpp.so
[0.295s] -- Up-to-date: /home/user/ros2_ws/src/install/aruco_msgs/lib/libaruco_msgs__rosidl_typesupport_cpp.so
[0.295s] -- Up-to-date: /home/user/ros2_ws/src/install/aruco_msgs/share/aruco_msgs/environment/pythonpath.sh
[0.295s] -- Up-to-date: /home/user/ros2_ws/src/install/aruco_msgs/share/aruco_msgs/environment/pythonpath.dsv
[0.295s] -- Up-to-date: /home/user/ros2_ws/src/install/aruco_msgs/local/lib/python3.10/dist-packages/aruco_msgs-5.0.5-py3.10.egg-info
[0.295s] -- Installing: /home/user/ros2_ws/src/install/aruco_msgs/local/lib/python3.10/dist-packages/aruco_msgs-5.0.5-py3.10.egg-info/top_level.txt
[0.295s] -- Installing: /home/user/ros2_ws/src/install/aruco_msgs/local/lib/python3.10/dist-packages/aruco_msgs-5.0.5-py3.10.egg-info/PKG-INFO
[0.295s] -- Installing: /home/user/ros2_ws/src/install/aruco_msgs/local/lib/python3.10/dist-packages/aruco_msgs-5.0.5-py3.10.egg-info/SOURCES.txt
[0.295s] -- Installing: /home/user/ros2_ws/src/install/aruco_msgs/local/lib/python3.10/dist-packages/aruco_msgs-5.0.5-py3.10.egg-info/dependency_links.txt
[0.295s] -- Up-to-date: /home/user/ros2_ws/src/install/aruco_msgs/local/lib/python3.10/dist-packages/aruco_msgs
[0.295s] -- Up-to-date: /home/user/ros2_ws/src/install/aruco_msgs/local/lib/python3.10/dist-packages/aruco_msgs/__init__.py
[0.295s] -- Up-to-date: /home/user/ros2_ws/src/install/aruco_msgs/local/lib/python3.10/dist-packages/aruco_msgs/_aruco_msgs_s.ep.rosidl_typesupport_introspection_c.c
[0.295s] -- Up-to-date: /home/user/ros2_ws/src/install/aruco_msgs/local/lib/python3.10/dist-packages/aruco_msgs/aruco_msgs_s__rosidl_typesupport_introspection_c.cpython-310-x86_64-linux-gnu.so
[0.295s] -- Up-to-date: /home/user/ros2_ws/src/install/aruco_msgs/local/lib/python3.10/dist-packages/aruco_msgs/_aruco_msgs_s.ep.rosidl_typesupport_c.c
[0.296s] -- Up-to-date: /home/user/ros2_ws/src/install/aruco_msgs/local/lib/python3.10/dist-packages/aruco_msgs/aruco_msgs_s__rosidl_typesupport_fastrtps_c.cpython-310-x86_64-linux-gnu.so
[0.296s] -- Up-to-date: /home/user/ros2_ws/src/install/aruco_msgs/local/lib/python3.10/dist-packages/aruco_msgs/aruco_msgs_s__rosidl_typesupport_c.cpython-310-x86_64-linux-gnu.so
[0.296s] -- Up-to-date: /home/user/ros2_ws/src/install/aruco_msgs/local/lib/python3.10/dist-packages/aruco_msgs/libaruco_msgs__rosidl_generator_py.so
[0.296s] -- Up-to-date: /home/user/ros2_ws/src/install/aruco_msgs/local/lib/python3.10/dist-packages/aruco_msgs/msg
[0.296s] -- Up-to-date: /home/user/ros2_ws/src/install/aruco_msgs/local/lib/python3.10/dist-packages/aruco_msgs/msg/__init__.py
[0.296s] -- Up-to-date: /home/user/ros2_ws/src/install/aruco_msgs/local/lib/python3.10/dist-packages/aruco_msgs/msg/_marker.py
[0.296s] -- Up-to-date: /home/user/ros2_ws/src/install/aruco_msgs/local/lib/python3.10/dist-packages/aruco_msgs/msg/_marker_array.py
[0.296s] -- Up-to-date: /home/user/ros2_ws/src/install/aruco_msgs/local/lib/python3.10/dist-packages/aruco_msgs/msg/_marker_s.c
[0.296s] -- Up-to-date: /home/user/ros2_ws/src/install/aruco_msgs/local/lib/python3.10/dist-packages/aruco_msgs/msg/_marker_array_s.c
[0.296s] -- Up-to-date: /home/user/ros2_ws/src/install/aruco_msgs/local/lib/python3.10/dist-packages/aruco_msgs/_aruco_msgs_s.ep.rosidl_typesupport_fastrtps_c.c
[0.322s] Listing '/home/user/ros2_ws/src/install/aruco_msgs/local/lib/python3.10/dist-packages/aruco_msgs'...
[0.322s] Listing '/home/user/ros2_ws/src/install/aruco_msgs/local/lib/python3.10/dist-packages/aruco_msgs/msg'...
[0.325s] -- Up-to-date: /home/user/ros2_ws/src/install/aruco_msgs/local/lib/python3.10/dist-packages/aruco_msgs/aruco_msgs_s__rosidl_typesupport_fastrtps_c.cpython-310-x86_64-linux-gnu.so
[0.325s] -- Up-to-date: /home/user/ros2_ws/src/install/aruco_msgs/local/lib/python3.10/dist-packages/aruco_msgs/aruco_msgs_s__rosidl_typesupport_introspection_c.cpython-310-x86_64-linux-gnu.so
[0.325s] -- Up-to-date: /home/user/ros2_ws/src/install/aruco_msgs/local/lib/python3.10/dist-packages/aruco_msgs/aruco_msgs_s__rosidl_typesupport_c.cpython-310-x86_64-linux-gnu.so
[0.325s] -- Up-to-date: /home/user/ros2_ws/src/install/aruco_msgs/lib/libaruco_msgs__rosidl_generator_py.so
[0.325s] -- Up-to-date: /home/user/ros2_ws/src/install/aruco_msgs/share/aruco_msgs/msg/Marker.idl
[0.325s] -- Up-to-date: /home/user/ros2_ws/src/install/aruco_msgs/share/aruco_msgs/msg/MarkerArray.idl
[0.325s] -- Up-to-date: /home/user/ros2_ws/src/install/aruco_msgs/share/aruco_msgs/msg/Marker.msg
[0.326s] -- Up-to-date: /home/user/ros2_ws/src/install/aruco_msgs/share/aruco_msgs/msg/MarkerArray.msg
[0.326s] -- Up-to-date: /home/user/ros2_ws/src/install/aruco_msgs/share/ament_index/resource_index/package_run_dependencies/aruco_msgs
[0.326s] -- Up-to-date: /home/user/ros2_ws/src/install/aruco_msgs/share/ament_index/resource_index/parent_prefix_path/aruco_msgs
[0.326s] -- Up-to-date: /home/user/ros2_ws/src/install/aruco_msgs/share/aruco_msgs/environment/ament_prefix_path.sh
[0.326s] -- Up-to-date: /home/user/ros2_ws/src/install/aruco_msgs/share/aruco_msgs/environment/ament_prefix_path.dsv
[0.326s] -- Up-to-date: /home/user/ros2_ws/src/install/aruco_msgs/share/aruco_msgs/environment/path.sh
[0.326s] -- Up-to-date: /home/user/ros2_ws/src/install/aruco_msgs/share/aruco_msgs/environment/path.dsv
[0.326s] -- Up-to-date: /home/user/ros2_ws/src/install/aruco_msgs/share/aruco_msgs/local_setup.bash
[0.326s] -- Up-to-date: /home/user/ros2_ws/src/install/aruco_msgs/share/aruco_msgs/local_setup.sh
[0.326s] -- Up-to-date: /home/user/ros2_ws/src/install/aruco_msgs/share/aruco_msgs/local_setup.zsh
[0.326s] -- Up-to-date: /home/user/ros2_ws/src/install/aruco_msgs/share/aruco_msgs/local_setup.dsv
[0.326s] -- Installing: /home/user/ros2_ws/src/install/aruco_msgs/share/aruco_msgs/package.dsv
[0.326s] -- Up-to-date: /home/user/ros2_ws/src/install/aruco_msgs/share/ament_index/resource_index/packages/aruco_msgs
[0.326s] -- Up-to-date: /home/user/ros2_ws/src/install/aruco_msgs/share/aruco_msgs/cmake/export_aruco_msgs__rosidl_generator_cExport.cmake
[0.326s] -- Up-to-date: /home/user/ros2_ws/src/install/aruco_msgs/share/aruco_msgs/cmake/export_aruco_msgs__rosidl_generator_cExport-noconfig.cmake
[0.326s] -- Up-to-date: /home/user/ros2_ws/src/install/aruco_msgs/share/aruco_msgs/cmake/export_aruco_msgs__rosidl_typesupport_fastrtps_cExport.cmake
[0.326s] -- Up-to-date: /home/user/ros2_ws/src/install/aruco_msgs/share/aruco_msgs/cmake/export_aruco_msgs__rosidl_typesupport_fastrtps_cExport-noconfig.cmake
[0.326s] -- Up-to-date: /home/user/ros2_ws/src/install/aruco_msgs/share/aruco_msgs/cmake/export_aruco_msgs__rosidl_generator_cppExport.cmake
[0.326s] -- Up-to-date: /home/user/ros2_ws/src/install/aruco_msgs/share/aruco_msgs/cmake/export_aruco_msgs__rosidl_typesupport_fastrtps_cppExport.cmake
[0.326s] -- Up-to-date: /home/user/ros2_ws/src/install/aruco_msgs/share/aruco_msgs/cmake/export_aruco_msgs__rosidl_typesupport_fastrtps_cppExport-noconfig.cmake
[0.326s] -- Up-to-date: /home/user/ros2_ws/src/install/aruco_msgs/share/aruco_msgs/cmake/aruco_msgs__rosidl_typesupport_introspection_cExport.cmake
[0.326s] -- Up-to-date: /home/user/ros2_ws/src/install/aruco_msgs/share/aruco_msgs/cmake/aruco_msgs__rosidl_typesupport_introspection_cExport-noconfig.cmake
[0.326s] -- Up-to-date: /home/user/ros2_ws/src/install/aruco_msgs/share/aruco_msgs/cmake/aruco_msgs__rosidl_typesupport_cExport.cmake
[0.326s] -- Up-to-date: /home/user/ros2_ws/src/install/aruco_msgs/share/aruco_msgs/cmake/aruco_msgs__rosidl_typesupport_cExport-noconfig.cmake
[0.326s] -- Up-to-date: /home/user/ros2_ws/src/install/aruco_msgs/share/aruco_msgs/cmake/aruco_msgs__rosidl_typesupport_introspection_cppExport.cmake
[0.326s] -- Up-to-date: /home/user/ros2_ws/src/install/aruco_msgs/share/aruco_msgs/cmake/aruco_msgs__rosidl_typesupport_introspection_cppExport-noconfig.cmake
[0.327s] -- Up-to-date: /home/user/ros2_ws/src/install/aruco_msgs/share/aruco_msgs/cmake/aruco_msgs__rosidl_typesupport_cppExport.cmake
[0.327s] -- Up-to-date: /home/user/ros2_ws/src/install/aruco_msgs/share/aruco_msgs/cmake/aruco_msgs__rosidl_typesupport_cppExport-noconfig.cmake
[0.327s] -- Up-to-date: /home/user/ros2_ws/src/install/aruco_msgs/share/aruco_msgs/cmake/export_aruco_msgs__rosidl_generator_pyExport.cmake
[0.327s] -- Up-to-date: /home/user/ros2_ws/src/install/aruco_msgs/share/aruco_msgs/cmake/export_aruco_msgs__rosidl_generator_pyExport-noconfig.cmake
[0.327s] -- Up-to-date: /home/user/ros2_ws/src/install/aruco_msgs/share/aruco_msgs/cmake/rosidl_cmake-extras.cmake
[0.327s] -- Up-to-date: /home/user/ros2_ws/src/install/aruco_msgs/share/aruco_msgs/cmake/ament_cmake_export_dependencies-extras.cmake
[0.327s] -- Up-to-date: /home/user/ros2_ws/src/install/aruco_msgs/share/aruco_msgs/cmake/ament_cmake_export_include_directories-extras.cmake
[0.327s] -- Up-to-date: /home/user/ros2_ws/src/install/aruco_msgs/share/aruco_msgs/cmake/ament_cmake_export_libraries-extras.cmake
[0.327s] -- Up-to-date: /home/user/ros2_ws/src/install/aruco_msgs/share/aruco_msgs/cmake/ament_cmake_export_targets-extras.cmake
[0.327s] -- Up-to-date: /home/user/ros2_ws/src/install/aruco_msgs/share/aruco_msgs/cmake/rosidl_cmake_export_typesupport_targets-extras.cmake
[0.327s] -- Up-to-date: /home/user/ros2_ws/src/install/aruco_msgs/share/aruco_msgs/cmake/rosidl_cmake_export_typesupport_libraries-extras.cmake
[0.327s] -- Up-to-date: /home/user/ros2_ws/src/install/aruco_msgs/share/aruco_msgs/cmake/aruco_msgsConfig.cmake
[0.327s] -- Up-to-date: /home/user/ros2_ws/src/install/aruco_msgs/share/aruco_msgs/cmake/aruco_msgsConfig-version.cmake
[0.327s] -- Up-to-date: /home/user/ros2_ws/src/install/aruco_msgs/share/aruco_msgs/package.xml
[0.329s] Invoked command in '/home/user/ros2_ws/src/build/aruco_msgs' returned '0': CMAKE_PREFIX_PATH=${CMAKE_PREFIX_PATH}:/opt/ros/humble /usr/bin/cmake --install /home/user/ros2_ws/src/build/aruco_msgs
