[0.023s] Invoking command in '/home/user/ros2_ws/src/build/iiwa_bringup': CMAKE_PREFIX_PATH=/home/user/ros2_ws/src/install/iiwa_description:/home/user/ros2_ws/src/install/ros2_kdl_package:/home/user/ros2_ws/src/install/ros2_fra2mo:/home/user/ros2_ws/src/install/impedance_controller:/home/user/ros2_ws/src/install/iiwa_bringup:/home/user/ros2_ws/src/install/external_torque_sensor_broadcaster:/home/user/ros2_ws/src/install/aruco_ros:/home/user/ros2_ws/src/install/aruco_msgs:/home/user/ros2_ws/src/install/aruco:/home/user/ros2_ws/install/multirobot_map_merge:/home/user/ros2_ws/install/explore_lite:/home/user/ros2_ws/install/ros2_kdl_package:/home/user/ros2_ws/install/ros2_fra2mo:/home/user/ros2_ws/install/impedance_controller:/home/user/ros2_ws/install/iiwa_bringup:/home/user/ros2_ws/install/iiwa_description:/home/user/ros2_ws/install/external_torque_sensor_broadcaster:/home/user/ros2_ws/install/aruco_ros:/home/user/ros2_ws/install/aruco_msgs:/home/user/ros2_ws/install/aruco:/opt/ros/humble /usr/bin/cmake --build /home/user/ros2_ws/src/build/iiwa_bringup -- -j22 -l22
[0.074s] Invoked command in '/home/user/ros2_ws/src/build/iiwa_bringup' returned '0': CMAKE_PREFIX_PATH=/home/user/ros2_ws/src/install/iiwa_description:/home/user/ros2_ws/src/install/ros2_kdl_package:/home/user/ros2_ws/src/install/ros2_fra2mo:/home/user/ros2_ws/src/install/impedance_controller:/home/user/ros2_ws/src/install/iiwa_bringup:/home/user/ros2_ws/src/install/external_torque_sensor_broadcaster:/home/user/ros2_ws/src/install/aruco_ros:/home/user/ros2_ws/src/install/aruco_msgs:/home/user/ros2_ws/src/install/aruco:/home/user/ros2_ws/install/multirobot_map_merge:/home/user/ros2_ws/install/explore_lite:/home/user/ros2_ws/install/ros2_kdl_package:/home/user/ros2_ws/install/ros2_fra2mo:/home/user/ros2_ws/install/impedance_controller:/home/user/ros2_ws/install/iiwa_bringup:/home/user/ros2_ws/install/iiwa_description:/home/user/ros2_ws/install/external_torque_sensor_broadcaster:/home/user/ros2_ws/install/aruco_ros:/home/user/ros2_ws/install/aruco_msgs:/home/user/ros2_ws/install/aruco:/opt/ros/humble /usr/bin/cmake --build /home/user/ros2_ws/src/build/iiwa_bringup -- -j22 -l22
[0.075s] Invoking command in '/home/user/ros2_ws/src/build/iiwa_bringup': CMAKE_PREFIX_PATH=/home/user/ros2_ws/src/install/iiwa_description:/home/user/ros2_ws/src/install/ros2_kdl_package:/home/user/ros2_ws/src/install/ros2_fra2mo:/home/user/ros2_ws/src/install/impedance_controller:/home/user/ros2_ws/src/install/iiwa_bringup:/home/user/ros2_ws/src/install/external_torque_sensor_broadcaster:/home/user/ros2_ws/src/install/aruco_ros:/home/user/ros2_ws/src/install/aruco_msgs:/home/user/ros2_ws/src/install/aruco:/home/user/ros2_ws/install/multirobot_map_merge:/home/user/ros2_ws/install/explore_lite:/home/user/ros2_ws/install/ros2_kdl_package:/home/user/ros2_ws/install/ros2_fra2mo:/home/user/ros2_ws/install/impedance_controller:/home/user/ros2_ws/install/iiwa_bringup:/home/user/ros2_ws/install/iiwa_description:/home/user/ros2_ws/install/external_torque_sensor_broadcaster:/home/user/ros2_ws/install/aruco_ros:/home/user/ros2_ws/install/aruco_msgs:/home/user/ros2_ws/install/aruco:/opt/ros/humble /usr/bin/cmake --install /home/user/ros2_ws/src/build/iiwa_bringup
[0.107s] -- Install configuration: ""
[0.107s] -- Up-to-date: /home/user/ros2_ws/src/install/iiwa_bringup/share/iiwa_bringup/launch
[0.108s] -- Up-to-date: /home/user/ros2_ws/src/install/iiwa_bringup/share/iiwa_bringup/launch/iiwa_servoing.launch.py
[0.108s] -- Up-to-date: /home/user/ros2_ws/src/install/iiwa_bringup/share/iiwa_bringup/launch/iiwa.launch.py
[0.108s] -- Up-to-date: /home/user/ros2_ws/src/install/iiwa_bringup/share/iiwa_bringup/launch/iiwa_planning.launch.py
[0.108s] -- Up-to-date: /home/user/ros2_ws/src/install/iiwa_bringup/share/iiwa_bringup/launch/iiwa_pose_tracking.launch.py
[0.108s] -- Up-to-date: /home/user/ros2_ws/src/install/iiwa_bringup/share/iiwa_bringup/launch/joy_servo_teleop.launch.py
[0.108s] -- Up-to-date: /home/user/ros2_ws/src/install/iiwa_bringup/share/iiwa_bringup/launch/iiwa_test_joint_trajectory_controller.launch.py
[0.108s] -- Up-to-date: /home/user/ros2_ws/src/install/iiwa_bringup/share/iiwa_bringup/config
[0.108s] -- Up-to-date: /home/user/ros2_ws/src/install/iiwa_bringup/share/iiwa_bringup/config/test_trajectory_config.yaml
[0.108s] -- Up-to-date: /home/user/ros2_ws/src/install/iiwa_bringup/share/ament_index/resource_index/package_run_dependencies/iiwa_bringup
[0.108s] -- Up-to-date: /home/user/ros2_ws/src/install/iiwa_bringup/share/ament_index/resource_index/parent_prefix_path/iiwa_bringup
[0.108s] -- Up-to-date: /home/user/ros2_ws/src/install/iiwa_bringup/share/iiwa_bringup/environment/ament_prefix_path.sh
[0.108s] -- Up-to-date: /home/user/ros2_ws/src/install/iiwa_bringup/share/iiwa_bringup/environment/ament_prefix_path.dsv
[0.108s] -- Up-to-date: /home/user/ros2_ws/src/install/iiwa_bringup/share/iiwa_bringup/environment/path.sh
[0.108s] -- Up-to-date: /home/user/ros2_ws/src/install/iiwa_bringup/share/iiwa_bringup/environment/path.dsv
[0.109s] -- Up-to-date: /home/user/ros2_ws/src/install/iiwa_bringup/share/iiwa_bringup/local_setup.bash
[0.109s] -- Up-to-date: /home/user/ros2_ws/src/install/iiwa_bringup/share/iiwa_bringup/local_setup.sh
[0.109s] -- Up-to-date: /home/user/ros2_ws/src/install/iiwa_bringup/share/iiwa_bringup/local_setup.zsh
[0.109s] -- Up-to-date: /home/user/ros2_ws/src/install/iiwa_bringup/share/iiwa_bringup/local_setup.dsv
[0.109s] -- Up-to-date: /home/user/ros2_ws/src/install/iiwa_bringup/share/iiwa_bringup/package.dsv
[0.109s] -- Up-to-date: /home/user/ros2_ws/src/install/iiwa_bringup/share/ament_index/resource_index/packages/iiwa_bringup
[0.109s] -- Up-to-date: /home/user/ros2_ws/src/install/iiwa_bringup/share/iiwa_bringup/cmake/iiwa_bringupConfig.cmake
[0.110s] -- Up-to-date: /home/user/ros2_ws/src/install/iiwa_bringup/share/iiwa_bringup/cmake/iiwa_bringupConfig-version.cmake
[0.110s] -- Up-to-date: /home/user/ros2_ws/src/install/iiwa_bringup/share/iiwa_bringup/package.xml
[0.110s] Invoked command in '/home/user/ros2_ws/src/build/iiwa_bringup' returned '0': CMAKE_PREFIX_PATH=/home/user/ros2_ws/src/install/iiwa_description:/home/user/ros2_ws/src/install/ros2_kdl_package:/home/user/ros2_ws/src/install/ros2_fra2mo:/home/user/ros2_ws/src/install/impedance_controller:/home/user/ros2_ws/src/install/iiwa_bringup:/home/user/ros2_ws/src/install/external_torque_sensor_broadcaster:/home/user/ros2_ws/src/install/aruco_ros:/home/user/ros2_ws/src/install/aruco_msgs:/home/user/ros2_ws/src/install/aruco:/home/user/ros2_ws/install/multirobot_map_merge:/home/user/ros2_ws/install/explore_lite:/home/user/ros2_ws/install/ros2_kdl_package:/home/user/ros2_ws/install/ros2_fra2mo:/home/user/ros2_ws/install/impedance_controller:/home/user/ros2_ws/install/iiwa_bringup:/home/user/ros2_ws/install/iiwa_description:/home/user/ros2_ws/install/external_torque_sensor_broadcaster:/home/user/ros2_ws/install/aruco_ros:/home/user/ros2_ws/install/aruco_msgs:/home/user/ros2_ws/install/aruco:/opt/ros/humble /usr/bin/cmake --install /home/user/ros2_ws/src/build/iiwa_bringup
