[0.015s] Invoking command in '/home/user/ros2_ws/src/build/iiwa_bringup': AMENT_PREFIX_PATH=/home/user/ros2_ws/src/install/iiwa_description:${AMENT_PREFIX_PATH} CMAKE_PREFIX_PATH=/home/user/ros2_ws/src/install/iiwa_description:/home/user/ros2_ws/install/multirobot_map_merge:/home/user/ros2_ws/install/explore_lite:/home/user/ros2_ws/install/ros2_kdl_package:/home/user/ros2_ws/install/ros2_fra2mo:/home/user/ros2_ws/install/impedance_controller:/home/user/ros2_ws/install/iiwa_bringup:/home/user/ros2_ws/install/iiwa_description:/home/user/ros2_ws/install/external_torque_sensor_broadcaster:/home/user/ros2_ws/install/aruco_ros:/home/user/ros2_ws/install/aruco_msgs:/home/user/ros2_ws/install/aruco:/opt/ros/humble GAZEBO_MODEL_PATH=/home/user/ros2_ws/src/install/iiwa_description/share/iiwa_description/meshes:${GAZEBO_MODEL_PATH} GAZEBO_RESOURCE_PATH=/home/user/ros2_ws/src/install/iiwa_description/share/iiwa_description/meshes:${GAZEBO_RESOURCE_PATH} GZ_SIM_RESOURCE_PATH=/home/user/ros2_ws/src/install/iiwa_description/share/iiwa_description/meshes:${GZ_SIM_RESOURCE_PATH} IGN_GAZEBO_RESOURCE_PATH=/home/user/ros2_ws/src/install/iiwa_description/share/iiwa_description/meshes:${IGN_GAZEBO_RESOURCE_PATH} /usr/bin/cmake /home/user/ros2_ws/src/ros2_iiwa/iiwa_bringup -DCMAKE_INSTALL_PREFIX=/home/user/ros2_ws/src/install/iiwa_bringup
[0.136s] -- The C compiler identification is GNU 11.4.0
[0.249s] -- The CXX compiler identification is GNU 11.4.0
[0.262s] -- Detecting C compiler ABI info
[0.399s] -- Detecting C compiler ABI info - done
[0.411s] -- Check for working C compiler: /usr/bin/cc - skipped
[0.411s] -- Detecting C compile features
[0.412s] -- Detecting C compile features - done
[0.417s] -- Detecting CXX compiler ABI info
[0.599s] -- Detecting CXX compiler ABI info - done
[0.607s] -- Check for working CXX compiler: /usr/bin/c++ - skipped
[0.607s] -- Detecting CXX compile features
[0.607s] -- Detecting CXX compile features - done
[0.618s] -- Found ament_cmake: 1.3.12 (/opt/ros/humble/share/ament_cmake/cmake)
[0.995s] -- Found Python3: /usr/bin/python3 (found version "3.10.12") found components: Interpreter 
[1.171s] -- Found rclcpp: 16.0.17 (/opt/ros/humble/share/rclcpp/cmake)
[1.256s] -- Found rosidl_generator_c: 3.1.8 (/opt/ros/humble/share/rosidl_generator_c/cmake)
[1.271s] -- Found rosidl_adapter: 3.1.8 (/opt/ros/humble/share/rosidl_adapter/cmake)
[1.285s] -- Found rosidl_generator_cpp: 3.1.8 (/opt/ros/humble/share/rosidl_generator_cpp/cmake)
[1.300s] -- Using all available rosidl_typesupport_c: rosidl_typesupport_fastrtps_c;rosidl_typesupport_introspection_c
[1.321s] -- Using all available rosidl_typesupport_cpp: rosidl_typesupport_fastrtps_cpp;rosidl_typesupport_introspection_cpp
[1.384s] -- Found rmw_implementation_cmake: 6.1.2 (/opt/ros/humble/share/rmw_implementation_cmake/cmake)
[1.389s] -- Found rmw_fastrtps_cpp: 6.2.9 (/opt/ros/humble/share/rmw_fastrtps_cpp/cmake)
[1.511s] -- Found OpenSSL: /usr/lib/x86_64-linux-gnu/libcrypto.so (found version "3.0.2")  
[1.557s] -- Found FastRTPS: /opt/ros/humble/include  
[1.618s] -- Using RMW implementation 'rmw_fastrtps_cpp' as default
[1.643s] -- Looking for pthread.h
[1.721s] -- Looking for pthread.h - found
[1.722s] -- Performing Test CMAKE_HAVE_LIBC_PTHREAD
[1.791s] -- Performing Test CMAKE_HAVE_LIBC_PTHREAD - Success
[1.792s] -- Found Threads: TRUE  
[1.885s] -- Found rclpy: 3.3.19 (/opt/ros/humble/share/rclpy/cmake)
[1.892s] -- Found sensor_msgs: 4.9.0 (/opt/ros/humble/share/sensor_msgs/cmake)
[1.939s] -- Found visualization_msgs: 4.9.0 (/opt/ros/humble/share/visualization_msgs/cmake)
[1.970s] -- Found ament_cmake_gtest: 1.3.12 (/opt/ros/humble/share/ament_cmake_gtest/cmake)
[1.976s] -- Found ament_lint_auto: 0.12.14 (/opt/ros/humble/share/ament_lint_auto/cmake)
[2.151s] -- Added test 'copyright' to check source files copyright and LICENSE
[2.154s] -- Added test 'flake8' to check Python code syntax and style conventions
[2.155s] -- Added test 'lint_cmake' to check CMake code style
[2.155s] -- Added test 'pep257' to check Python code against some of the docstring style conventions in PEP 257
[2.157s] -- Added test 'xmllint' to check XML markup files
[2.158s] -- Configuring done
[2.165s] -- Generating done
[2.168s] -- Build files have been written to: /home/user/ros2_ws/src/build/iiwa_bringup
[2.186s] Invoked command in '/home/user/ros2_ws/src/build/iiwa_bringup' returned '0': AMENT_PREFIX_PATH=/home/user/ros2_ws/src/install/iiwa_description:${AMENT_PREFIX_PATH} CMAKE_PREFIX_PATH=/home/user/ros2_ws/src/install/iiwa_description:/home/user/ros2_ws/install/multirobot_map_merge:/home/user/ros2_ws/install/explore_lite:/home/user/ros2_ws/install/ros2_kdl_package:/home/user/ros2_ws/install/ros2_fra2mo:/home/user/ros2_ws/install/impedance_controller:/home/user/ros2_ws/install/iiwa_bringup:/home/user/ros2_ws/install/iiwa_description:/home/user/ros2_ws/install/external_torque_sensor_broadcaster:/home/user/ros2_ws/install/aruco_ros:/home/user/ros2_ws/install/aruco_msgs:/home/user/ros2_ws/install/aruco:/opt/ros/humble GAZEBO_MODEL_PATH=/home/user/ros2_ws/src/install/iiwa_description/share/iiwa_description/meshes:${GAZEBO_MODEL_PATH} GAZEBO_RESOURCE_PATH=/home/user/ros2_ws/src/install/iiwa_description/share/iiwa_description/meshes:${GAZEBO_RESOURCE_PATH} GZ_SIM_RESOURCE_PATH=/home/user/ros2_ws/src/install/iiwa_description/share/iiwa_description/meshes:${GZ_SIM_RESOURCE_PATH} IGN_GAZEBO_RESOURCE_PATH=/home/user/ros2_ws/src/install/iiwa_description/share/iiwa_description/meshes:${IGN_GAZEBO_RESOURCE_PATH} /usr/bin/cmake /home/user/ros2_ws/src/ros2_iiwa/iiwa_bringup -DCMAKE_INSTALL_PREFIX=/home/user/ros2_ws/src/install/iiwa_bringup
[2.188s] Invoking command in '/home/user/ros2_ws/src/build/iiwa_bringup': AMENT_PREFIX_PATH=/home/user/ros2_ws/src/install/iiwa_description:${AMENT_PREFIX_PATH} CMAKE_PREFIX_PATH=/home/user/ros2_ws/src/install/iiwa_description:/home/user/ros2_ws/install/multirobot_map_merge:/home/user/ros2_ws/install/explore_lite:/home/user/ros2_ws/install/ros2_kdl_package:/home/user/ros2_ws/install/ros2_fra2mo:/home/user/ros2_ws/install/impedance_controller:/home/user/ros2_ws/install/iiwa_bringup:/home/user/ros2_ws/install/iiwa_description:/home/user/ros2_ws/install/external_torque_sensor_broadcaster:/home/user/ros2_ws/install/aruco_ros:/home/user/ros2_ws/install/aruco_msgs:/home/user/ros2_ws/install/aruco:/opt/ros/humble GAZEBO_MODEL_PATH=/home/user/ros2_ws/src/install/iiwa_description/share/iiwa_description/meshes:${GAZEBO_MODEL_PATH} GAZEBO_RESOURCE_PATH=/home/user/ros2_ws/src/install/iiwa_description/share/iiwa_description/meshes:${GAZEBO_RESOURCE_PATH} GZ_SIM_RESOURCE_PATH=/home/user/ros2_ws/src/install/iiwa_description/share/iiwa_description/meshes:${GZ_SIM_RESOURCE_PATH} IGN_GAZEBO_RESOURCE_PATH=/home/user/ros2_ws/src/install/iiwa_description/share/iiwa_description/meshes:${IGN_GAZEBO_RESOURCE_PATH} /usr/bin/cmake --build /home/user/ros2_ws/src/build/iiwa_bringup -- -j22 -l22
[2.231s] Invoked command in '/home/user/ros2_ws/src/build/iiwa_bringup' returned '0': AMENT_PREFIX_PATH=/home/user/ros2_ws/src/install/iiwa_description:${AMENT_PREFIX_PATH} CMAKE_PREFIX_PATH=/home/user/ros2_ws/src/install/iiwa_description:/home/user/ros2_ws/install/multirobot_map_merge:/home/user/ros2_ws/install/explore_lite:/home/user/ros2_ws/install/ros2_kdl_package:/home/user/ros2_ws/install/ros2_fra2mo:/home/user/ros2_ws/install/impedance_controller:/home/user/ros2_ws/install/iiwa_bringup:/home/user/ros2_ws/install/iiwa_description:/home/user/ros2_ws/install/external_torque_sensor_broadcaster:/home/user/ros2_ws/install/aruco_ros:/home/user/ros2_ws/install/aruco_msgs:/home/user/ros2_ws/install/aruco:/opt/ros/humble GAZEBO_MODEL_PATH=/home/user/ros2_ws/src/install/iiwa_description/share/iiwa_description/meshes:${GAZEBO_MODEL_PATH} GAZEBO_RESOURCE_PATH=/home/user/ros2_ws/src/install/iiwa_description/share/iiwa_description/meshes:${GAZEBO_RESOURCE_PATH} GZ_SIM_RESOURCE_PATH=/home/user/ros2_ws/src/install/iiwa_description/share/iiwa_description/meshes:${GZ_SIM_RESOURCE_PATH} IGN_GAZEBO_RESOURCE_PATH=/home/user/ros2_ws/src/install/iiwa_description/share/iiwa_description/meshes:${IGN_GAZEBO_RESOURCE_PATH} /usr/bin/cmake --build /home/user/ros2_ws/src/build/iiwa_bringup -- -j22 -l22
[2.232s] Invoking command in '/home/user/ros2_ws/src/build/iiwa_bringup': AMENT_PREFIX_PATH=/home/user/ros2_ws/src/install/iiwa_description:${AMENT_PREFIX_PATH} CMAKE_PREFIX_PATH=/home/user/ros2_ws/src/install/iiwa_description:/home/user/ros2_ws/install/multirobot_map_merge:/home/user/ros2_ws/install/explore_lite:/home/user/ros2_ws/install/ros2_kdl_package:/home/user/ros2_ws/install/ros2_fra2mo:/home/user/ros2_ws/install/impedance_controller:/home/user/ros2_ws/install/iiwa_bringup:/home/user/ros2_ws/install/iiwa_description:/home/user/ros2_ws/install/external_torque_sensor_broadcaster:/home/user/ros2_ws/install/aruco_ros:/home/user/ros2_ws/install/aruco_msgs:/home/user/ros2_ws/install/aruco:/opt/ros/humble GAZEBO_MODEL_PATH=/home/user/ros2_ws/src/install/iiwa_description/share/iiwa_description/meshes:${GAZEBO_MODEL_PATH} GAZEBO_RESOURCE_PATH=/home/user/ros2_ws/src/install/iiwa_description/share/iiwa_description/meshes:${GAZEBO_RESOURCE_PATH} GZ_SIM_RESOURCE_PATH=/home/user/ros2_ws/src/install/iiwa_description/share/iiwa_description/meshes:${GZ_SIM_RESOURCE_PATH} IGN_GAZEBO_RESOURCE_PATH=/home/user/ros2_ws/src/install/iiwa_description/share/iiwa_description/meshes:${IGN_GAZEBO_RESOURCE_PATH} /usr/bin/cmake --install /home/user/ros2_ws/src/build/iiwa_bringup
[2.245s] -- Install configuration: ""
[2.245s] -- Installing: /home/user/ros2_ws/src/install/iiwa_bringup/share/iiwa_bringup/launch
[2.245s] -- Installing: /home/user/ros2_ws/src/install/iiwa_bringup/share/iiwa_bringup/launch/iiwa_servoing.launch.py
[2.245s] -- Installing: /home/user/ros2_ws/src/install/iiwa_bringup/share/iiwa_bringup/launch/iiwa.launch.py
[2.246s] -- Installing: /home/user/ros2_ws/src/install/iiwa_bringup/share/iiwa_bringup/launch/iiwa_planning.launch.py
[2.246s] -- Installing: /home/user/ros2_ws/src/install/iiwa_bringup/share/iiwa_bringup/launch/iiwa_pose_tracking.launch.py
[2.246s] -- Installing: /home/user/ros2_ws/src/install/iiwa_bringup/share/iiwa_bringup/launch/joy_servo_teleop.launch.py
[2.246s] -- Installing: /home/user/ros2_ws/src/install/iiwa_bringup/share/iiwa_bringup/launch/iiwa_test_joint_trajectory_controller.launch.py
[2.246s] -- Installing: /home/user/ros2_ws/src/install/iiwa_bringup/share/iiwa_bringup/config
[2.246s] -- Installing: /home/user/ros2_ws/src/install/iiwa_bringup/share/iiwa_bringup/config/test_trajectory_config.yaml
[2.246s] -- Installing: /home/user/ros2_ws/src/install/iiwa_bringup/share/ament_index/resource_index/package_run_dependencies/iiwa_bringup
[2.246s] -- Installing: /home/user/ros2_ws/src/install/iiwa_bringup/share/ament_index/resource_index/parent_prefix_path/iiwa_bringup
[2.246s] -- Installing: /home/user/ros2_ws/src/install/iiwa_bringup/share/iiwa_bringup/environment/ament_prefix_path.sh
[2.246s] -- Installing: /home/user/ros2_ws/src/install/iiwa_bringup/share/iiwa_bringup/environment/ament_prefix_path.dsv
[2.247s] -- Installing: /home/user/ros2_ws/src/install/iiwa_bringup/share/iiwa_bringup/environment/path.sh
[2.247s] -- Installing: /home/user/ros2_ws/src/install/iiwa_bringup/share/iiwa_bringup/environment/path.dsv
[2.247s] -- Installing: /home/user/ros2_ws/src/install/iiwa_bringup/share/iiwa_bringup/local_setup.bash
[2.247s] -- Installing: /home/user/ros2_ws/src/install/iiwa_bringup/share/iiwa_bringup/local_setup.sh
[2.247s] -- Installing: /home/user/ros2_ws/src/install/iiwa_bringup/share/iiwa_bringup/local_setup.zsh
[2.248s] -- Installing: /home/user/ros2_ws/src/install/iiwa_bringup/share/iiwa_bringup/local_setup.dsv
[2.248s] -- Installing: /home/user/ros2_ws/src/install/iiwa_bringup/share/iiwa_bringup/package.dsv
[2.248s] -- Installing: /home/user/ros2_ws/src/install/iiwa_bringup/share/ament_index/resource_index/packages/iiwa_bringup
[2.248s] -- Installing: /home/user/ros2_ws/src/install/iiwa_bringup/share/iiwa_bringup/cmake/iiwa_bringupConfig.cmake
[2.249s] -- Installing: /home/user/ros2_ws/src/install/iiwa_bringup/share/iiwa_bringup/cmake/iiwa_bringupConfig-version.cmake
[2.249s] -- Installing: /home/user/ros2_ws/src/install/iiwa_bringup/share/iiwa_bringup/package.xml
[2.252s] Invoked command in '/home/user/ros2_ws/src/build/iiwa_bringup' returned '0': AMENT_PREFIX_PATH=/home/user/ros2_ws/src/install/iiwa_description:${AMENT_PREFIX_PATH} CMAKE_PREFIX_PATH=/home/user/ros2_ws/src/install/iiwa_description:/home/user/ros2_ws/install/multirobot_map_merge:/home/user/ros2_ws/install/explore_lite:/home/user/ros2_ws/install/ros2_kdl_package:/home/user/ros2_ws/install/ros2_fra2mo:/home/user/ros2_ws/install/impedance_controller:/home/user/ros2_ws/install/iiwa_bringup:/home/user/ros2_ws/install/iiwa_description:/home/user/ros2_ws/install/external_torque_sensor_broadcaster:/home/user/ros2_ws/install/aruco_ros:/home/user/ros2_ws/install/aruco_msgs:/home/user/ros2_ws/install/aruco:/opt/ros/humble GAZEBO_MODEL_PATH=/home/user/ros2_ws/src/install/iiwa_description/share/iiwa_description/meshes:${GAZEBO_MODEL_PATH} GAZEBO_RESOURCE_PATH=/home/user/ros2_ws/src/install/iiwa_description/share/iiwa_description/meshes:${GAZEBO_RESOURCE_PATH} GZ_SIM_RESOURCE_PATH=/home/user/ros2_ws/src/install/iiwa_description/share/iiwa_description/meshes:${GZ_SIM_RESOURCE_PATH} IGN_GAZEBO_RESOURCE_PATH=/home/user/ros2_ws/src/install/iiwa_description/share/iiwa_description/meshes:${IGN_GAZEBO_RESOURCE_PATH} /usr/bin/cmake --install /home/user/ros2_ws/src/build/iiwa_bringup
