[100%] Built target dynamic_tf_publisher
-- Install configuration: ""
-- Up-to-date: /home/user/ros2_ws/src/install/ros2_fra2mo/share/ros2_fra2mo/launch
-- Up-to-date: /home/user/ros2_ws/src/install/ros2_fra2mo/share/ros2_fra2mo/launch/fra2mo_slam.launch.py
-- Up-to-date: /home/user/ros2_ws/src/install/ros2_fra2mo/share/ros2_fra2mo/launch/fra2mo_navigation.launch.py
-- Up-to-date: /home/user/ros2_ws/src/install/ros2_fra2mo/share/ros2_fra2mo/launch/fra2mo_explore.launch.py
-- Up-to-date: /home/user/ros2_ws/src/install/ros2_fra2mo/share/ros2_fra2mo/launch/display_fra2mo.launch.py
-- Up-to-date: /home/user/ros2_ws/src/install/ros2_fra2mo/share/ros2_fra2mo/launch/fra2mo_amcl.launch.py
-- Installing: /home/user/ros2_ws/src/install/ros2_fra2mo/share/ros2_fra2mo/launch/gazebo_fra2mo.launch.py
-- Up-to-date: /home/user/ros2_ws/src/install/ros2_fra2mo/share/ros2_fra2mo/urdf
-- Up-to-date: /home/user/ros2_ws/src/install/ros2_fra2mo/share/ros2_fra2mo/urdf/fra2mo.urdf.xacro
-- Up-to-date: /home/user/ros2_ws/src/install/ros2_fra2mo/share/ros2_fra2mo/urdf/utility_macro.xacro
-- Up-to-date: /home/user/ros2_ws/src/install/ros2_fra2mo/share/ros2_fra2mo/urdf/lidar_gazebo_macro.xacro
-- Up-to-date: /home/user/ros2_ws/src/install/ros2_fra2mo/share/ros2_fra2mo/urdf/test.urdf
-- Up-to-date: /home/user/ros2_ws/src/install/ros2_fra2mo/share/ros2_fra2mo/urdf/d435_gazebo_macro.xacro
-- Up-to-date: /home/user/ros2_ws/src/install/ros2_fra2mo/share/ros2_fra2mo/urdf/fra2mo_base_macro.xacro
-- Up-to-date: /home/user/ros2_ws/src/install/ros2_fra2mo/share/ros2_fra2mo/models
-- Up-to-date: /home/user/ros2_ws/src/install/ros2_fra2mo/share/ros2_fra2mo/models/intruder
-- Up-to-date: /home/user/ros2_ws/src/install/ros2_fra2mo/share/ros2_fra2mo/models/intruder/intruder.sdf
-- Up-to-date: /home/user/ros2_ws/src/install/ros2_fra2mo/share/ros2_fra2mo/models/intruder/mesh
-- Up-to-date: /home/user/ros2_ws/src/install/ros2_fra2mo/share/ros2_fra2mo/models/intruder/mesh/intruder.stl
-- Up-to-date: /home/user/ros2_ws/src/install/ros2_fra2mo/share/ros2_fra2mo/models/intruder/model.config
-- Up-to-date: /home/user/ros2_ws/src/install/ros2_fra2mo/share/ros2_fra2mo/models/marker_4
-- Up-to-date: /home/user/ros2_ws/src/install/ros2_fra2mo/share/ros2_fra2mo/models/marker_4/marker_4.sdf
-- Up-to-date: /home/user/ros2_ws/src/install/ros2_fra2mo/share/ros2_fra2mo/models/marker_4/material
-- Up-to-date: /home/user/ros2_ws/src/install/ros2_fra2mo/share/ros2_fra2mo/models/marker_4/material/textures
-- Up-to-date: /home/user/ros2_ws/src/install/ros2_fra2mo/share/ros2_fra2mo/models/marker_4/material/textures/ar_tag_2.png
-- Up-to-date: /home/user/ros2_ws/src/install/ros2_fra2mo/share/ros2_fra2mo/models/marker_4/material/textures/ar_tag_1.png
-- Up-to-date: /home/user/ros2_ws/src/install/ros2_fra2mo/share/ros2_fra2mo/models/marker_4/material/textures/ar_tag_3.png
-- Up-to-date: /home/user/ros2_ws/src/install/ros2_fra2mo/share/ros2_fra2mo/models/marker_4/material/textures/ar_tag_4.png
-- Up-to-date: /home/user/ros2_ws/src/install/ros2_fra2mo/share/ros2_fra2mo/models/marker_4/material/textures/ar_tag_0.png
-- Up-to-date: /home/user/ros2_ws/src/install/ros2_fra2mo/share/ros2_fra2mo/models/marker_4/material/scripts
-- Up-to-date: /home/user/ros2_ws/src/install/ros2_fra2mo/share/ros2_fra2mo/models/marker_4/material/scripts/marker_4.material
-- Up-to-date: /home/user/ros2_ws/src/install/ros2_fra2mo/share/ros2_fra2mo/models/marker_4/model.config
-- Up-to-date: /home/user/ros2_ws/src/install/ros2_fra2mo/share/ros2_fra2mo/models/marker_0
-- Up-to-date: /home/user/ros2_ws/src/install/ros2_fra2mo/share/ros2_fra2mo/models/marker_0/marker_0.sdf
-- Up-to-date: /home/user/ros2_ws/src/install/ros2_fra2mo/share/ros2_fra2mo/models/marker_0/ar_tag_0.png
-- Up-to-date: /home/user/ros2_ws/src/install/ros2_fra2mo/share/ros2_fra2mo/models/marker_0/material
-- Up-to-date: /home/user/ros2_ws/src/install/ros2_fra2mo/share/ros2_fra2mo/models/marker_0/material/textures
-- Up-to-date: /home/user/ros2_ws/src/install/ros2_fra2mo/share/ros2_fra2mo/models/marker_0/material/textures/ar_tag_2.png
-- Up-to-date: /home/user/ros2_ws/src/install/ros2_fra2mo/share/ros2_fra2mo/models/marker_0/material/textures/ar_tag_1.png
-- Up-to-date: /home/user/ros2_ws/src/install/ros2_fra2mo/share/ros2_fra2mo/models/marker_0/material/textures/ar_tag_3.png
-- Up-to-date: /home/user/ros2_ws/src/install/ros2_fra2mo/share/ros2_fra2mo/models/marker_0/material/textures/ar_tag_4.png
-- Up-to-date: /home/user/ros2_ws/src/install/ros2_fra2mo/share/ros2_fra2mo/models/marker_0/material/textures/ar_tag_0.png
-- Up-to-date: /home/user/ros2_ws/src/install/ros2_fra2mo/share/ros2_fra2mo/models/marker_0/material/scripts
-- Up-to-date: /home/user/ros2_ws/src/install/ros2_fra2mo/share/ros2_fra2mo/models/marker_0/material/scripts/marker_0.material
-- Up-to-date: /home/user/ros2_ws/src/install/ros2_fra2mo/share/ros2_fra2mo/models/marker_0/model.config
-- Up-to-date: /home/user/ros2_ws/src/install/ros2_fra2mo/share/ros2_fra2mo/models/marker_3
-- Up-to-date: /home/user/ros2_ws/src/install/ros2_fra2mo/share/ros2_fra2mo/models/marker_3/marker_3.sdf
-- Up-to-date: /home/user/ros2_ws/src/install/ros2_fra2mo/share/ros2_fra2mo/models/marker_3/material
-- Up-to-date: /home/user/ros2_ws/src/install/ros2_fra2mo/share/ros2_fra2mo/models/marker_3/material/textures
-- Up-to-date: /home/user/ros2_ws/src/install/ros2_fra2mo/share/ros2_fra2mo/models/marker_3/material/textures/ar_tag_2.png
-- Up-to-date: /home/user/ros2_ws/src/install/ros2_fra2mo/share/ros2_fra2mo/models/marker_3/material/textures/ar_tag_1.png
-- Up-to-date: /home/user/ros2_ws/src/install/ros2_fra2mo/share/ros2_fra2mo/models/marker_3/material/textures/ar_tag_3.png
-- Up-to-date: /home/user/ros2_ws/src/install/ros2_fra2mo/share/ros2_fra2mo/models/marker_3/material/textures/ar_tag_4.png
-- Up-to-date: /home/user/ros2_ws/src/install/ros2_fra2mo/share/ros2_fra2mo/models/marker_3/material/textures/ar_tag_0.png
-- Up-to-date: /home/user/ros2_ws/src/install/ros2_fra2mo/share/ros2_fra2mo/models/marker_3/material/scripts
-- Up-to-date: /home/user/ros2_ws/src/install/ros2_fra2mo/share/ros2_fra2mo/models/marker_3/material/scripts/marker_3.material
-- Up-to-date: /home/user/ros2_ws/src/install/ros2_fra2mo/share/ros2_fra2mo/models/marker_3/model.config
-- Up-to-date: /home/user/ros2_ws/src/install/ros2_fra2mo/share/ros2_fra2mo/models/marker_1
-- Up-to-date: /home/user/ros2_ws/src/install/ros2_fra2mo/share/ros2_fra2mo/models/marker_1/marker_1.sdf
-- Up-to-date: /home/user/ros2_ws/src/install/ros2_fra2mo/share/ros2_fra2mo/models/marker_1/material
-- Up-to-date: /home/user/ros2_ws/src/install/ros2_fra2mo/share/ros2_fra2mo/models/marker_1/material/textures
-- Up-to-date: /home/user/ros2_ws/src/install/ros2_fra2mo/share/ros2_fra2mo/models/marker_1/material/textures/ar_tag_2.png
-- Up-to-date: /home/user/ros2_ws/src/install/ros2_fra2mo/share/ros2_fra2mo/models/marker_1/material/textures/ar_tag_1.png
-- Up-to-date: /home/user/ros2_ws/src/install/ros2_fra2mo/share/ros2_fra2mo/models/marker_1/material/textures/ar_tag_3.png
-- Up-to-date: /home/user/ros2_ws/src/install/ros2_fra2mo/share/ros2_fra2mo/models/marker_1/material/textures/ar_tag_4.png
-- Up-to-date: /home/user/ros2_ws/src/install/ros2_fra2mo/share/ros2_fra2mo/models/marker_1/material/textures/ar_tag_0.png
-- Up-to-date: /home/user/ros2_ws/src/install/ros2_fra2mo/share/ros2_fra2mo/models/marker_1/material/scripts
-- Up-to-date: /home/user/ros2_ws/src/install/ros2_fra2mo/share/ros2_fra2mo/models/marker_1/material/scripts/marker_1.material
-- Up-to-date: /home/user/ros2_ws/src/install/ros2_fra2mo/share/ros2_fra2mo/models/marker_1/model.config
-- Up-to-date: /home/user/ros2_ws/src/install/ros2_fra2mo/share/ros2_fra2mo/models/obstacle_09
-- Up-to-date: /home/user/ros2_ws/src/install/ros2_fra2mo/share/ros2_fra2mo/models/obstacle_09/obstacle_09.sdf
-- Up-to-date: /home/user/ros2_ws/src/install/ros2_fra2mo/share/ros2_fra2mo/models/obstacle_09/mesh
-- Up-to-date: /home/user/ros2_ws/src/install/ros2_fra2mo/share/ros2_fra2mo/models/obstacle_09/mesh/ostacolo_09.stl
-- Up-to-date: /home/user/ros2_ws/src/install/ros2_fra2mo/share/ros2_fra2mo/models/obstacle_09/model.config
-- Up-to-date: /home/user/ros2_ws/src/install/ros2_fra2mo/share/ros2_fra2mo/models/obstacle_03
-- Up-to-date: /home/user/ros2_ws/src/install/ros2_fra2mo/share/ros2_fra2mo/models/obstacle_03/mesh
-- Up-to-date: /home/user/ros2_ws/src/install/ros2_fra2mo/share/ros2_fra2mo/models/obstacle_03/mesh/ostacolo_03.stl
-- Up-to-date: /home/user/ros2_ws/src/install/ros2_fra2mo/share/ros2_fra2mo/models/obstacle_03/obstacle_03.sdf
-- Up-to-date: /home/user/ros2_ws/src/install/ros2_fra2mo/share/ros2_fra2mo/models/obstacle_03/model.config
-- Up-to-date: /home/user/ros2_ws/src/install/ros2_fra2mo/share/ros2_fra2mo/models/workcell_bin
-- Up-to-date: /home/user/ros2_ws/src/install/ros2_fra2mo/share/ros2_fra2mo/models/workcell_bin/materials
-- Up-to-date: /home/user/ros2_ws/src/install/ros2_fra2mo/share/ros2_fra2mo/models/workcell_bin/materials/textures
-- Up-to-date: /home/user/ros2_ws/src/install/ros2_fra2mo/share/ros2_fra2mo/models/workcell_bin/materials/textures/aruco-2.png
-- Up-to-date: /home/user/ros2_ws/src/install/ros2_fra2mo/share/ros2_fra2mo/models/workcell_bin/materials/textures/bin.png
-- Up-to-date: /home/user/ros2_ws/src/install/ros2_fra2mo/share/ros2_fra2mo/models/workcell_bin/materials/textures/aruco-3.png
-- Up-to-date: /home/user/ros2_ws/src/install/ros2_fra2mo/share/ros2_fra2mo/models/workcell_bin/materials/textures/aruco-1.png
-- Up-to-date: /home/user/ros2_ws/src/install/ros2_fra2mo/share/ros2_fra2mo/models/workcell_bin/meshes
-- Up-to-date: /home/user/ros2_ws/src/install/ros2_fra2mo/share/ros2_fra2mo/models/workcell_bin/meshes/bin.png
-- Up-to-date: /home/user/ros2_ws/src/install/ros2_fra2mo/share/ros2_fra2mo/models/workcell_bin/meshes/bin.dae
-- Up-to-date: /home/user/ros2_ws/src/install/ros2_fra2mo/share/ros2_fra2mo/models/workcell_bin/model.sdf
-- Up-to-date: /home/user/ros2_ws/src/install/ros2_fra2mo/share/ros2_fra2mo/models/workcell_bin/model.config
-- Up-to-date: /home/user/ros2_ws/src/install/ros2_fra2mo/share/ros2_fra2mo/models/marker_2
-- Up-to-date: /home/user/ros2_ws/src/install/ros2_fra2mo/share/ros2_fra2mo/models/marker_2/marker_2.sdf
-- Up-to-date: /home/user/ros2_ws/src/install/ros2_fra2mo/share/ros2_fra2mo/models/marker_2/material
-- Up-to-date: /home/user/ros2_ws/src/install/ros2_fra2mo/share/ros2_fra2mo/models/marker_2/material/textures
-- Up-to-date: /home/user/ros2_ws/src/install/ros2_fra2mo/share/ros2_fra2mo/models/marker_2/material/textures/ar_tag_2.png
-- Up-to-date: /home/user/ros2_ws/src/install/ros2_fra2mo/share/ros2_fra2mo/models/marker_2/material/textures/ar_tag_1.png
-- Up-to-date: /home/user/ros2_ws/src/install/ros2_fra2mo/share/ros2_fra2mo/models/marker_2/material/textures/ar_tag_3.png
-- Up-to-date: /home/user/ros2_ws/src/install/ros2_fra2mo/share/ros2_fra2mo/models/marker_2/material/textures/ar_tag_4.png
-- Up-to-date: /home/user/ros2_ws/src/install/ros2_fra2mo/share/ros2_fra2mo/models/marker_2/material/textures/ar_tag_0.png
-- Up-to-date: /home/user/ros2_ws/src/install/ros2_fra2mo/share/ros2_fra2mo/models/marker_2/material/scripts
-- Up-to-date: /home/user/ros2_ws/src/install/ros2_fra2mo/share/ros2_fra2mo/models/marker_2/material/scripts/marker_2.material
-- Up-to-date: /home/user/ros2_ws/src/install/ros2_fra2mo/share/ros2_fra2mo/models/marker_2/model.config
-- Up-to-date: /home/user/ros2_ws/src/install/ros2_fra2mo/share/ros2_fra2mo/models/unknown_obst_3
-- Up-to-date: /home/user/ros2_ws/src/install/ros2_fra2mo/share/ros2_fra2mo/models/unknown_obst_3/mesh
-- Up-to-date: /home/user/ros2_ws/src/install/ros2_fra2mo/share/ros2_fra2mo/models/unknown_obst_3/mesh/unknown_obst_wall.stl
-- Up-to-date: /home/user/ros2_ws/src/install/ros2_fra2mo/share/ros2_fra2mo/models/unknown_obst_3/unknown_obst_3.sdf
-- Up-to-date: /home/user/ros2_ws/src/install/ros2_fra2mo/share/ros2_fra2mo/models/unknown_obst_3/model.config
-- Up-to-date: /home/user/ros2_ws/src/install/ros2_fra2mo/share/ros2_fra2mo/models/unknown_tunnel_1
-- Up-to-date: /home/user/ros2_ws/src/install/ros2_fra2mo/share/ros2_fra2mo/models/unknown_tunnel_1/mesh
-- Up-to-date: /home/user/ros2_ws/src/install/ros2_fra2mo/share/ros2_fra2mo/models/unknown_tunnel_1/mesh/tunnel_long.stl
-- Up-to-date: /home/user/ros2_ws/src/install/ros2_fra2mo/share/ros2_fra2mo/models/unknown_tunnel_1/unknown_tunnel_1.sdf
-- Up-to-date: /home/user/ros2_ws/src/install/ros2_fra2mo/share/ros2_fra2mo/models/unknown_tunnel_1/model.config
-- Up-to-date: /home/user/ros2_ws/src/install/ros2_fra2mo/share/ros2_fra2mo/models/aruco2
-- Up-to-date: /home/user/ros2_ws/src/install/ros2_fra2mo/share/ros2_fra2mo/models/aruco2/materials
-- Up-to-date: /home/user/ros2_ws/src/install/ros2_fra2mo/share/ros2_fra2mo/models/aruco2/materials/textures
-- Up-to-date: /home/user/ros2_ws/src/install/ros2_fra2mo/share/ros2_fra2mo/models/aruco2/materials/textures/aruco-2.png
-- Up-to-date: /home/user/ros2_ws/src/install/ros2_fra2mo/share/ros2_fra2mo/models/aruco2/model.sdf
-- Up-to-date: /home/user/ros2_ws/src/install/ros2_fra2mo/share/ros2_fra2mo/models/aruco2/model.config
-- Up-to-date: /home/user/ros2_ws/src/install/ros2_fra2mo/share/ros2_fra2mo/models/unknown_tunnel_2
-- Up-to-date: /home/user/ros2_ws/src/install/ros2_fra2mo/share/ros2_fra2mo/models/unknown_tunnel_2/unknown_tunnel_2.sdf
-- Up-to-date: /home/user/ros2_ws/src/install/ros2_fra2mo/share/ros2_fra2mo/models/unknown_tunnel_2/mesh
-- Up-to-date: /home/user/ros2_ws/src/install/ros2_fra2mo/share/ros2_fra2mo/models/unknown_tunnel_2/mesh/tunnel_short.stl
-- Up-to-date: /home/user/ros2_ws/src/install/ros2_fra2mo/share/ros2_fra2mo/models/unknown_tunnel_2/model.config
-- Up-to-date: /home/user/ros2_ws/src/install/ros2_fra2mo/share/ros2_fra2mo/models/obstacle_06
-- Up-to-date: /home/user/ros2_ws/src/install/ros2_fra2mo/share/ros2_fra2mo/models/obstacle_06/mesh
-- Up-to-date: /home/user/ros2_ws/src/install/ros2_fra2mo/share/ros2_fra2mo/models/obstacle_06/mesh/ostacolo_06.stl
-- Up-to-date: /home/user/ros2_ws/src/install/ros2_fra2mo/share/ros2_fra2mo/models/obstacle_06/obstacle_06.sdf
-- Up-to-date: /home/user/ros2_ws/src/install/ros2_fra2mo/share/ros2_fra2mo/models/obstacle_06/model.config
-- Up-to-date: /home/user/ros2_ws/src/install/ros2_fra2mo/share/ros2_fra2mo/models/aruco1
-- Up-to-date: /home/user/ros2_ws/src/install/ros2_fra2mo/share/ros2_fra2mo/models/aruco1/materials
-- Up-to-date: /home/user/ros2_ws/src/install/ros2_fra2mo/share/ros2_fra2mo/models/aruco1/materials/textures
-- Up-to-date: /home/user/ros2_ws/src/install/ros2_fra2mo/share/ros2_fra2mo/models/aruco1/materials/textures/aruco-1.png
-- Up-to-date: /home/user/ros2_ws/src/install/ros2_fra2mo/share/ros2_fra2mo/models/aruco1/model.sdf
-- Up-to-date: /home/user/ros2_ws/src/install/ros2_fra2mo/share/ros2_fra2mo/models/aruco1/model.config
-- Up-to-date: /home/user/ros2_ws/src/install/ros2_fra2mo/share/ros2_fra2mo/models/aruco3
-- Up-to-date: /home/user/ros2_ws/src/install/ros2_fra2mo/share/ros2_fra2mo/models/aruco3/materials
-- Up-to-date: /home/user/ros2_ws/src/install/ros2_fra2mo/share/ros2_fra2mo/models/aruco3/materials/textures
-- Up-to-date: /home/user/ros2_ws/src/install/ros2_fra2mo/share/ros2_fra2mo/models/aruco3/materials/textures/aruco-3.png
-- Up-to-date: /home/user/ros2_ws/src/install/ros2_fra2mo/share/ros2_fra2mo/models/aruco3/model.sdf
-- Up-to-date: /home/user/ros2_ws/src/install/ros2_fra2mo/share/ros2_fra2mo/models/aruco3/model.config
-- Up-to-date: /home/user/ros2_ws/src/install/ros2_fra2mo/share/ros2_fra2mo/models/obstacle_10_
-- Up-to-date: /home/user/ros2_ws/src/install/ros2_fra2mo/share/ros2_fra2mo/models/obstacle_10_/mesh
-- Up-to-date: /home/user/ros2_ws/src/install/ros2_fra2mo/share/ros2_fra2mo/models/obstacle_10_/mesh/ostacolo_10_.stl
-- Up-to-date: /home/user/ros2_ws/src/install/ros2_fra2mo/share/ros2_fra2mo/models/obstacle_10_/obstacle_10_.sdf
-- Up-to-date: /home/user/ros2_ws/src/install/ros2_fra2mo/share/ros2_fra2mo/models/obstacle_10_/model.config
-- Up-to-date: /home/user/ros2_ws/src/install/ros2_fra2mo/share/ros2_fra2mo/models/race_field
-- Up-to-date: /home/user/ros2_ws/src/install/ros2_fra2mo/share/ros2_fra2mo/models/race_field/mesh
-- Up-to-date: /home/user/ros2_ws/src/install/ros2_fra2mo/share/ros2_fra2mo/models/race_field/mesh/campo_gara.stl
-- Up-to-date: /home/user/ros2_ws/src/install/ros2_fra2mo/share/ros2_fra2mo/models/race_field/model.sdf
-- Up-to-date: /home/user/ros2_ws/src/install/ros2_fra2mo/share/ros2_fra2mo/models/race_field/model.config
-- Up-to-date: /home/user/ros2_ws/src/install/ros2_fra2mo/share/ros2_fra2mo/models/unknown_obst_1
-- Up-to-date: /home/user/ros2_ws/src/install/ros2_fra2mo/share/ros2_fra2mo/models/unknown_obst_1/mesh
-- Up-to-date: /home/user/ros2_ws/src/install/ros2_fra2mo/share/ros2_fra2mo/models/unknown_obst_1/mesh/unknown_obst_high.stl
-- Up-to-date: /home/user/ros2_ws/src/install/ros2_fra2mo/share/ros2_fra2mo/models/unknown_obst_1/unknown_obst_1.sdf
-- Up-to-date: /home/user/ros2_ws/src/install/ros2_fra2mo/share/ros2_fra2mo/models/unknown_obst_1/model.config
-- Up-to-date: /home/user/ros2_ws/src/install/ros2_fra2mo/share/ros2_fra2mo/models/start_pod
-- Up-to-date: /home/user/ros2_ws/src/install/ros2_fra2mo/share/ros2_fra2mo/models/start_pod/mesh
-- Up-to-date: /home/user/ros2_ws/src/install/ros2_fra2mo/share/ros2_fra2mo/models/start_pod/mesh/start_pod.stl
-- Up-to-date: /home/user/ros2_ws/src/install/ros2_fra2mo/share/ros2_fra2mo/models/start_pod/start_pod.sdf
-- Up-to-date: /home/user/ros2_ws/src/install/ros2_fra2mo/share/ros2_fra2mo/models/start_pod/model.config
-- Up-to-date: /home/user/ros2_ws/src/install/ros2_fra2mo/share/ros2_fra2mo/models/unknown_obst_2
-- Up-to-date: /home/user/ros2_ws/src/install/ros2_fra2mo/share/ros2_fra2mo/models/unknown_obst_2/unknown_obst_2.sdf
-- Up-to-date: /home/user/ros2_ws/src/install/ros2_fra2mo/share/ros2_fra2mo/models/unknown_obst_2/mesh
-- Up-to-date: /home/user/ros2_ws/src/install/ros2_fra2mo/share/ros2_fra2mo/models/unknown_obst_2/mesh/unknown_obst_low.stl
-- Up-to-date: /home/user/ros2_ws/src/install/ros2_fra2mo/share/ros2_fra2mo/models/unknown_obst_2/model.config
-- Up-to-date: /home/user/ros2_ws/src/install/ros2_fra2mo/share/ros2_fra2mo/models/roof
-- Up-to-date: /home/user/ros2_ws/src/install/ros2_fra2mo/share/ros2_fra2mo/models/roof/roof.sdf
-- Up-to-date: /home/user/ros2_ws/src/install/ros2_fra2mo/share/ros2_fra2mo/models/roof/mesh
-- Up-to-date: /home/user/ros2_ws/src/install/ros2_fra2mo/share/ros2_fra2mo/models/roof/mesh/roof.stl
-- Up-to-date: /home/user/ros2_ws/src/install/ros2_fra2mo/share/ros2_fra2mo/models/roof/model.config
-- Up-to-date: /home/user/ros2_ws/src/install/ros2_fra2mo/share/ros2_fra2mo/models/marker26_8cm_massless
-- Up-to-date: /home/user/ros2_ws/src/install/ros2_fra2mo/share/ros2_fra2mo/models/marker26_8cm_massless/marker26_8cm_massless.sdf
-- Up-to-date: /home/user/ros2_ws/src/install/ros2_fra2mo/share/ros2_fra2mo/models/marker26_8cm_massless/material
-- Up-to-date: /home/user/ros2_ws/src/install/ros2_fra2mo/share/ros2_fra2mo/models/marker26_8cm_massless/material/textures
-- Up-to-date: /home/user/ros2_ws/src/install/ros2_fra2mo/share/ros2_fra2mo/models/marker26_8cm_massless/material/textures/aruco-26_8cm.png
-- Up-to-date: /home/user/ros2_ws/src/install/ros2_fra2mo/share/ros2_fra2mo/models/marker26_8cm_massless/material/scripts
-- Up-to-date: /home/user/ros2_ws/src/install/ros2_fra2mo/share/ros2_fra2mo/models/marker26_8cm_massless/material/scripts/marker26_8cm.material
-- Up-to-date: /home/user/ros2_ws/src/install/ros2_fra2mo/share/ros2_fra2mo/models/marker26_8cm_massless/model.config
-- Up-to-date: /home/user/ros2_ws/src/install/ros2_fra2mo/share/ros2_fra2mo/models/obstacle_10
-- Up-to-date: /home/user/ros2_ws/src/install/ros2_fra2mo/share/ros2_fra2mo/models/obstacle_10/obstacle_10.sdf
-- Up-to-date: /home/user/ros2_ws/src/install/ros2_fra2mo/share/ros2_fra2mo/models/obstacle_10/mesh
-- Up-to-date: /home/user/ros2_ws/src/install/ros2_fra2mo/share/ros2_fra2mo/models/obstacle_10/mesh/ostacolo_10.stl
-- Up-to-date: /home/user/ros2_ws/src/install/ros2_fra2mo/share/ros2_fra2mo/models/obstacle_10/model.config
-- Up-to-date: /home/user/ros2_ws/src/install/ros2_fra2mo/share/ros2_fra2mo/meshes
-- Up-to-date: /home/user/ros2_ws/src/install/ros2_fra2mo/share/ros2_fra2mo/meshes/ostacolo_10.stl
-- Up-to-date: /home/user/ros2_ws/src/install/ros2_fra2mo/share/ros2_fra2mo/meshes/unknown_obst_low.stl
-- Up-to-date: /home/user/ros2_ws/src/install/ros2_fra2mo/share/ros2_fra2mo/meshes/campo_gara.stl
-- Up-to-date: /home/user/ros2_ws/src/install/ros2_fra2mo/share/ros2_fra2mo/meshes/ostacolo_09.stl
-- Up-to-date: /home/user/ros2_ws/src/install/ros2_fra2mo/share/ros2_fra2mo/meshes/ostacolo_03.stl
-- Up-to-date: /home/user/ros2_ws/src/install/ros2_fra2mo/share/ros2_fra2mo/meshes/tunnel_long.stl
-- Up-to-date: /home/user/ros2_ws/src/install/ros2_fra2mo/share/ros2_fra2mo/meshes/tunnel_short.stl
-- Up-to-date: /home/user/ros2_ws/src/install/ros2_fra2mo/share/ros2_fra2mo/meshes/intruder.stl
-- Up-to-date: /home/user/ros2_ws/src/install/ros2_fra2mo/share/ros2_fra2mo/meshes/rl_fra2mo_body.stl
-- Up-to-date: /home/user/ros2_ws/src/install/ros2_fra2mo/share/ros2_fra2mo/meshes/ostacolo_06.stl
-- Up-to-date: /home/user/ros2_ws/src/install/ros2_fra2mo/share/ros2_fra2mo/meshes/rl_fra2mo_wheel.stl
-- Up-to-date: /home/user/ros2_ws/src/install/ros2_fra2mo/share/ros2_fra2mo/meshes/unknown_obst_high.stl
-- Up-to-date: /home/user/ros2_ws/src/install/ros2_fra2mo/share/ros2_fra2mo/meshes/assieme_gara_2023.stl
-- Up-to-date: /home/user/ros2_ws/src/install/ros2_fra2mo/share/ros2_fra2mo/meshes/start_pod.stl
-- Up-to-date: /home/user/ros2_ws/src/install/ros2_fra2mo/share/ros2_fra2mo/meshes/unknown_obst_wall.stl
-- Up-to-date: /home/user/ros2_ws/src/install/ros2_fra2mo/share/ros2_fra2mo/meshes/lidar.stl
-- Up-to-date: /home/user/ros2_ws/src/install/ros2_fra2mo/share/ros2_fra2mo/worlds
-- Up-to-date: /home/user/ros2_ws/src/install/ros2_fra2mo/share/ros2_fra2mo/worlds/leonardo_race_field.sdf
-- Up-to-date: /home/user/ros2_ws/src/install/ros2_fra2mo/share/ros2_fra2mo/worlds/backup1.sdf
-- Up-to-date: /home/user/ros2_ws/src/install/ros2_fra2mo/share/ros2_fra2mo/worlds/project.sdf
-- Up-to-date: /home/user/ros2_ws/src/install/ros2_fra2mo/share/ros2_fra2mo/config
-- Up-to-date: /home/user/ros2_ws/src/install/ros2_fra2mo/share/ros2_fra2mo/config/slam.yaml
-- Up-to-date: /home/user/ros2_ws/src/install/ros2_fra2mo/share/ros2_fra2mo/config/amcl.yaml
-- Up-to-date: /home/user/ros2_ws/src/install/ros2_fra2mo/share/ros2_fra2mo/config/explore.yaml
-- Up-to-date: /home/user/ros2_ws/src/install/ros2_fra2mo/share/ros2_fra2mo/config/navigation.yaml
-- Up-to-date: /home/user/ros2_ws/src/install/ros2_fra2mo/share/ros2_fra2mo/src
-- Up-to-date: /home/user/ros2_ws/src/install/ros2_fra2mo/share/ros2_fra2mo/src/odom_bl_tf.cpp
-- Up-to-date: /home/user/ros2_ws/src/install/ros2_fra2mo/share/ros2_fra2mo/maps
-- Up-to-date: /home/user/ros2_ws/src/install/ros2_fra2mo/share/ros2_fra2mo/maps/map.pgm
-- Up-to-date: /home/user/ros2_ws/src/install/ros2_fra2mo/share/ros2_fra2mo/maps/sim_map.pgm
-- Up-to-date: /home/user/ros2_ws/src/install/ros2_fra2mo/share/ros2_fra2mo/maps/map.yaml
-- Up-to-date: /home/user/ros2_ws/src/install/ros2_fra2mo/share/ros2_fra2mo/maps/sim_map.yaml
-- Up-to-date: /home/user/ros2_ws/src/install/ros2_fra2mo/share/ros2_fra2mo/scripts
-- Up-to-date: /home/user/ros2_ws/src/install/ros2_fra2mo/share/ros2_fra2mo/scripts/follow_waypoints.py
-- Up-to-date: /home/user/ros2_ws/src/install/ros2_fra2mo/share/ros2_fra2mo/scripts/reach_goal.py
-- Up-to-date: /home/user/ros2_ws/src/install/ros2_fra2mo/share/ros2_fra2mo/rviz_conf
-- Up-to-date: /home/user/ros2_ws/src/install/ros2_fra2mo/share/ros2_fra2mo/rviz_conf/explore.rviz
-- Up-to-date: /home/user/ros2_ws/src/install/ros2_fra2mo/share/ros2_fra2mo/rviz_conf/conf_base.rviz
-- Up-to-date: /home/user/ros2_ws/src/install/ros2_fra2mo/share/ros2_fra2mo/rviz_conf/amcl_view.rviz
-- Up-to-date: /home/user/ros2_ws/src/install/ros2_fra2mo/share/ros2_fra2mo/rviz_conf/slam_view.rviz
-- Up-to-date: /home/user/ros2_ws/src/install/ros2_fra2mo/share/ros2_fra2mo/rviz_conf/fra2mo_conf.rviz
-- Up-to-date: /home/user/ros2_ws/src/install/ros2_fra2mo/share/ros2_fra2mo/rviz_conf/navigation.rviz
-- Up-to-date: /home/user/ros2_ws/src/install/ros2_fra2mo/lib/ros2_fra2mo/dynamic_tf_publisher
-- Up-to-date: /home/user/ros2_ws/src/install/ros2_fra2mo/lib/ros2_fra2mo/reach_goal.py
-- Up-to-date: /home/user/ros2_ws/src/install/ros2_fra2mo/lib/ros2_fra2mo/follow_waypoints.py
-- Up-to-date: /home/user/ros2_ws/src/install/ros2_fra2mo/share/ament_index/resource_index/package_run_dependencies/ros2_fra2mo
-- Up-to-date: /home/user/ros2_ws/src/install/ros2_fra2mo/share/ament_index/resource_index/parent_prefix_path/ros2_fra2mo
-- Up-to-date: /home/user/ros2_ws/src/install/ros2_fra2mo/share/ros2_fra2mo/environment/ament_prefix_path.sh
-- Up-to-date: /home/user/ros2_ws/src/install/ros2_fra2mo/share/ros2_fra2mo/environment/ament_prefix_path.dsv
-- Up-to-date: /home/user/ros2_ws/src/install/ros2_fra2mo/share/ros2_fra2mo/environment/path.sh
-- Up-to-date: /home/user/ros2_ws/src/install/ros2_fra2mo/share/ros2_fra2mo/environment/path.dsv
-- Up-to-date: /home/user/ros2_ws/src/install/ros2_fra2mo/share/ros2_fra2mo/local_setup.bash
-- Up-to-date: /home/user/ros2_ws/src/install/ros2_fra2mo/share/ros2_fra2mo/local_setup.sh
-- Up-to-date: /home/user/ros2_ws/src/install/ros2_fra2mo/share/ros2_fra2mo/local_setup.zsh
-- Up-to-date: /home/user/ros2_ws/src/install/ros2_fra2mo/share/ros2_fra2mo/local_setup.dsv
-- Installing: /home/user/ros2_ws/src/install/ros2_fra2mo/share/ros2_fra2mo/package.dsv
-- Up-to-date: /home/user/ros2_ws/src/install/ros2_fra2mo/share/ament_index/resource_index/packages/ros2_fra2mo
-- Up-to-date: /home/user/ros2_ws/src/install/ros2_fra2mo/share/ros2_fra2mo/cmake/ros2_fra2moConfig.cmake
-- Up-to-date: /home/user/ros2_ws/src/install/ros2_fra2mo/share/ros2_fra2mo/cmake/ros2_fra2moConfig-version.cmake
-- Up-to-date: /home/user/ros2_ws/src/install/ros2_fra2mo/share/ros2_fra2mo/package.xml
