[0.023s] Invoking command in '/home/user/ros2_ws/src/build/ros2_fra2mo': CMAKE_PREFIX_PATH=${CMAKE_PREFIX_PATH}:/opt/ros/humble /usr/bin/cmake --build /home/user/ros2_ws/src/build/ros2_fra2mo -- -j22 -l22
[0.088s] [100%] Built target dynamic_tf_publisher
[0.130s] Invoked command in '/home/user/ros2_ws/src/build/ros2_fra2mo' returned '0': CMAKE_PREFIX_PATH=${CMAKE_PREFIX_PATH}:/opt/ros/humble /usr/bin/cmake --build /home/user/ros2_ws/src/build/ros2_fra2mo -- -j22 -l22
[0.131s] Invoking command in '/home/user/ros2_ws/src/build/ros2_fra2mo': CMAKE_PREFIX_PATH=${CMAKE_PREFIX_PATH}:/opt/ros/humble /usr/bin/cmake --install /home/user/ros2_ws/src/build/ros2_fra2mo
[0.143s] -- Install configuration: ""
[0.144s] -- Up-to-date: /home/user/ros2_ws/src/install/ros2_fra2mo/share/ros2_fra2mo/launch
[0.144s] -- Up-to-date: /home/user/ros2_ws/src/install/ros2_fra2mo/share/ros2_fra2mo/launch/fra2mo_slam.launch.py
[0.144s] -- Up-to-date: /home/user/ros2_ws/src/install/ros2_fra2mo/share/ros2_fra2mo/launch/fra2mo_navigation.launch.py
[0.145s] -- Up-to-date: /home/user/ros2_ws/src/install/ros2_fra2mo/share/ros2_fra2mo/launch/fra2mo_explore.launch.py
[0.145s] -- Up-to-date: /home/user/ros2_ws/src/install/ros2_fra2mo/share/ros2_fra2mo/launch/display_fra2mo.launch.py
[0.146s] -- Up-to-date: /home/user/ros2_ws/src/install/ros2_fra2mo/share/ros2_fra2mo/launch/fra2mo_amcl.launch.py
[0.147s] -- Installing: /home/user/ros2_ws/src/install/ros2_fra2mo/share/ros2_fra2mo/launch/gazebo_fra2mo.launch.py
[0.147s] -- Up-to-date: /home/user/ros2_ws/src/install/ros2_fra2mo/share/ros2_fra2mo/urdf
[0.147s] -- Up-to-date: /home/user/ros2_ws/src/install/ros2_fra2mo/share/ros2_fra2mo/urdf/fra2mo.urdf.xacro
[0.147s] -- Up-to-date: /home/user/ros2_ws/src/install/ros2_fra2mo/share/ros2_fra2mo/urdf/utility_macro.xacro
[0.147s] -- Up-to-date: /home/user/ros2_ws/src/install/ros2_fra2mo/share/ros2_fra2mo/urdf/lidar_gazebo_macro.xacro
[0.147s] -- Up-to-date: /home/user/ros2_ws/src/install/ros2_fra2mo/share/ros2_fra2mo/urdf/test.urdf
[0.147s] -- Up-to-date: /home/user/ros2_ws/src/install/ros2_fra2mo/share/ros2_fra2mo/urdf/d435_gazebo_macro.xacro
[0.147s] -- Up-to-date: /home/user/ros2_ws/src/install/ros2_fra2mo/share/ros2_fra2mo/urdf/fra2mo_base_macro.xacro
[0.147s] -- Up-to-date: /home/user/ros2_ws/src/install/ros2_fra2mo/share/ros2_fra2mo/models
[0.147s] -- Up-to-date: /home/user/ros2_ws/src/install/ros2_fra2mo/share/ros2_fra2mo/models/intruder
[0.147s] -- Up-to-date: /home/user/ros2_ws/src/install/ros2_fra2mo/share/ros2_fra2mo/models/intruder/intruder.sdf
[0.148s] -- Up-to-date: /home/user/ros2_ws/src/install/ros2_fra2mo/share/ros2_fra2mo/models/intruder/mesh
[0.148s] -- Up-to-date: /home/user/ros2_ws/src/install/ros2_fra2mo/share/ros2_fra2mo/models/intruder/mesh/intruder.stl
[0.148s] -- Up-to-date: /home/user/ros2_ws/src/install/ros2_fra2mo/share/ros2_fra2mo/models/intruder/model.config
[0.148s] -- Up-to-date: /home/user/ros2_ws/src/install/ros2_fra2mo/share/ros2_fra2mo/models/marker_4
[0.148s] -- Up-to-date: /home/user/ros2_ws/src/install/ros2_fra2mo/share/ros2_fra2mo/models/marker_4/marker_4.sdf
[0.148s] -- Up-to-date: /home/user/ros2_ws/src/install/ros2_fra2mo/share/ros2_fra2mo/models/marker_4/material
[0.148s] -- Up-to-date: /home/user/ros2_ws/src/install/ros2_fra2mo/share/ros2_fra2mo/models/marker_4/material/textures
[0.148s] -- Up-to-date: /home/user/ros2_ws/src/install/ros2_fra2mo/share/ros2_fra2mo/models/marker_4/material/textures/ar_tag_2.png
[0.148s] -- Up-to-date: /home/user/ros2_ws/src/install/ros2_fra2mo/share/ros2_fra2mo/models/marker_4/material/textures/ar_tag_1.png
[0.148s] -- Up-to-date: /home/user/ros2_ws/src/install/ros2_fra2mo/share/ros2_fra2mo/models/marker_4/material/textures/ar_tag_3.png
[0.148s] -- Up-to-date: /home/user/ros2_ws/src/install/ros2_fra2mo/share/ros2_fra2mo/models/marker_4/material/textures/ar_tag_4.png
[0.148s] -- Up-to-date: /home/user/ros2_ws/src/install/ros2_fra2mo/share/ros2_fra2mo/models/marker_4/material/textures/ar_tag_0.png
[0.148s] -- Up-to-date: /home/user/ros2_ws/src/install/ros2_fra2mo/share/ros2_fra2mo/models/marker_4/material/scripts
[0.148s] -- Up-to-date: /home/user/ros2_ws/src/install/ros2_fra2mo/share/ros2_fra2mo/models/marker_4/material/scripts/marker_4.material
[0.148s] -- Up-to-date: /home/user/ros2_ws/src/install/ros2_fra2mo/share/ros2_fra2mo/models/marker_4/model.config
[0.148s] -- Up-to-date: /home/user/ros2_ws/src/install/ros2_fra2mo/share/ros2_fra2mo/models/marker_0
[0.148s] -- Up-to-date: /home/user/ros2_ws/src/install/ros2_fra2mo/share/ros2_fra2mo/models/marker_0/marker_0.sdf
[0.148s] -- Up-to-date: /home/user/ros2_ws/src/install/ros2_fra2mo/share/ros2_fra2mo/models/marker_0/ar_tag_0.png
[0.149s] -- Up-to-date: /home/user/ros2_ws/src/install/ros2_fra2mo/share/ros2_fra2mo/models/marker_0/material
[0.149s] -- Up-to-date: /home/user/ros2_ws/src/install/ros2_fra2mo/share/ros2_fra2mo/models/marker_0/material/textures
[0.149s] -- Up-to-date: /home/user/ros2_ws/src/install/ros2_fra2mo/share/ros2_fra2mo/models/marker_0/material/textures/ar_tag_2.png
[0.149s] -- Up-to-date: /home/user/ros2_ws/src/install/ros2_fra2mo/share/ros2_fra2mo/models/marker_0/material/textures/ar_tag_1.png
[0.149s] -- Up-to-date: /home/user/ros2_ws/src/install/ros2_fra2mo/share/ros2_fra2mo/models/marker_0/material/textures/ar_tag_3.png
[0.149s] -- Up-to-date: /home/user/ros2_ws/src/install/ros2_fra2mo/share/ros2_fra2mo/models/marker_0/material/textures/ar_tag_4.png
[0.149s] -- Up-to-date: /home/user/ros2_ws/src/install/ros2_fra2mo/share/ros2_fra2mo/models/marker_0/material/textures/ar_tag_0.png
[0.149s] -- Up-to-date: /home/user/ros2_ws/src/install/ros2_fra2mo/share/ros2_fra2mo/models/marker_0/material/scripts
[0.149s] -- Up-to-date: /home/user/ros2_ws/src/install/ros2_fra2mo/share/ros2_fra2mo/models/marker_0/material/scripts/marker_0.material
[0.151s] -- Up-to-date: /home/user/ros2_ws/src/install/ros2_fra2mo/share/ros2_fra2mo/models/marker_0/model.config
[0.151s] -- Up-to-date: /home/user/ros2_ws/src/install/ros2_fra2mo/share/ros2_fra2mo/models/marker_3
[0.151s] -- Up-to-date: /home/user/ros2_ws/src/install/ros2_fra2mo/share/ros2_fra2mo/models/marker_3/marker_3.sdf
[0.151s] -- Up-to-date: /home/user/ros2_ws/src/install/ros2_fra2mo/share/ros2_fra2mo/models/marker_3/material
[0.151s] -- Up-to-date: /home/user/ros2_ws/src/install/ros2_fra2mo/share/ros2_fra2mo/models/marker_3/material/textures
[0.151s] -- Up-to-date: /home/user/ros2_ws/src/install/ros2_fra2mo/share/ros2_fra2mo/models/marker_3/material/textures/ar_tag_2.png
[0.151s] -- Up-to-date: /home/user/ros2_ws/src/install/ros2_fra2mo/share/ros2_fra2mo/models/marker_3/material/textures/ar_tag_1.png
[0.151s] -- Up-to-date: /home/user/ros2_ws/src/install/ros2_fra2mo/share/ros2_fra2mo/models/marker_3/material/textures/ar_tag_3.png
[0.151s] -- Up-to-date: /home/user/ros2_ws/src/install/ros2_fra2mo/share/ros2_fra2mo/models/marker_3/material/textures/ar_tag_4.png
[0.151s] -- Up-to-date: /home/user/ros2_ws/src/install/ros2_fra2mo/share/ros2_fra2mo/models/marker_3/material/textures/ar_tag_0.png
[0.152s] -- Up-to-date: /home/user/ros2_ws/src/install/ros2_fra2mo/share/ros2_fra2mo/models/marker_3/material/scripts
[0.152s] -- Up-to-date: /home/user/ros2_ws/src/install/ros2_fra2mo/share/ros2_fra2mo/models/marker_3/material/scripts/marker_3.material
[0.152s] -- Up-to-date: /home/user/ros2_ws/src/install/ros2_fra2mo/share/ros2_fra2mo/models/marker_3/model.config
[0.152s] -- Up-to-date: /home/user/ros2_ws/src/install/ros2_fra2mo/share/ros2_fra2mo/models/marker_1
[0.152s] -- Up-to-date: /home/user/ros2_ws/src/install/ros2_fra2mo/share/ros2_fra2mo/models/marker_1/marker_1.sdf
[0.152s] -- Up-to-date: /home/user/ros2_ws/src/install/ros2_fra2mo/share/ros2_fra2mo/models/marker_1/material
[0.152s] -- Up-to-date: /home/user/ros2_ws/src/install/ros2_fra2mo/share/ros2_fra2mo/models/marker_1/material/textures
[0.152s] -- Up-to-date: /home/user/ros2_ws/src/install/ros2_fra2mo/share/ros2_fra2mo/models/marker_1/material/textures/ar_tag_2.png
[0.152s] -- Up-to-date: /home/user/ros2_ws/src/install/ros2_fra2mo/share/ros2_fra2mo/models/marker_1/material/textures/ar_tag_1.png
[0.152s] -- Up-to-date: /home/user/ros2_ws/src/install/ros2_fra2mo/share/ros2_fra2mo/models/marker_1/material/textures/ar_tag_3.png
[0.152s] -- Up-to-date: /home/user/ros2_ws/src/install/ros2_fra2mo/share/ros2_fra2mo/models/marker_1/material/textures/ar_tag_4.png
[0.152s] -- Up-to-date: /home/user/ros2_ws/src/install/ros2_fra2mo/share/ros2_fra2mo/models/marker_1/material/textures/ar_tag_0.png
[0.152s] -- Up-to-date: /home/user/ros2_ws/src/install/ros2_fra2mo/share/ros2_fra2mo/models/marker_1/material/scripts
[0.153s] -- Up-to-date: /home/user/ros2_ws/src/install/ros2_fra2mo/share/ros2_fra2mo/models/marker_1/material/scripts/marker_1.material
[0.153s] -- Up-to-date: /home/user/ros2_ws/src/install/ros2_fra2mo/share/ros2_fra2mo/models/marker_1/model.config
[0.153s] -- Up-to-date: /home/user/ros2_ws/src/install/ros2_fra2mo/share/ros2_fra2mo/models/obstacle_09
[0.153s] -- Up-to-date: /home/user/ros2_ws/src/install/ros2_fra2mo/share/ros2_fra2mo/models/obstacle_09/obstacle_09.sdf
[0.153s] -- Up-to-date: /home/user/ros2_ws/src/install/ros2_fra2mo/share/ros2_fra2mo/models/obstacle_09/mesh
[0.153s] -- Up-to-date: /home/user/ros2_ws/src/install/ros2_fra2mo/share/ros2_fra2mo/models/obstacle_09/mesh/ostacolo_09.stl
[0.153s] -- Up-to-date: /home/user/ros2_ws/src/install/ros2_fra2mo/share/ros2_fra2mo/models/obstacle_09/model.config
[0.153s] -- Up-to-date: /home/user/ros2_ws/src/install/ros2_fra2mo/share/ros2_fra2mo/models/obstacle_03
[0.153s] -- Up-to-date: /home/user/ros2_ws/src/install/ros2_fra2mo/share/ros2_fra2mo/models/obstacle_03/mesh
[0.153s] -- Up-to-date: /home/user/ros2_ws/src/install/ros2_fra2mo/share/ros2_fra2mo/models/obstacle_03/mesh/ostacolo_03.stl
[0.153s] -- Up-to-date: /home/user/ros2_ws/src/install/ros2_fra2mo/share/ros2_fra2mo/models/obstacle_03/obstacle_03.sdf
[0.153s] -- Up-to-date: /home/user/ros2_ws/src/install/ros2_fra2mo/share/ros2_fra2mo/models/obstacle_03/model.config
[0.154s] -- Up-to-date: /home/user/ros2_ws/src/install/ros2_fra2mo/share/ros2_fra2mo/models/workcell_bin
[0.154s] -- Up-to-date: /home/user/ros2_ws/src/install/ros2_fra2mo/share/ros2_fra2mo/models/workcell_bin/materials
[0.154s] -- Up-to-date: /home/user/ros2_ws/src/install/ros2_fra2mo/share/ros2_fra2mo/models/workcell_bin/materials/textures
[0.154s] -- Up-to-date: /home/user/ros2_ws/src/install/ros2_fra2mo/share/ros2_fra2mo/models/workcell_bin/materials/textures/aruco-2.png
[0.154s] -- Up-to-date: /home/user/ros2_ws/src/install/ros2_fra2mo/share/ros2_fra2mo/models/workcell_bin/materials/textures/bin.png
[0.154s] -- Up-to-date: /home/user/ros2_ws/src/install/ros2_fra2mo/share/ros2_fra2mo/models/workcell_bin/materials/textures/aruco-3.png
[0.154s] -- Up-to-date: /home/user/ros2_ws/src/install/ros2_fra2mo/share/ros2_fra2mo/models/workcell_bin/materials/textures/aruco-1.png
[0.154s] -- Up-to-date: /home/user/ros2_ws/src/install/ros2_fra2mo/share/ros2_fra2mo/models/workcell_bin/meshes
[0.154s] -- Up-to-date: /home/user/ros2_ws/src/install/ros2_fra2mo/share/ros2_fra2mo/models/workcell_bin/meshes/bin.png
[0.154s] -- Up-to-date: /home/user/ros2_ws/src/install/ros2_fra2mo/share/ros2_fra2mo/models/workcell_bin/meshes/bin.dae
[0.154s] -- Up-to-date: /home/user/ros2_ws/src/install/ros2_fra2mo/share/ros2_fra2mo/models/workcell_bin/model.sdf
[0.154s] -- Up-to-date: /home/user/ros2_ws/src/install/ros2_fra2mo/share/ros2_fra2mo/models/workcell_bin/model.config
[0.154s] -- Up-to-date: /home/user/ros2_ws/src/install/ros2_fra2mo/share/ros2_fra2mo/models/marker_2
[0.155s] -- Up-to-date: /home/user/ros2_ws/src/install/ros2_fra2mo/share/ros2_fra2mo/models/marker_2/marker_2.sdf
[0.155s] -- Up-to-date: /home/user/ros2_ws/src/install/ros2_fra2mo/share/ros2_fra2mo/models/marker_2/material
[0.155s] -- Up-to-date: /home/user/ros2_ws/src/install/ros2_fra2mo/share/ros2_fra2mo/models/marker_2/material/textures
[0.155s] -- Up-to-date: /home/user/ros2_ws/src/install/ros2_fra2mo/share/ros2_fra2mo/models/marker_2/material/textures/ar_tag_2.png
[0.155s] -- Up-to-date: /home/user/ros2_ws/src/install/ros2_fra2mo/share/ros2_fra2mo/models/marker_2/material/textures/ar_tag_1.png
[0.155s] -- Up-to-date: /home/user/ros2_ws/src/install/ros2_fra2mo/share/ros2_fra2mo/models/marker_2/material/textures/ar_tag_3.png
[0.155s] -- Up-to-date: /home/user/ros2_ws/src/install/ros2_fra2mo/share/ros2_fra2mo/models/marker_2/material/textures/ar_tag_4.png
[0.155s] -- Up-to-date: /home/user/ros2_ws/src/install/ros2_fra2mo/share/ros2_fra2mo/models/marker_2/material/textures/ar_tag_0.png
[0.155s] -- Up-to-date: /home/user/ros2_ws/src/install/ros2_fra2mo/share/ros2_fra2mo/models/marker_2/material/scripts
[0.155s] -- Up-to-date: /home/user/ros2_ws/src/install/ros2_fra2mo/share/ros2_fra2mo/models/marker_2/material/scripts/marker_2.material
[0.155s] -- Up-to-date: /home/user/ros2_ws/src/install/ros2_fra2mo/share/ros2_fra2mo/models/marker_2/model.config
[0.155s] -- Up-to-date: /home/user/ros2_ws/src/install/ros2_fra2mo/share/ros2_fra2mo/models/unknown_obst_3
[0.155s] -- Up-to-date: /home/user/ros2_ws/src/install/ros2_fra2mo/share/ros2_fra2mo/models/unknown_obst_3/mesh
[0.155s] -- Up-to-date: /home/user/ros2_ws/src/install/ros2_fra2mo/share/ros2_fra2mo/models/unknown_obst_3/mesh/unknown_obst_wall.stl
[0.155s] -- Up-to-date: /home/user/ros2_ws/src/install/ros2_fra2mo/share/ros2_fra2mo/models/unknown_obst_3/unknown_obst_3.sdf
[0.156s] -- Up-to-date: /home/user/ros2_ws/src/install/ros2_fra2mo/share/ros2_fra2mo/models/unknown_obst_3/model.config
[0.156s] -- Up-to-date: /home/user/ros2_ws/src/install/ros2_fra2mo/share/ros2_fra2mo/models/unknown_tunnel_1
[0.156s] -- Up-to-date: /home/user/ros2_ws/src/install/ros2_fra2mo/share/ros2_fra2mo/models/unknown_tunnel_1/mesh
[0.156s] -- Up-to-date: /home/user/ros2_ws/src/install/ros2_fra2mo/share/ros2_fra2mo/models/unknown_tunnel_1/mesh/tunnel_long.stl
[0.156s] -- Up-to-date: /home/user/ros2_ws/src/install/ros2_fra2mo/share/ros2_fra2mo/models/unknown_tunnel_1/unknown_tunnel_1.sdf
[0.156s] -- Up-to-date: /home/user/ros2_ws/src/install/ros2_fra2mo/share/ros2_fra2mo/models/unknown_tunnel_1/model.config
[0.156s] -- Up-to-date: /home/user/ros2_ws/src/install/ros2_fra2mo/share/ros2_fra2mo/models/aruco2
[0.156s] -- Up-to-date: /home/user/ros2_ws/src/install/ros2_fra2mo/share/ros2_fra2mo/models/aruco2/materials
[0.156s] -- Up-to-date: /home/user/ros2_ws/src/install/ros2_fra2mo/share/ros2_fra2mo/models/aruco2/materials/textures
[0.156s] -- Up-to-date: /home/user/ros2_ws/src/install/ros2_fra2mo/share/ros2_fra2mo/models/aruco2/materials/textures/aruco-2.png
[0.156s] -- Up-to-date: /home/user/ros2_ws/src/install/ros2_fra2mo/share/ros2_fra2mo/models/aruco2/model.sdf
[0.156s] -- Up-to-date: /home/user/ros2_ws/src/install/ros2_fra2mo/share/ros2_fra2mo/models/aruco2/model.config
[0.156s] -- Up-to-date: /home/user/ros2_ws/src/install/ros2_fra2mo/share/ros2_fra2mo/models/unknown_tunnel_2
[0.156s] -- Up-to-date: /home/user/ros2_ws/src/install/ros2_fra2mo/share/ros2_fra2mo/models/unknown_tunnel_2/unknown_tunnel_2.sdf
[0.156s] -- Up-to-date: /home/user/ros2_ws/src/install/ros2_fra2mo/share/ros2_fra2mo/models/unknown_tunnel_2/mesh
[0.157s] -- Up-to-date: /home/user/ros2_ws/src/install/ros2_fra2mo/share/ros2_fra2mo/models/unknown_tunnel_2/mesh/tunnel_short.stl
[0.157s] -- Up-to-date: /home/user/ros2_ws/src/install/ros2_fra2mo/share/ros2_fra2mo/models/unknown_tunnel_2/model.config
[0.157s] -- Up-to-date: /home/user/ros2_ws/src/install/ros2_fra2mo/share/ros2_fra2mo/models/obstacle_06
[0.157s] -- Up-to-date: /home/user/ros2_ws/src/install/ros2_fra2mo/share/ros2_fra2mo/models/obstacle_06/mesh
[0.157s] -- Up-to-date: /home/user/ros2_ws/src/install/ros2_fra2mo/share/ros2_fra2mo/models/obstacle_06/mesh/ostacolo_06.stl
[0.157s] -- Up-to-date: /home/user/ros2_ws/src/install/ros2_fra2mo/share/ros2_fra2mo/models/obstacle_06/obstacle_06.sdf
[0.157s] -- Up-to-date: /home/user/ros2_ws/src/install/ros2_fra2mo/share/ros2_fra2mo/models/obstacle_06/model.config
[0.157s] -- Up-to-date: /home/user/ros2_ws/src/install/ros2_fra2mo/share/ros2_fra2mo/models/aruco1
[0.157s] -- Up-to-date: /home/user/ros2_ws/src/install/ros2_fra2mo/share/ros2_fra2mo/models/aruco1/materials
[0.157s] -- Up-to-date: /home/user/ros2_ws/src/install/ros2_fra2mo/share/ros2_fra2mo/models/aruco1/materials/textures
[0.157s] -- Up-to-date: /home/user/ros2_ws/src/install/ros2_fra2mo/share/ros2_fra2mo/models/aruco1/materials/textures/aruco-1.png
[0.157s] -- Up-to-date: /home/user/ros2_ws/src/install/ros2_fra2mo/share/ros2_fra2mo/models/aruco1/model.sdf
[0.157s] -- Up-to-date: /home/user/ros2_ws/src/install/ros2_fra2mo/share/ros2_fra2mo/models/aruco1/model.config
[0.158s] -- Up-to-date: /home/user/ros2_ws/src/install/ros2_fra2mo/share/ros2_fra2mo/models/aruco3
[0.159s] -- Up-to-date: /home/user/ros2_ws/src/install/ros2_fra2mo/share/ros2_fra2mo/models/aruco3/materials
[0.159s] -- Up-to-date: /home/user/ros2_ws/src/install/ros2_fra2mo/share/ros2_fra2mo/models/aruco3/materials/textures
[0.159s] -- Up-to-date: /home/user/ros2_ws/src/install/ros2_fra2mo/share/ros2_fra2mo/models/aruco3/materials/textures/aruco-3.png
[0.159s] -- Up-to-date: /home/user/ros2_ws/src/install/ros2_fra2mo/share/ros2_fra2mo/models/aruco3/model.sdf
[0.159s] -- Up-to-date: /home/user/ros2_ws/src/install/ros2_fra2mo/share/ros2_fra2mo/models/aruco3/model.config
[0.159s] -- Up-to-date: /home/user/ros2_ws/src/install/ros2_fra2mo/share/ros2_fra2mo/models/obstacle_10_
[0.159s] -- Up-to-date: /home/user/ros2_ws/src/install/ros2_fra2mo/share/ros2_fra2mo/models/obstacle_10_/mesh
[0.159s] -- Up-to-date: /home/user/ros2_ws/src/install/ros2_fra2mo/share/ros2_fra2mo/models/obstacle_10_/mesh/ostacolo_10_.stl
[0.159s] -- Up-to-date: /home/user/ros2_ws/src/install/ros2_fra2mo/share/ros2_fra2mo/models/obstacle_10_/obstacle_10_.sdf
[0.159s] -- Up-to-date: /home/user/ros2_ws/src/install/ros2_fra2mo/share/ros2_fra2mo/models/obstacle_10_/model.config
[0.159s] -- Up-to-date: /home/user/ros2_ws/src/install/ros2_fra2mo/share/ros2_fra2mo/models/race_field
[0.159s] -- Up-to-date: /home/user/ros2_ws/src/install/ros2_fra2mo/share/ros2_fra2mo/models/race_field/mesh
[0.159s] -- Up-to-date: /home/user/ros2_ws/src/install/ros2_fra2mo/share/ros2_fra2mo/models/race_field/mesh/campo_gara.stl
[0.159s] -- Up-to-date: /home/user/ros2_ws/src/install/ros2_fra2mo/share/ros2_fra2mo/models/race_field/model.sdf
[0.159s] -- Up-to-date: /home/user/ros2_ws/src/install/ros2_fra2mo/share/ros2_fra2mo/models/race_field/model.config
[0.160s] -- Up-to-date: /home/user/ros2_ws/src/install/ros2_fra2mo/share/ros2_fra2mo/models/unknown_obst_1
[0.160s] -- Up-to-date: /home/user/ros2_ws/src/install/ros2_fra2mo/share/ros2_fra2mo/models/unknown_obst_1/mesh
[0.160s] -- Up-to-date: /home/user/ros2_ws/src/install/ros2_fra2mo/share/ros2_fra2mo/models/unknown_obst_1/mesh/unknown_obst_high.stl
[0.160s] -- Up-to-date: /home/user/ros2_ws/src/install/ros2_fra2mo/share/ros2_fra2mo/models/unknown_obst_1/unknown_obst_1.sdf
[0.160s] -- Up-to-date: /home/user/ros2_ws/src/install/ros2_fra2mo/share/ros2_fra2mo/models/unknown_obst_1/model.config
[0.161s] -- Up-to-date: /home/user/ros2_ws/src/install/ros2_fra2mo/share/ros2_fra2mo/models/start_pod
[0.161s] -- Up-to-date: /home/user/ros2_ws/src/install/ros2_fra2mo/share/ros2_fra2mo/models/start_pod/mesh
[0.161s] -- Up-to-date: /home/user/ros2_ws/src/install/ros2_fra2mo/share/ros2_fra2mo/models/start_pod/mesh/start_pod.stl
[0.161s] -- Up-to-date: /home/user/ros2_ws/src/install/ros2_fra2mo/share/ros2_fra2mo/models/start_pod/start_pod.sdf
[0.161s] -- Up-to-date: /home/user/ros2_ws/src/install/ros2_fra2mo/share/ros2_fra2mo/models/start_pod/model.config
[0.161s] -- Up-to-date: /home/user/ros2_ws/src/install/ros2_fra2mo/share/ros2_fra2mo/models/unknown_obst_2
[0.161s] -- Up-to-date: /home/user/ros2_ws/src/install/ros2_fra2mo/share/ros2_fra2mo/models/unknown_obst_2/unknown_obst_2.sdf
[0.161s] -- Up-to-date: /home/user/ros2_ws/src/install/ros2_fra2mo/share/ros2_fra2mo/models/unknown_obst_2/mesh
[0.161s] -- Up-to-date: /home/user/ros2_ws/src/install/ros2_fra2mo/share/ros2_fra2mo/models/unknown_obst_2/mesh/unknown_obst_low.stl
[0.161s] -- Up-to-date: /home/user/ros2_ws/src/install/ros2_fra2mo/share/ros2_fra2mo/models/unknown_obst_2/model.config
[0.162s] -- Up-to-date: /home/user/ros2_ws/src/install/ros2_fra2mo/share/ros2_fra2mo/models/roof
[0.162s] -- Up-to-date: /home/user/ros2_ws/src/install/ros2_fra2mo/share/ros2_fra2mo/models/roof/roof.sdf
[0.162s] -- Up-to-date: /home/user/ros2_ws/src/install/ros2_fra2mo/share/ros2_fra2mo/models/roof/mesh
[0.162s] -- Up-to-date: /home/user/ros2_ws/src/install/ros2_fra2mo/share/ros2_fra2mo/models/roof/mesh/roof.stl
[0.162s] -- Up-to-date: /home/user/ros2_ws/src/install/ros2_fra2mo/share/ros2_fra2mo/models/roof/model.config
[0.162s] -- Up-to-date: /home/user/ros2_ws/src/install/ros2_fra2mo/share/ros2_fra2mo/models/marker26_8cm_massless
[0.162s] -- Up-to-date: /home/user/ros2_ws/src/install/ros2_fra2mo/share/ros2_fra2mo/models/marker26_8cm_massless/marker26_8cm_massless.sdf
[0.162s] -- Up-to-date: /home/user/ros2_ws/src/install/ros2_fra2mo/share/ros2_fra2mo/models/marker26_8cm_massless/material
[0.162s] -- Up-to-date: /home/user/ros2_ws/src/install/ros2_fra2mo/share/ros2_fra2mo/models/marker26_8cm_massless/material/textures
[0.162s] -- Up-to-date: /home/user/ros2_ws/src/install/ros2_fra2mo/share/ros2_fra2mo/models/marker26_8cm_massless/material/textures/aruco-26_8cm.png
[0.162s] -- Up-to-date: /home/user/ros2_ws/src/install/ros2_fra2mo/share/ros2_fra2mo/models/marker26_8cm_massless/material/scripts
[0.162s] -- Up-to-date: /home/user/ros2_ws/src/install/ros2_fra2mo/share/ros2_fra2mo/models/marker26_8cm_massless/material/scripts/marker26_8cm.material
[0.162s] -- Up-to-date: /home/user/ros2_ws/src/install/ros2_fra2mo/share/ros2_fra2mo/models/marker26_8cm_massless/model.config
[0.162s] -- Up-to-date: /home/user/ros2_ws/src/install/ros2_fra2mo/share/ros2_fra2mo/models/obstacle_10
[0.162s] -- Up-to-date: /home/user/ros2_ws/src/install/ros2_fra2mo/share/ros2_fra2mo/models/obstacle_10/obstacle_10.sdf
[0.163s] -- Up-to-date: /home/user/ros2_ws/src/install/ros2_fra2mo/share/ros2_fra2mo/models/obstacle_10/mesh
[0.163s] -- Up-to-date: /home/user/ros2_ws/src/install/ros2_fra2mo/share/ros2_fra2mo/models/obstacle_10/mesh/ostacolo_10.stl
[0.163s] -- Up-to-date: /home/user/ros2_ws/src/install/ros2_fra2mo/share/ros2_fra2mo/models/obstacle_10/model.config
[0.163s] -- Up-to-date: /home/user/ros2_ws/src/install/ros2_fra2mo/share/ros2_fra2mo/meshes
[0.163s] -- Up-to-date: /home/user/ros2_ws/src/install/ros2_fra2mo/share/ros2_fra2mo/meshes/ostacolo_10.stl
[0.163s] -- Up-to-date: /home/user/ros2_ws/src/install/ros2_fra2mo/share/ros2_fra2mo/meshes/unknown_obst_low.stl
[0.163s] -- Up-to-date: /home/user/ros2_ws/src/install/ros2_fra2mo/share/ros2_fra2mo/meshes/campo_gara.stl
[0.163s] -- Up-to-date: /home/user/ros2_ws/src/install/ros2_fra2mo/share/ros2_fra2mo/meshes/ostacolo_09.stl
[0.163s] -- Up-to-date: /home/user/ros2_ws/src/install/ros2_fra2mo/share/ros2_fra2mo/meshes/ostacolo_03.stl
[0.163s] -- Up-to-date: /home/user/ros2_ws/src/install/ros2_fra2mo/share/ros2_fra2mo/meshes/tunnel_long.stl
[0.163s] -- Up-to-date: /home/user/ros2_ws/src/install/ros2_fra2mo/share/ros2_fra2mo/meshes/tunnel_short.stl
[0.164s] -- Up-to-date: /home/user/ros2_ws/src/install/ros2_fra2mo/share/ros2_fra2mo/meshes/intruder.stl
[0.164s] -- Up-to-date: /home/user/ros2_ws/src/install/ros2_fra2mo/share/ros2_fra2mo/meshes/rl_fra2mo_body.stl
[0.164s] -- Up-to-date: /home/user/ros2_ws/src/install/ros2_fra2mo/share/ros2_fra2mo/meshes/ostacolo_06.stl
[0.164s] -- Up-to-date: /home/user/ros2_ws/src/install/ros2_fra2mo/share/ros2_fra2mo/meshes/rl_fra2mo_wheel.stl
[0.164s] -- Up-to-date: /home/user/ros2_ws/src/install/ros2_fra2mo/share/ros2_fra2mo/meshes/unknown_obst_high.stl
[0.164s] -- Up-to-date: /home/user/ros2_ws/src/install/ros2_fra2mo/share/ros2_fra2mo/meshes/assieme_gara_2023.stl
[0.164s] -- Up-to-date: /home/user/ros2_ws/src/install/ros2_fra2mo/share/ros2_fra2mo/meshes/start_pod.stl
[0.164s] -- Up-to-date: /home/user/ros2_ws/src/install/ros2_fra2mo/share/ros2_fra2mo/meshes/unknown_obst_wall.stl
[0.164s] -- Up-to-date: /home/user/ros2_ws/src/install/ros2_fra2mo/share/ros2_fra2mo/meshes/lidar.stl
[0.164s] -- Up-to-date: /home/user/ros2_ws/src/install/ros2_fra2mo/share/ros2_fra2mo/worlds
[0.164s] -- Up-to-date: /home/user/ros2_ws/src/install/ros2_fra2mo/share/ros2_fra2mo/worlds/leonardo_race_field.sdf
[0.164s] -- Up-to-date: /home/user/ros2_ws/src/install/ros2_fra2mo/share/ros2_fra2mo/worlds/backup1.sdf
[0.165s] -- Up-to-date: /home/user/ros2_ws/src/install/ros2_fra2mo/share/ros2_fra2mo/worlds/project.sdf
[0.165s] -- Up-to-date: /home/user/ros2_ws/src/install/ros2_fra2mo/share/ros2_fra2mo/config
[0.165s] -- Up-to-date: /home/user/ros2_ws/src/install/ros2_fra2mo/share/ros2_fra2mo/config/slam.yaml
[0.165s] -- Up-to-date: /home/user/ros2_ws/src/install/ros2_fra2mo/share/ros2_fra2mo/config/amcl.yaml
[0.166s] -- Up-to-date: /home/user/ros2_ws/src/install/ros2_fra2mo/share/ros2_fra2mo/config/explore.yaml
[0.166s] -- Up-to-date: /home/user/ros2_ws/src/install/ros2_fra2mo/share/ros2_fra2mo/config/navigation.yaml
[0.166s] -- Up-to-date: /home/user/ros2_ws/src/install/ros2_fra2mo/share/ros2_fra2mo/src
[0.166s] -- Up-to-date: /home/user/ros2_ws/src/install/ros2_fra2mo/share/ros2_fra2mo/src/odom_bl_tf.cpp
[0.166s] -- Up-to-date: /home/user/ros2_ws/src/install/ros2_fra2mo/share/ros2_fra2mo/maps
[0.166s] -- Up-to-date: /home/user/ros2_ws/src/install/ros2_fra2mo/share/ros2_fra2mo/maps/map.pgm
[0.166s] -- Up-to-date: /home/user/ros2_ws/src/install/ros2_fra2mo/share/ros2_fra2mo/maps/sim_map.pgm
[0.166s] -- Up-to-date: /home/user/ros2_ws/src/install/ros2_fra2mo/share/ros2_fra2mo/maps/map.yaml
[0.166s] -- Up-to-date: /home/user/ros2_ws/src/install/ros2_fra2mo/share/ros2_fra2mo/maps/sim_map.yaml
[0.166s] -- Up-to-date: /home/user/ros2_ws/src/install/ros2_fra2mo/share/ros2_fra2mo/scripts
[0.166s] -- Up-to-date: /home/user/ros2_ws/src/install/ros2_fra2mo/share/ros2_fra2mo/scripts/follow_waypoints.py
[0.166s] -- Up-to-date: /home/user/ros2_ws/src/install/ros2_fra2mo/share/ros2_fra2mo/scripts/reach_goal.py
[0.167s] -- Up-to-date: /home/user/ros2_ws/src/install/ros2_fra2mo/share/ros2_fra2mo/rviz_conf
[0.167s] -- Up-to-date: /home/user/ros2_ws/src/install/ros2_fra2mo/share/ros2_fra2mo/rviz_conf/explore.rviz
[0.167s] -- Up-to-date: /home/user/ros2_ws/src/install/ros2_fra2mo/share/ros2_fra2mo/rviz_conf/conf_base.rviz
[0.167s] -- Up-to-date: /home/user/ros2_ws/src/install/ros2_fra2mo/share/ros2_fra2mo/rviz_conf/amcl_view.rviz
[0.167s] -- Up-to-date: /home/user/ros2_ws/src/install/ros2_fra2mo/share/ros2_fra2mo/rviz_conf/slam_view.rviz
[0.167s] -- Up-to-date: /home/user/ros2_ws/src/install/ros2_fra2mo/share/ros2_fra2mo/rviz_conf/fra2mo_conf.rviz
[0.167s] -- Up-to-date: /home/user/ros2_ws/src/install/ros2_fra2mo/share/ros2_fra2mo/rviz_conf/navigation.rviz
[0.167s] -- Up-to-date: /home/user/ros2_ws/src/install/ros2_fra2mo/lib/ros2_fra2mo/dynamic_tf_publisher
[0.167s] -- Up-to-date: /home/user/ros2_ws/src/install/ros2_fra2mo/lib/ros2_fra2mo/reach_goal.py
[0.168s] -- Up-to-date: /home/user/ros2_ws/src/install/ros2_fra2mo/lib/ros2_fra2mo/follow_waypoints.py
[0.168s] -- Up-to-date: /home/user/ros2_ws/src/install/ros2_fra2mo/share/ament_index/resource_index/package_run_dependencies/ros2_fra2mo
[0.168s] -- Up-to-date: /home/user/ros2_ws/src/install/ros2_fra2mo/share/ament_index/resource_index/parent_prefix_path/ros2_fra2mo
[0.168s] -- Up-to-date: /home/user/ros2_ws/src/install/ros2_fra2mo/share/ros2_fra2mo/environment/ament_prefix_path.sh
[0.168s] -- Up-to-date: /home/user/ros2_ws/src/install/ros2_fra2mo/share/ros2_fra2mo/environment/ament_prefix_path.dsv
[0.168s] -- Up-to-date: /home/user/ros2_ws/src/install/ros2_fra2mo/share/ros2_fra2mo/environment/path.sh
[0.168s] -- Up-to-date: /home/user/ros2_ws/src/install/ros2_fra2mo/share/ros2_fra2mo/environment/path.dsv
[0.168s] -- Up-to-date: /home/user/ros2_ws/src/install/ros2_fra2mo/share/ros2_fra2mo/local_setup.bash
[0.168s] -- Up-to-date: /home/user/ros2_ws/src/install/ros2_fra2mo/share/ros2_fra2mo/local_setup.sh
[0.169s] -- Up-to-date: /home/user/ros2_ws/src/install/ros2_fra2mo/share/ros2_fra2mo/local_setup.zsh
[0.169s] -- Up-to-date: /home/user/ros2_ws/src/install/ros2_fra2mo/share/ros2_fra2mo/local_setup.dsv
[0.169s] -- Installing: /home/user/ros2_ws/src/install/ros2_fra2mo/share/ros2_fra2mo/package.dsv
[0.169s] -- Up-to-date: /home/user/ros2_ws/src/install/ros2_fra2mo/share/ament_index/resource_index/packages/ros2_fra2mo
[0.169s] -- Up-to-date: /home/user/ros2_ws/src/install/ros2_fra2mo/share/ros2_fra2mo/cmake/ros2_fra2moConfig.cmake
[0.170s] -- Up-to-date: /home/user/ros2_ws/src/install/ros2_fra2mo/share/ros2_fra2mo/cmake/ros2_fra2moConfig-version.cmake
[0.170s] -- Up-to-date: /home/user/ros2_ws/src/install/ros2_fra2mo/share/ros2_fra2mo/package.xml
[0.209s] Invoked command in '/home/user/ros2_ws/src/build/ros2_fra2mo' returned '0': CMAKE_PREFIX_PATH=${CMAKE_PREFIX_PATH}:/opt/ros/humble /usr/bin/cmake --install /home/user/ros2_ws/src/build/ros2_fra2mo
